<?xml version="1.0" ?>
<coverage branch-rate="0.9034" branches-covered="954" branches-valid="1056" complexity="0" line-rate="0.956" lines-covered="5586" lines-valid="5843" timestamp="1590634368969" version="4.5.4">
	<!-- Generated by coverage.py: https://coverage.readthedocs.io -->
	<!-- Based on https://raw.githubusercontent.com/cobertura/web/master/htdocs/xml/coverage-04.dtd -->
	<sources/>
	<packages>
		<package branch-rate="0.8289" complexity="0" line-rate="0.8084" name=".home.drowland..pyenv.versions.3.7.2.envs.ramstk-py3-pygobject.lib.python3.7.site-packages.ramstk">
			<classes>
				<class branch-rate="1" complexity="0" filename="/home/drowland/.pyenv/versions/3.7.2/envs/ramstk-py3-pygobject/lib/python3.7/site-packages/ramstk/__init__.py" line-rate="1" name="__init__.py">
					<methods/>
					<lines>
						<line hits="1" number="8"/>
					</lines>
				</class>
				<class branch-rate="1" complexity="0" filename="/home/drowland/.pyenv/versions/3.7.2/envs/ramstk-py3-pygobject/lib/python3.7/site-packages/ramstk/__main__.py" line-rate="0" name="__main__.py">
					<methods/>
					<lines>
						<line hits="0" number="8"/>
						<line hits="0" number="33"/>
						<line hits="0" number="45"/>
						<line hits="0" number="46"/>
						<line hits="0" number="48"/>
						<line hits="0" number="51"/>
						<line hits="0" number="52"/>
						<line hits="0" number="53"/>
						<line hits="0" number="55"/>
						<line hits="0" number="58"/>
						<line hits="0" number="66"/>
						<line hits="0" number="67"/>
						<line hits="0" number="69"/>
						<line hits="0" number="72"/>
						<line hits="0" number="73"/>
						<line hits="0" number="74"/>
						<line hits="0" number="76"/>
						<line hits="0" number="79"/>
						<line hits="0" number="89"/>
						<line hits="0" number="90"/>
						<line hits="0" number="92"/>
						<line hits="0" number="96"/>
						<line hits="0" number="97"/>
						<line hits="0" number="98"/>
						<line hits="0" number="100"/>
						<line hits="0" number="103"/>
						<line hits="0" number="105"/>
						<line hits="0" number="106"/>
						<line hits="0" number="107"/>
						<line hits="0" number="111"/>
						<line hits="0" number="112"/>
						<line hits="0" number="114"/>
						<line hits="0" number="116"/>
						<line hits="0" number="117"/>
						<line hits="0" number="126"/>
						<line hits="0" number="128"/>
						<line hits="0" number="130"/>
						<line hits="0" number="132"/>
						<line hits="0" number="133"/>
						<line hits="0" number="135"/>
						<line hits="0" number="137"/>
						<line hits="0" number="139"/>
						<line hits="0" number="141"/>
						<line hits="0" number="144"/>
						<line hits="0" number="145"/>
						<line hits="0" number="146"/>
						<line hits="0" number="147"/>
						<line hits="0" number="148"/>
						<line hits="0" number="149"/>
						<line hits="0" number="151"/>
						<line hits="0" number="152"/>
						<line hits="0" number="153"/>
						<line hits="0" number="154"/>
						<line hits="0" number="155"/>
						<line hits="0" number="157"/>
						<line hits="0" number="158"/>
						<line hits="0" number="160"/>
						<line hits="0" number="161"/>
						<line hits="0" number="162"/>
						<line hits="0" number="163"/>
						<line hits="0" number="164"/>
						<line hits="0" number="165"/>
						<line hits="0" number="167"/>
						<line hits="0" number="168"/>
						<line hits="0" number="169"/>
						<line hits="0" number="173"/>
						<line hits="0" number="174"/>
						<line hits="0" number="176"/>
						<line hits="0" number="182"/>
						<line hits="0" number="187"/>
						<line hits="0" number="189"/>
						<line hits="0" number="191"/>
					</lines>
				</class>
				<class branch-rate="0.7955" complexity="0" filename="/home/drowland/.pyenv/versions/3.7.2/envs/ramstk-py3-pygobject/lib/python3.7/site-packages/ramstk/configuration.py" line-rate="0.9198" name="configuration.py">
					<methods/>
					<lines>
						<line hits="1" number="7"/>
						<line hits="1" number="26"/>
						<line hits="1" number="29"/>
						<line hits="1" number="44"/>
						<line hits="1" number="51"/>
						<line hits="1" number="59"/>
						<line hits="1" number="65"/>
						<line hits="1" number="70"/>
						<line hits="1" number="79"/>
						<line hits="1" number="80"/>
						<line hits="1" number="81"/>
						<line hits="1" number="83"/>
						<line hits="1" number="125"/>
						<line hits="1" number="133"/>
						<line hits="1" number="138"/>
						<line hits="1" number="146"/>
						<line hits="1" number="151"/>
						<line hits="1" number="159"/>
						<line hits="1" number="173"/>
						<line hits="1" number="182"/>
						<line hits="1" number="192"/>
						<line hits="1" number="194"/>
						<line hits="1" number="201"/>
						<line hits="1" number="204"/>
						<line hits="1" number="205"/>
						<line hits="1" number="206"/>
						<line hits="1" number="207"/>
						<line hits="1" number="208"/>
						<line hits="1" number="209"/>
						<line hits="1" number="210"/>
						<line hits="1" number="211"/>
						<line hits="1" number="212"/>
						<line hits="1" number="213"/>
						<line hits="1" number="215"/>
						<line hits="1" number="216"/>
						<line hits="1" number="217"/>
						<line hits="1" number="218"/>
						<line hits="1" number="220"/>
						<line hits="1" number="222"/>
						<line hits="1" number="224"/>
						<line hits="1" number="225"/>
						<line hits="1" number="226"/>
						<line hits="1" number="227"/>
						<line hits="1" number="228"/>
						<line hits="1" number="229"/>
						<line hits="1" number="230"/>
						<line hits="1" number="231"/>
						<line hits="1" number="234"/>
						<line hits="1" number="235"/>
						<line hits="1" number="237"/>
						<line hits="1" number="239"/>
						<line hits="1" number="244"/>
						<line branch="true" condition-coverage="50% (1/2)" hits="1" missing-branches="247" number="245"/>
						<line hits="1" number="246"/>
						<line branch="true" condition-coverage="0% (0/2)" hits="0" missing-branches="248,250" number="247"/>
						<line hits="0" number="248"/>
						<line hits="1" number="250"/>
						<line hits="1" number="252"/>
						<line hits="1" number="259"/>
						<line hits="1" number="271"/>
						<line hits="1" number="272"/>
						<line hits="1" number="274"/>
						<line hits="0" number="275"/>
						<line hits="0" number="276"/>
						<line hits="0" number="279"/>
						<line hits="1" number="282"/>
						<line branch="true" condition-coverage="100% (2/2)" hits="1" number="288"/>
						<line hits="1" number="289"/>
						<line hits="1" number="291"/>
						<line hits="1" number="292"/>
						<line hits="1" number="293"/>
						<line hits="1" number="294"/>
						<line hits="1" number="295"/>
						<line hits="1" number="296"/>
						<line hits="1" number="297"/>
						<line hits="1" number="300"/>
						<line hits="1" number="302"/>
						<line hits="1" number="305"/>
						<line hits="1" number="312"/>
						<line hits="1" number="313"/>
						<line branch="true" condition-coverage="100% (2/2)" hits="1" number="315"/>
						<line hits="1" number="316"/>
						<line hits="1" number="319"/>
						<line hits="1" number="501"/>
						<line hits="1" number="502"/>
						<line hits="1" number="504"/>
						<line hits="1" number="509"/>
						<line hits="1" number="515"/>
						<line hits="1" number="529"/>
						<line hits="1" number="536"/>
						<line hits="1" number="539"/>
						<line hits="1" number="540"/>
						<line hits="1" number="541"/>
						<line hits="1" number="548"/>
						<line hits="1" number="549"/>
						<line hits="1" number="550"/>
						<line hits="1" number="557"/>
						<line hits="1" number="560"/>
						<line hits="1" number="561"/>
						<line hits="1" number="562"/>
						<line hits="1" number="563"/>
						<line hits="1" number="564"/>
						<line hits="1" number="565"/>
						<line hits="1" number="566"/>
						<line hits="1" number="567"/>
						<line hits="1" number="568"/>
						<line hits="1" number="569"/>
						<line hits="1" number="570"/>
						<line branch="true" condition-coverage="50% (1/2)" hits="1" missing-branches="575" number="571"/>
						<line hits="1" number="572"/>
						<line hits="1" number="573"/>
						<line hits="1" number="574"/>
						<line branch="true" condition-coverage="0% (0/2)" hits="0" missing-branches="576,580" number="575"/>
						<line hits="0" number="576"/>
						<line hits="0" number="577"/>
						<line hits="0" number="578"/>
						<line hits="1" number="580"/>
						<line hits="1" number="581"/>
						<line hits="1" number="582"/>
						<line hits="1" number="583"/>
						<line hits="1" number="585"/>
						<line hits="1" number="586"/>
						<line hits="1" number="589"/>
						<line hits="1" number="591"/>
						<line hits="1" number="597"/>
						<line branch="true" condition-coverage="100% (2/2)" hits="1" number="598"/>
						<line hits="1" number="599"/>
						<line hits="1" number="600"/>
						<line hits="0" number="601"/>
						<line hits="1" number="602"/>
						<line hits="1" number="603"/>
						<line hits="1" number="607"/>
						<line hits="1" number="610"/>
						<line hits="1" number="616"/>
						<line branch="true" condition-coverage="100% (2/2)" hits="1" number="617"/>
						<line hits="1" number="618"/>
						<line hits="1" number="619"/>
						<line hits="1" number="620"/>
						<line hits="1" number="621"/>
						<line hits="1" number="625"/>
						<line hits="1" number="628"/>
						<line hits="1" number="634"/>
						<line branch="true" condition-coverage="100% (2/2)" hits="1" number="636"/>
						<line hits="1" number="637"/>
						<line hits="1" number="638"/>
						<line hits="1" number="639"/>
						<line hits="1" number="640"/>
						<line hits="1" number="644"/>
						<line hits="1" number="647"/>
						<line hits="1" number="653"/>
						<line branch="true" condition-coverage="100% (2/2)" hits="1" number="655"/>
						<line hits="1" number="656"/>
						<line hits="1" number="657"/>
						<line hits="1" number="658"/>
						<line hits="1" number="659"/>
						<line hits="1" number="663"/>
						<line hits="1" number="666"/>
						<line branch="true" condition-coverage="100% (2/2)" hits="1" number="672"/>
						<line hits="1" number="673"/>
						<line hits="1" number="674"/>
						<line hits="1" number="675"/>
						<line hits="1" number="676"/>
						<line hits="1" number="680"/>
						<line hits="1" number="683"/>
						<line hits="1" number="693"/>
						<line hits="1" number="694"/>
						<line hits="1" number="695"/>
						<line hits="1" number="696"/>
						<line hits="1" number="697"/>
						<line branch="true" condition-coverage="100% (2/2)" hits="1" number="701"/>
						<line hits="1" number="703"/>
						<line hits="1" number="707"/>
						<line hits="1" number="708"/>
						<line hits="0" number="710"/>
						<line hits="0" number="711"/>
						<line hits="0" number="716"/>
						<line hits="1" number="720"/>
						<line hits="1" number="802"/>
						<line hits="1" number="803"/>
						<line hits="1" number="805"/>
						<line hits="0" number="806"/>
						<line hits="0" number="807"/>
						<line hits="0" number="810"/>
						<line hits="1" number="813"/>
						<line branch="true" condition-coverage="100% (2/2)" hits="1" number="823"/>
						<line hits="1" number="824"/>
						<line branch="true" condition-coverage="100% (2/2)" hits="1" number="826"/>
						<line hits="1" number="827"/>
						<line branch="true" condition-coverage="100% (2/2)" hits="1" number="829"/>
						<line hits="1" number="830"/>
						<line branch="true" condition-coverage="100% (2/2)" hits="1" number="835"/>
						<line hits="1" number="836"/>
						<line hits="1" number="839"/>
						<line hits="1" number="840"/>
						<line hits="1" number="841"/>
						<line hits="1" number="842"/>
						<line hits="1" number="843"/>
						<line hits="1" number="844"/>
						<line hits="1" number="845"/>
						<line hits="1" number="847"/>
						<line hits="1" number="848"/>
						<line hits="1" number="849"/>
						<line hits="1" number="850"/>
						<line hits="1" number="852"/>
						<line hits="1" number="853"/>
						<line hits="1" number="855"/>
						<line hits="1" number="856"/>
						<line hits="1" number="857"/>
						<line hits="1" number="858"/>
						<line hits="1" number="859"/>
						<line hits="1" number="861"/>
						<line hits="1" number="862"/>
						<line branch="true" condition-coverage="50% (1/2)" hits="1" missing-branches="864" number="863"/>
						<line hits="0" number="864"/>
						<line hits="1" number="867"/>
						<line hits="1" number="873"/>
						<line hits="1" number="875"/>
						<line hits="1" number="878"/>
						<line hits="1" number="885"/>
						<line hits="1" number="957"/>
						<line hits="1" number="959"/>
						<line branch="true" condition-coverage="100% (2/2)" hits="1" number="968"/>
						<line hits="1" number="969"/>
						<line hits="1" number="971"/>
						<line hits="1" number="973"/>
						<line branch="true" condition-coverage="50% (1/2)" hits="1" missing-branches="978" number="975"/>
						<line hits="1" number="976"/>
						<line hits="0" number="978"/>
						<line branch="true" condition-coverage="50% (1/2)" hits="1" missing-branches="984" number="981"/>
						<line hits="1" number="982"/>
						<line hits="0" number="984"/>
						<line branch="true" condition-coverage="100% (2/2)" hits="1" number="986"/>
						<line hits="1" number="987"/>
						<line hits="1" number="989"/>
						<line branch="true" condition-coverage="100% (2/2)" hits="1" number="991"/>
						<line hits="1" number="992"/>
						<line hits="1" number="994"/>
					</lines>
				</class>
				<class branch-rate="1" complexity="0" filename="/home/drowland/.pyenv/versions/3.7.2/envs/ramstk-py3-pygobject/lib/python3.7/site-packages/ramstk/exceptions.py" line-rate="1" name="exceptions.py">
					<methods/>
					<lines>
						<line hits="1" number="7"/>
						<line hits="1" number="10"/>
						<line hits="1" number="12"/>
						<line branch="true" condition-coverage="100% (2/2)" hits="1" number="19"/>
						<line hits="1" number="21"/>
						<line hits="1" number="23"/>
						<line hits="1" number="26"/>
						<line hits="1" number="28"/>
						<line hits="1" number="39"/>
						<line hits="1" number="41"/>
						<line hits="1" number="44"/>
						<line hits="1" number="46"/>
						<line hits="1" number="53"/>
						<line hits="1" number="55"/>
					</lines>
				</class>
				<class branch-rate="0.75" complexity="0" filename="/home/drowland/.pyenv/versions/3.7.2/envs/ramstk-py3-pygobject/lib/python3.7/site-packages/ramstk/logger.py" line-rate="1" name="logger.py">
					<methods/>
					<lines>
						<line hits="1" number="7"/>
						<line hits="1" number="20"/>
						<line hits="1" number="24"/>
						<line hits="1" number="26"/>
						<line hits="1" number="40"/>
						<line hits="1" number="45"/>
						<line hits="1" number="48"/>
						<line hits="1" number="50"/>
						<line hits="1" number="51"/>
						<line hits="1" number="53"/>
						<line hits="1" number="54"/>
						<line hits="1" number="55"/>
						<line hits="1" number="56"/>
						<line hits="1" number="57"/>
						<line hits="1" number="58"/>
						<line hits="1" number="59"/>
						<line hits="1" number="60"/>
						<line hits="1" number="61"/>
						<line hits="1" number="62"/>
						<line hits="1" number="63"/>
						<line hits="1" number="65"/>
						<line hits="1" number="66"/>
						<line hits="1" number="67"/>
						<line hits="1" number="68"/>
						<line hits="1" number="69"/>
						<line hits="1" number="70"/>
						<line hits="1" number="71"/>
						<line hits="1" number="72"/>
						<line hits="1" number="73"/>
						<line hits="1" number="74"/>
						<line hits="1" number="75"/>
						<line hits="1" number="76"/>
						<line hits="1" number="77"/>
						<line hits="1" number="78"/>
						<line hits="1" number="79"/>
						<line hits="1" number="80"/>
						<line hits="1" number="81"/>
						<line hits="1" number="82"/>
						<line hits="1" number="83"/>
						<line branch="true" condition-coverage="50% (1/2)" hits="1" missing-branches="89" number="85"/>
						<line hits="1" number="86"/>
						<line hits="1" number="89"/>
						<line hits="1" number="91"/>
						<line hits="1" number="100"/>
						<line hits="1" number="102"/>
						<line hits="1" number="103"/>
						<line hits="1" number="110"/>
						<line hits="1" number="111"/>
						<line hits="1" number="113"/>
						<line hits="1" number="115"/>
						<line hits="1" number="122"/>
						<line hits="1" number="123"/>
						<line hits="1" number="125"/>
						<line hits="1" number="127"/>
						<line hits="1" number="143"/>
						<line hits="1" number="144"/>
						<line hits="1" number="146"/>
						<line branch="true" condition-coverage="100% (2/2)" hits="1" number="147"/>
						<line hits="1" number="148"/>
						<line hits="1" number="150"/>
						<line hits="1" number="152"/>
						<line hits="1" number="161"/>
						<line hits="1" number="163"/>
						<line hits="1" number="172"/>
						<line hits="1" number="174"/>
						<line hits="1" number="183"/>
						<line hits="1" number="185"/>
						<line hits="1" number="194"/>
						<line hits="1" number="196"/>
						<line hits="1" number="205"/>
						<line hits="1" number="207"/>
						<line hits="1" number="216"/>
					</lines>
				</class>
				<class branch-rate="0.6667" complexity="0" filename="/home/drowland/.pyenv/versions/3.7.2/envs/ramstk-py3-pygobject/lib/python3.7/site-packages/ramstk/ramstk.py" line-rate="0.9167" name="ramstk.py">
					<methods/>
					<lines>
						<line hits="1" number="7"/>
						<line hits="1" number="22"/>
						<line hits="1" number="40"/>
						<line hits="1" number="54"/>
						<line hits="1" number="100"/>
						<line hits="1" number="101"/>
						<line hits="1" number="104"/>
						<line hits="1" number="105"/>
						<line hits="1" number="106"/>
						<line hits="1" number="107"/>
						<line hits="1" number="108"/>
						<line hits="1" number="110"/>
						<line hits="1" number="123"/>
						<line hits="1" number="126"/>
						<line hits="1" number="127"/>
						<line hits="1" number="128"/>
						<line hits="1" number="132"/>
						<line hits="1" number="144"/>
						<line hits="1" number="146"/>
						<line hits="1" number="147"/>
						<line hits="1" number="148"/>
						<line hits="1" number="150"/>
						<line branch="true" condition-coverage="50% (1/2)" hits="1" missing-branches="152" number="151"/>
						<line hits="0" number="152"/>
						<line hits="0" number="154"/>
						<line branch="true" condition-coverage="50% (1/2)" hits="1" missing-branches="157" number="156"/>
						<line hits="0" number="157"/>
						<line hits="0" number="161"/>
						<line branch="true" condition-coverage="100% (2/2)" hits="1" number="163"/>
						<line hits="1" number="164"/>
						<line hits="1" number="167"/>
						<line hits="1" number="169"/>
						<line hits="1" number="170"/>
						<line hits="1" number="173"/>
						<line hits="1" number="181"/>
						<line hits="1" number="182"/>
						<line hits="1" number="183"/>
						<line hits="1" number="184"/>
						<line hits="1" number="185"/>
						<line hits="1" number="187"/>
						<line hits="1" number="190"/>
						<line hits="1" number="191"/>
						<line hits="1" number="198"/>
						<line hits="1" number="199"/>
						<line hits="1" number="200"/>
						<line hits="1" number="201"/>
						<line hits="1" number="202"/>
						<line hits="1" number="203"/>
					</lines>
				</class>
				<class branch-rate="0.95" complexity="0" filename="/home/drowland/.pyenv/versions/3.7.2/envs/ramstk-py3-pygobject/lib/python3.7/site-packages/ramstk/utilities.py" line-rate="0.9825" name="utilities.py">
					<methods/>
					<lines>
						<line hits="1" number="7"/>
						<line hits="1" number="20"/>
						<line hits="1" number="23"/>
						<line hits="1" number="31"/>
						<line hits="1" number="32"/>
						<line hits="1" number="33"/>
						<line hits="1" number="34"/>
						<line hits="1" number="37"/>
						<line hits="1" number="46"/>
						<line hits="1" number="49"/>
						<line hits="1" number="57"/>
						<line hits="1" number="60"/>
						<line hits="1" number="70"/>
						<line branch="true" condition-coverage="100% (2/2)" hits="1" number="71"/>
						<line hits="1" number="72"/>
						<line hits="1" number="74"/>
						<line hits="1" number="77"/>
						<line hits="1" number="85"/>
						<line branch="true" condition-coverage="100% (2/2)" hits="1" number="86"/>
						<line hits="1" number="87"/>
						<line hits="1" number="89"/>
						<line hits="1" number="92"/>
						<line hits="1" number="102"/>
						<line hits="1" number="103"/>
						<line hits="1" number="104"/>
						<line hits="1" number="105"/>
						<line hits="1" number="106"/>
						<line hits="1" number="109"/>
						<line hits="1" number="118"/>
						<line hits="1" number="120"/>
						<line hits="1" number="122"/>
						<line hits="1" number="130"/>
						<line branch="true" condition-coverage="100% (2/2)" hits="1" number="132"/>
						<line hits="1" number="133"/>
						<line hits="1" number="135"/>
						<line hits="1" number="138"/>
						<line hits="1" number="150"/>
						<line branch="true" condition-coverage="100% (2/2)" hits="1" number="152"/>
						<line hits="1" number="153"/>
						<line hits="1" number="155"/>
						<line hits="1" number="158"/>
						<line hits="1" number="166"/>
						<line hits="1" number="168"/>
						<line branch="true" condition-coverage="100% (2/2)" hits="1" number="170"/>
						<line hits="1" number="172"/>
						<line hits="1" number="174"/>
						<line hits="1" number="177"/>
						<line hits="1" number="180"/>
						<line hits="1" number="181"/>
						<line hits="1" number="182"/>
						<line branch="true" condition-coverage="100% (6/6)" hits="1" number="185"/>
						<line branch="true" condition-coverage="100% (2/2)" hits="1" number="196"/>
						<line hits="1" number="197"/>
						<line hits="1" number="198"/>
						<line branch="true" condition-coverage="50% (1/2)" hits="1" missing-branches="202" number="201"/>
						<line hits="0" number="202"/>
						<line hits="1" number="204"/>
					</lines>
				</class>
			</classes>
		</package>
		<package branch-rate="0.9853" complexity="0" line-rate="0.9909" name=".home.drowland..pyenv.versions.3.7.2.envs.ramstk-py3-pygobject.lib.python3.7.site-packages.ramstk.analyses">
			<classes>
				<class branch-rate="1" complexity="0" filename="/home/drowland/.pyenv/versions/3.7.2/envs/ramstk-py3-pygobject/lib/python3.7/site-packages/ramstk/analyses/__init__.py" line-rate="1" name="__init__.py">
					<methods/>
					<lines>
						<line hits="1" number="2"/>
					</lines>
				</class>
				<class branch-rate="0.9583" complexity="0" filename="/home/drowland/.pyenv/versions/3.7.2/envs/ramstk-py3-pygobject/lib/python3.7/site-packages/ramstk/analyses/allocation.py" line-rate="0.9932" name="allocation.py">
					<methods/>
					<lines>
						<line hits="1" number="7"/>
						<line hits="1" number="17"/>
						<line hits="1" number="32"/>
						<line hits="1" number="34"/>
						<line hits="1" number="35"/>
						<line hits="1" number="36"/>
						<line hits="1" number="37"/>
						<line hits="1" number="38"/>
						<line hits="1" number="40"/>
						<line hits="1" number="41"/>
						<line hits="1" number="43"/>
						<line hits="1" number="44"/>
						<line hits="1" number="45"/>
						<line branch="true" condition-coverage="100% (2/2)" hits="1" number="46"/>
						<line hits="1" number="47"/>
						<line hits="1" number="53"/>
						<line hits="1" number="54"/>
						<line hits="1" number="64"/>
						<line hits="1" number="67"/>
						<line hits="1" number="79"/>
						<line hits="1" number="80"/>
						<line hits="1" number="81"/>
						<line hits="1" number="82"/>
						<line hits="1" number="83"/>
						<line hits="1" number="84"/>
						<line hits="1" number="86"/>
						<line hits="1" number="87"/>
						<line hits="1" number="88"/>
						<line hits="1" number="96"/>
						<line hits="1" number="97"/>
						<line hits="1" number="98"/>
						<line hits="1" number="100"/>
						<line hits="1" number="103"/>
						<line hits="1" number="115"/>
						<line hits="1" number="116"/>
						<line hits="1" number="117"/>
						<line hits="1" number="118"/>
						<line hits="1" number="119"/>
						<line hits="1" number="121"/>
						<line hits="1" number="123"/>
						<line hits="1" number="124"/>
						<line hits="1" number="125"/>
						<line branch="true" condition-coverage="100% (2/2)" hits="1" number="126"/>
						<line branch="true" condition-coverage="50% (1/2)" hits="1" missing-branches="136" number="127"/>
						<line hits="1" number="128"/>
						<line hits="0" number="136"/>
						<line branch="true" condition-coverage="100% (2/2)" hits="1" number="137"/>
						<line hits="1" number="138"/>
						<line hits="1" number="144"/>
						<line hits="1" number="145"/>
						<line hits="1" number="153"/>
						<line hits="1" number="156"/>
						<line hits="1" number="169"/>
						<line hits="1" number="170"/>
						<line hits="1" number="171"/>
						<line hits="1" number="172"/>
						<line hits="1" number="173"/>
						<line hits="1" number="175"/>
						<line hits="1" number="176"/>
						<line hits="1" number="178"/>
						<line hits="1" number="180"/>
						<line hits="1" number="181"/>
						<line hits="1" number="182"/>
						<line hits="1" number="185"/>
						<line hits="1" number="186"/>
						<line hits="1" number="187"/>
						<line hits="1" number="188"/>
						<line hits="1" number="189"/>
						<line hits="1" number="190"/>
						<line hits="1" number="191"/>
						<line hits="1" number="204"/>
						<line hits="1" number="207"/>
						<line hits="1" number="216"/>
						<line hits="1" number="217"/>
						<line hits="1" number="218"/>
						<line hits="1" number="219"/>
						<line hits="1" number="220"/>
						<line hits="1" number="221"/>
						<line hits="1" number="222"/>
						<line hits="1" number="223"/>
						<line hits="1" number="224"/>
						<line hits="1" number="231"/>
						<line hits="1" number="232"/>
						<line hits="1" number="234"/>
						<line hits="1" number="237"/>
						<line hits="1" number="246"/>
						<line hits="1" number="247"/>
						<line hits="1" number="248"/>
						<line hits="1" number="249"/>
						<line hits="1" number="250"/>
						<line hits="1" number="251"/>
						<line hits="1" number="252"/>
						<line hits="1" number="253"/>
						<line hits="1" number="254"/>
						<line hits="1" number="260"/>
						<line hits="1" number="261"/>
						<line hits="1" number="263"/>
						<line hits="1" number="266"/>
						<line hits="1" number="275"/>
						<line hits="1" number="276"/>
						<line hits="1" number="277"/>
						<line hits="1" number="278"/>
						<line hits="1" number="279"/>
						<line hits="1" number="280"/>
						<line hits="1" number="281"/>
						<line hits="1" number="282"/>
						<line hits="1" number="283"/>
						<line hits="1" number="290"/>
						<line hits="1" number="291"/>
						<line hits="1" number="293"/>
						<line hits="1" number="296"/>
						<line branch="true" condition-coverage="100% (2/2)" hits="1" number="308"/>
						<line hits="1" number="309"/>
						<line branch="true" condition-coverage="100% (2/2)" hits="1" number="310"/>
						<line hits="1" number="311"/>
						<line branch="true" condition-coverage="100% (2/2)" hits="1" number="312"/>
						<line hits="1" number="313"/>
						<line branch="true" condition-coverage="100% (2/2)" hits="1" number="314"/>
						<line hits="1" number="315"/>
						<line hits="1" number="319"/>
						<line hits="1" number="320"/>
						<line hits="1" number="321"/>
						<line hits="1" number="322"/>
						<line hits="1" number="323"/>
						<line hits="1" number="324"/>
						<line hits="1" number="326"/>
						<line hits="1" number="329"/>
						<line branch="true" condition-coverage="100% (2/2)" hits="1" number="337"/>
						<line hits="1" number="338"/>
						<line branch="true" condition-coverage="100% (2/2)" hits="1" number="339"/>
						<line hits="1" number="340"/>
						<line branch="true" condition-coverage="100% (2/2)" hits="1" number="341"/>
						<line hits="1" number="342"/>
						<line hits="1" number="344"/>
						<line hits="1" number="345"/>
						<line hits="1" number="346"/>
						<line hits="1" number="347"/>
						<line hits="1" number="348"/>
						<line hits="1" number="349"/>
						<line hits="1" number="351"/>
						<line hits="1" number="354"/>
						<line hits="1" number="357"/>
						<line branch="true" condition-coverage="100% (2/2)" hits="1" number="370"/>
						<line hits="1" number="371"/>
						<line hits="1" number="373"/>
						<line hits="1" number="375"/>
					</lines>
				</class>
				<class branch-rate="1" complexity="0" filename="/home/drowland/.pyenv/versions/3.7.2/envs/ramstk-py3-pygobject/lib/python3.7/site-packages/ramstk/analyses/criticality.py" line-rate="1" name="criticality.py">
					<methods/>
					<lines>
						<line hits="1" number="7"/>
						<line hits="1" number="13"/>
						<line branch="true" condition-coverage="100% (2/2)" hits="1" number="37"/>
						<line hits="1" number="38"/>
						<line branch="true" condition-coverage="100% (2/2)" hits="1" number="39"/>
						<line hits="1" number="40"/>
						<line branch="true" condition-coverage="100% (2/2)" hits="1" number="41"/>
						<line hits="1" number="42"/>
						<line hits="1" number="44"/>
						<line hits="1" number="47"/>
						<line hits="1" number="50"/>
						<line branch="true" condition-coverage="100% (2/2)" hits="1" number="67"/>
						<line hits="1" number="68"/>
						<line branch="true" condition-coverage="100% (2/2)" hits="1" number="70"/>
						<line hits="1" number="71"/>
						<line hits="1" number="75"/>
						<line hits="1" number="78"/>
						<line branch="true" condition-coverage="100% (2/2)" hits="1" number="96"/>
						<line hits="1" number="97"/>
						<line branch="true" condition-coverage="100% (2/2)" hits="1" number="100"/>
						<line hits="1" number="101"/>
						<line hits="1" number="105"/>
					</lines>
				</class>
				<class branch-rate="1" complexity="0" filename="/home/drowland/.pyenv/versions/3.7.2/envs/ramstk-py3-pygobject/lib/python3.7/site-packages/ramstk/analyses/derating.py" line-rate="1" name="derating.py">
					<methods/>
					<lines>
						<line hits="1" number="7"/>
						<line hits="1" number="10"/>
						<line hits="1" number="65"/>
						<line branch="true" condition-coverage="100% (2/2)" hits="1" number="67"/>
						<line hits="1" number="68"/>
						<line branch="true" condition-coverage="100% (2/2)" hits="1" number="69"/>
						<line hits="1" number="70"/>
						<line branch="true" condition-coverage="100% (2/2)" hits="1" number="71"/>
						<line hits="1" number="72"/>
						<line hits="1" number="74"/>
					</lines>
				</class>
				<class branch-rate="1" complexity="0" filename="/home/drowland/.pyenv/versions/3.7.2/envs/ramstk-py3-pygobject/lib/python3.7/site-packages/ramstk/analyses/dormancy.py" line-rate="1" name="dormancy.py">
					<methods/>
					<lines>
						<line hits="1" number="7"/>
						<line hits="1" number="12"/>
						<line hits="1" number="80"/>
						<line branch="true" condition-coverage="100% (2/2)" hits="1" number="143"/>
						<line branch="true" condition-coverage="100% (2/2)" hits="1" number="144"/>
						<line hits="1" number="145"/>
						<line hits="1" number="150"/>
						<line hits="1" number="155"/>
						<line hits="1" number="160"/>
					</lines>
				</class>
				<class branch-rate="1" complexity="0" filename="/home/drowland/.pyenv/versions/3.7.2/envs/ramstk-py3-pygobject/lib/python3.7/site-packages/ramstk/analyses/fha.py" line-rate="1" name="fha.py">
					<methods/>
					<lines>
						<line hits="1" number="7"/>
						<line hits="1" number="20"/>
						<line hits="1" number="27"/>
						<line hits="1" number="37"/>
						<line hits="1" number="50"/>
						<line hits="1" number="51"/>
						<line hits="1" number="52"/>
						<line hits="1" number="53"/>
						<line hits="1" number="58"/>
						<line hits="1" number="77"/>
						<line hits="1" number="81"/>
						<line hits="1" number="95"/>
						<line hits="1" number="109"/>
						<line hits="1" number="123"/>
						<line hits="1" number="137"/>
						<line hits="1" number="152"/>
						<line hits="1" number="155"/>
						<line hits="1" number="166"/>
						<line branch="true" condition-coverage="100% (2/2)" hits="1" number="167"/>
						<line hits="1" number="168"/>
						<line hits="1" number="169"/>
						<line hits="1" number="170"/>
						<line hits="1" number="171"/>
						<line hits="1" number="172"/>
						<line hits="1" number="174"/>
						<line hits="1" number="177"/>
						<line hits="1" number="188"/>
						<line branch="true" condition-coverage="100% (2/2)" hits="1" number="189"/>
						<line hits="1" number="190"/>
						<line hits="1" number="191"/>
						<line hits="1" number="192"/>
						<line hits="1" number="193"/>
						<line hits="1" number="194"/>
						<line hits="1" number="196"/>
						<line hits="1" number="199"/>
						<line hits="1" number="212"/>
						<line branch="true" condition-coverage="100% (2/2)" hits="1" number="213"/>
						<line hits="1" number="214"/>
						<line hits="1" number="215"/>
						<line branch="true" condition-coverage="100% (2/2)" hits="1" number="216"/>
						<line hits="1" number="217"/>
						<line hits="1" number="219"/>
						<line hits="1" number="220"/>
						<line hits="1" number="221"/>
						<line hits="1" number="223"/>
						<line hits="1" number="226"/>
						<line hits="1" number="240"/>
						<line branch="true" condition-coverage="100% (2/2)" hits="1" number="241"/>
						<line hits="1" number="242"/>
						<line hits="1" number="243"/>
						<line hits="1" number="244"/>
						<line hits="1" number="245"/>
						<line hits="1" number="246"/>
						<line hits="1" number="248"/>
					</lines>
				</class>
				<class branch-rate="1" complexity="0" filename="/home/drowland/.pyenv/versions/3.7.2/envs/ramstk-py3-pygobject/lib/python3.7/site-packages/ramstk/analyses/improvementfactor.py" line-rate="0.92" name="improvementfactor.py">
					<methods/>
					<lines>
						<line hits="1" number="7"/>
						<line hits="1" number="13"/>
						<line hits="1" number="27"/>
						<line hits="1" number="28"/>
						<line hits="0" number="29"/>
						<line hits="0" number="30"/>
						<line hits="1" number="31"/>
						<line hits="1" number="32"/>
						<line hits="1" number="33"/>
						<line hits="1" number="34"/>
						<line hits="1" number="35"/>
						<line hits="1" number="36"/>
						<line hits="1" number="37"/>
						<line hits="1" number="38"/>
						<line hits="1" number="39"/>
						<line hits="1" number="40"/>
						<line hits="1" number="41"/>
						<line hits="1" number="42"/>
						<line hits="1" number="43"/>
						<line hits="1" number="44"/>
						<line hits="1" number="45"/>
						<line hits="1" number="46"/>
						<line hits="1" number="48"/>
						<line hits="1" number="49"/>
						<line hits="1" number="52"/>
					</lines>
				</class>
				<class branch-rate="1" complexity="0" filename="/home/drowland/.pyenv/versions/3.7.2/envs/ramstk-py3-pygobject/lib/python3.7/site-packages/ramstk/analyses/similaritem.py" line-rate="1" name="similaritem.py">
					<methods/>
					<lines>
						<line hits="1" number="7"/>
						<line hits="1" number="12"/>
						<line hits="1" number="50"/>
						<line hits="1" number="68"/>
						<line hits="1" number="121"/>
						<line hits="1" number="144"/>
						<line hits="1" number="145"/>
						<line hits="1" number="147"/>
						<line hits="1" number="148"/>
						<line hits="1" number="150"/>
						<line hits="1" number="153"/>
						<line hits="1" number="156"/>
						<line hits="1" number="159"/>
						<line hits="1" number="180"/>
						<line hits="1" number="186"/>
						<line hits="1" number="215"/>
						<line hits="1" number="244"/>
						<line hits="1" number="273"/>
						<line hits="1" number="302"/>
						<line hits="1" number="332"/>
						<line hits="1" number="335"/>
						<line branch="true" condition-coverage="100% (2/2)" hits="1" number="346"/>
						<line hits="1" number="347"/>
						<line hits="1" number="348"/>
						<line hits="1" number="349"/>
						<line hits="1" number="350"/>
						<line hits="1" number="351"/>
						<line hits="1" number="353"/>
						<line hits="1" number="356"/>
						<line branch="true" condition-coverage="100% (2/2)" hits="1" number="365"/>
						<line hits="1" number="366"/>
						<line hits="1" number="367"/>
						<line hits="1" number="368"/>
						<line hits="1" number="369"/>
						<line hits="1" number="370"/>
						<line hits="1" number="372"/>
						<line hits="1" number="375"/>
						<line branch="true" condition-coverage="100% (2/2)" hits="1" number="384"/>
						<line hits="1" number="385"/>
						<line hits="1" number="386"/>
						<line hits="1" number="387"/>
						<line hits="1" number="388"/>
						<line hits="1" number="389"/>
						<line hits="1" number="391"/>
						<line hits="1" number="394"/>
						<line branch="true" condition-coverage="100% (2/2)" hits="1" number="403"/>
						<line hits="1" number="404"/>
						<line hits="1" number="405"/>
						<line hits="1" number="406"/>
						<line hits="1" number="407"/>
						<line hits="1" number="408"/>
						<line hits="1" number="410"/>
						<line hits="1" number="413"/>
						<line branch="true" condition-coverage="100% (2/2)" hits="1" number="426"/>
						<line hits="1" number="427"/>
						<line hits="1" number="428"/>
						<line hits="1" number="429"/>
						<line hits="1" number="430"/>
						<line hits="1" number="431"/>
						<line hits="1" number="433"/>
					</lines>
				</class>
				<class branch-rate="1" complexity="0" filename="/home/drowland/.pyenv/versions/3.7.2/envs/ramstk-py3-pygobject/lib/python3.7/site-packages/ramstk/analyses/stress.py" line-rate="1" name="stress.py">
					<methods/>
					<lines>
						<line hits="1" number="7"/>
						<line hits="1" number="10"/>
						<line hits="1" number="44"/>
					</lines>
				</class>
			</classes>
		</package>
		<package branch-rate="0.95" complexity="0" line-rate="0.9714" name=".home.drowland..pyenv.versions.3.7.2.envs.ramstk-py3-pygobject.lib.python3.7.site-packages.ramstk.analyses.milhdbk217f">
			<classes>
				<class branch-rate="1" complexity="0" filename="/home/drowland/.pyenv/versions/3.7.2/envs/ramstk-py3-pygobject/lib/python3.7/site-packages/ramstk/analyses/milhdbk217f/__init__.py" line-rate="1" name="__init__.py">
					<methods/>
					<lines>
						<line hits="1" number="2"/>
					</lines>
				</class>
				<class branch-rate="0.95" complexity="0" filename="/home/drowland/.pyenv/versions/3.7.2/envs/ramstk-py3-pygobject/lib/python3.7/site-packages/ramstk/analyses/milhdbk217f/milhdbk217f.py" line-rate="0.971" name="milhdbk217f.py">
					<methods/>
					<lines>
						<line hits="1" number="9"/>
						<line hits="1" number="24"/>
						<line hits="1" number="35"/>
						<line branch="true" condition-coverage="100% (2/2)" hits="1" number="53"/>
						<line hits="1" number="54"/>
						<line branch="true" condition-coverage="100% (2/2)" hits="1" number="55"/>
						<line hits="1" number="56"/>
						<line hits="1" number="59"/>
						<line branch="true" condition-coverage="100% (2/2)" hits="1" number="62"/>
						<line hits="1" number="63"/>
						<line hits="1" number="69"/>
						<line hits="1" number="71"/>
						<line hits="1" number="74"/>
						<line hits="1" number="78"/>
						<line hits="1" number="89"/>
						<line branch="true" condition-coverage="100% (2/2)" hits="1" number="107"/>
						<line hits="1" number="108"/>
						<line branch="true" condition-coverage="100% (2/2)" hits="1" number="114"/>
						<line hits="1" number="115"/>
						<line branch="true" condition-coverage="100% (2/2)" hits="1" number="119"/>
						<line hits="1" number="120"/>
						<line hits="1" number="123"/>
						<line hits="1" number="125"/>
						<line hits="1" number="128"/>
						<line hits="1" number="150"/>
						<line branch="true" condition-coverage="100% (2/2)" hits="1" number="167"/>
						<line hits="1" number="168"/>
						<line branch="true" condition-coverage="100% (2/2)" hits="1" number="170"/>
						<line hits="1" number="173"/>
						<line hits="1" number="176"/>
						<line hits="1" number="178"/>
						<line hits="1" number="181"/>
						<line hits="1" number="201"/>
						<line branch="true" condition-coverage="100% (2/2)" hits="1" number="216"/>
						<line hits="1" number="217"/>
						<line branch="true" condition-coverage="100% (2/2)" hits="1" number="218"/>
						<line hits="1" number="219"/>
						<line branch="true" condition-coverage="100% (2/2)" hits="1" number="220"/>
						<line hits="1" number="221"/>
						<line hits="1" number="223"/>
						<line hits="1" number="225"/>
						<line hits="1" number="228"/>
						<line hits="1" number="243"/>
						<line branch="true" condition-coverage="100% (2/2)" hits="1" number="257"/>
						<line hits="1" number="258"/>
						<line branch="true" condition-coverage="100% (2/2)" hits="1" number="259"/>
						<line hits="1" number="262"/>
						<line branch="true" condition-coverage="100% (2/2)" hits="1" number="263"/>
						<line hits="1" number="264"/>
						<line branch="true" condition-coverage="100% (2/2)" hits="1" number="265"/>
						<line hits="1" number="266"/>
						<line branch="true" condition-coverage="100% (2/2)" hits="1" number="267"/>
						<line hits="1" number="268"/>
						<line branch="true" condition-coverage="100% (2/2)" hits="1" number="269"/>
						<line hits="1" number="270"/>
						<line hits="1" number="272"/>
						<line hits="1" number="274"/>
						<line hits="1" number="278"/>
						<line hits="1" number="293"/>
						<line branch="true" condition-coverage="100% (2/2)" hits="1" number="294"/>
						<line hits="1" number="295"/>
						<line branch="true" condition-coverage="50% (1/2)" hits="1" missing-branches="299" number="296"/>
						<line hits="1" number="297"/>
						<line hits="1" number="299"/>
						<line hits="1" number="305"/>
						<line branch="true" condition-coverage="50% (1/2)" hits="1" missing-branches="320" number="306"/>
						<line hits="1" number="307"/>
						<line hits="0" number="320"/>
						<line hits="0" number="321"/>
					</lines>
				</class>
			</classes>
		</package>
		<package branch-rate="0.9728" complexity="0" line-rate="0.9989" name=".home.drowland..pyenv.versions.3.7.2.envs.ramstk-py3-pygobject.lib.python3.7.site-packages.ramstk.analyses.milhdbk217f.models">
			<classes>
				<class branch-rate="1" complexity="0" filename="/home/drowland/.pyenv/versions/3.7.2/envs/ramstk-py3-pygobject/lib/python3.7/site-packages/ramstk/analyses/milhdbk217f/models/__init__.py" line-rate="1" name="__init__.py">
					<methods/>
					<lines>
						<line hits="1" number="2"/>
					</lines>
				</class>
				<class branch-rate="1" complexity="0" filename="/home/drowland/.pyenv/versions/3.7.2/envs/ramstk-py3-pygobject/lib/python3.7/site-packages/ramstk/analyses/milhdbk217f/models/capacitor.py" line-rate="1" name="capacitor.py">
					<methods/>
					<lines>
						<line hits="1" number="8"/>
						<line hits="1" number="14"/>
						<line hits="1" number="98"/>
						<line hits="1" number="99"/>
						<line hits="1" number="120"/>
						<line hits="1" number="121"/>
						<line hits="1" number="122"/>
						<line hits="1" number="126"/>
						<line hits="1" number="139"/>
						<line hits="1" number="150"/>
						<line hits="1" number="171"/>
						<line hits="1" number="172"/>
						<line hits="1" number="173"/>
						<line hits="1" number="175"/>
						<line hits="1" number="178"/>
						<line hits="1" number="190"/>
						<line hits="1" number="195"/>
						<line hits="1" number="205"/>
						<line hits="1" number="208"/>
						<line hits="1" number="211"/>
						<line branch="true" condition-coverage="100% (2/2)" hits="1" number="214"/>
						<line hits="1" number="215"/>
						<line hits="1" number="218"/>
						<line branch="true" condition-coverage="100% (2/2)" hits="1" number="220"/>
						<line hits="1" number="221"/>
						<line hits="1" number="222"/>
						<line branch="true" condition-coverage="100% (2/2)" hits="1" number="224"/>
						<line hits="1" number="225"/>
						<line hits="1" number="227"/>
						<line hits="1" number="231"/>
						<line hits="1" number="234"/>
						<line hits="1" number="252"/>
						<line hits="1" number="274"/>
						<line hits="1" number="275"/>
						<line hits="1" number="276"/>
						<line hits="1" number="277"/>
						<line hits="1" number="278"/>
						<line hits="1" number="279"/>
						<line hits="1" number="280"/>
						<line hits="1" number="283"/>
						<line hits="1" number="286"/>
						<line hits="1" number="302"/>
						<line branch="true" condition-coverage="100% (2/2)" hits="1" number="305"/>
						<line hits="1" number="306"/>
						<line branch="true" condition-coverage="100% (2/2)" hits="1" number="307"/>
						<line hits="1" number="308"/>
						<line branch="true" condition-coverage="100% (2/2)" hits="1" number="309"/>
						<line hits="1" number="310"/>
						<line branch="true" condition-coverage="100% (2/2)" hits="1" number="311"/>
						<line hits="1" number="312"/>
						<line branch="true" condition-coverage="100% (2/2)" hits="1" number="313"/>
						<line hits="1" number="314"/>
						<line hits="1" number="316"/>
						<line hits="1" number="318"/>
						<line hits="1" number="321"/>
						<line hits="1" number="330"/>
						<line hits="1" number="333"/>
						<line hits="1" number="342"/>
						<line hits="1" number="345"/>
						<line branch="true" condition-coverage="100% (2/2)" hits="1" number="429"/>
						<line hits="1" number="430"/>
						<line hits="1" number="433"/>
						<line hits="1" number="436"/>
					</lines>
				</class>
				<class branch-rate="1" complexity="0" filename="/home/drowland/.pyenv/versions/3.7.2/envs/ramstk-py3-pygobject/lib/python3.7/site-packages/ramstk/analyses/milhdbk217f/models/connection.py" line-rate="1" name="connection.py">
					<methods/>
					<lines>
						<line hits="1" number="7"/>
						<line hits="1" number="13"/>
						<line hits="1" number="70"/>
						<line hits="1" number="71"/>
						<line hits="1" number="75"/>
						<line hits="1" number="76"/>
						<line hits="1" number="110"/>
						<line hits="1" number="111"/>
						<line hits="1" number="114"/>
						<line hits="1" number="122"/>
						<line hits="1" number="125"/>
						<line branch="true" condition-coverage="100% (2/2)" hits="1" number="133"/>
						<line hits="1" number="134"/>
						<line hits="1" number="136"/>
						<line hits="1" number="138"/>
						<line hits="1" number="141"/>
						<line hits="1" number="173"/>
						<line hits="1" number="175"/>
						<line hits="1" number="176"/>
						<line hits="1" number="178"/>
						<line hits="1" number="181"/>
						<line hits="1" number="192"/>
						<line hits="1" number="197"/>
						<line hits="1" number="209"/>
						<line hits="1" number="211"/>
						<line hits="1" number="213"/>
						<line hits="1" number="215"/>
						<line branch="true" condition-coverage="100% (2/2)" hits="1" number="217"/>
						<line hits="1" number="218"/>
						<line hits="1" number="222"/>
						<line hits="1" number="223"/>
						<line hits="1" number="226"/>
						<line hits="1" number="230"/>
						<line branch="true" condition-coverage="100% (2/2)" hits="1" number="232"/>
						<line hits="1" number="233"/>
						<line branch="true" condition-coverage="100% (2/2)" hits="1" number="235"/>
						<line hits="1" number="236"/>
						<line branch="true" condition-coverage="100% (2/2)" hits="1" number="241"/>
						<line hits="1" number="242"/>
						<line hits="1" number="245"/>
						<line hits="1" number="249"/>
						<line hits="1" number="252"/>
						<line hits="1" number="276"/>
						<line hits="1" number="284"/>
						<line hits="1" number="285"/>
						<line hits="1" number="286"/>
						<line hits="1" number="287"/>
						<line branch="true" condition-coverage="100% (2/2)" hits="1" number="289"/>
						<line hits="1" number="290"/>
						<line branch="true" condition-coverage="100% (2/2)" hits="1" number="291"/>
						<line hits="1" number="292"/>
						<line hits="1" number="294"/>
						<line hits="1" number="297"/>
						<line hits="1" number="300"/>
						<line hits="1" number="318"/>
						<line hits="1" number="352"/>
						<line hits="1" number="355"/>
						<line branch="true" condition-coverage="100% (2/2)" hits="1" number="364"/>
						<line hits="1" number="365"/>
						<line branch="true" condition-coverage="100% (2/2)" hits="1" number="366"/>
						<line hits="1" number="367"/>
						<line branch="true" condition-coverage="100% (2/2)" hits="1" number="368"/>
						<line hits="1" number="369"/>
						<line branch="true" condition-coverage="100% (2/2)" hits="1" number="370"/>
						<line hits="1" number="371"/>
						<line hits="1" number="373"/>
						<line hits="1" number="375"/>
						<line hits="1" number="378"/>
						<line branch="true" condition-coverage="100% (2/2)" hits="1" number="419"/>
						<line hits="1" number="420"/>
						<line hits="1" number="423"/>
						<line hits="1" number="426"/>
					</lines>
				</class>
				<class branch-rate="1" complexity="0" filename="/home/drowland/.pyenv/versions/3.7.2/envs/ramstk-py3-pygobject/lib/python3.7/site-packages/ramstk/analyses/milhdbk217f/models/crystal.py" line-rate="1" name="crystal.py">
					<methods/>
					<lines>
						<line hits="1" number="8"/>
						<line hits="1" number="13"/>
						<line hits="1" number="17"/>
						<line hits="1" number="18"/>
						<line hits="1" number="19"/>
						<line hits="1" number="25"/>
						<line hits="1" number="36"/>
						<line hits="1" number="39"/>
						<line hits="1" number="51"/>
						<line hits="1" number="53"/>
						<line hits="1" number="57"/>
						<line hits="1" number="60"/>
						<line hits="1" number="70"/>
					</lines>
				</class>
				<class branch-rate="1" complexity="0" filename="/home/drowland/.pyenv/versions/3.7.2/envs/ramstk-py3-pygobject/lib/python3.7/site-packages/ramstk/analyses/milhdbk217f/models/efilter.py" line-rate="1" name="efilter.py">
					<methods/>
					<lines>
						<line hits="1" number="7"/>
						<line hits="1" number="12"/>
						<line hits="1" number="24"/>
						<line hits="1" number="25"/>
						<line hits="1" number="28"/>
						<line hits="1" number="31"/>
						<line hits="1" number="42"/>
						<line hits="1" number="46"/>
						<line hits="1" number="56"/>
						<line hits="1" number="58"/>
						<line hits="1" number="62"/>
						<line hits="1" number="65"/>
						<line hits="1" number="77"/>
					</lines>
				</class>
				<class branch-rate="1" complexity="0" filename="/home/drowland/.pyenv/versions/3.7.2/envs/ramstk-py3-pygobject/lib/python3.7/site-packages/ramstk/analyses/milhdbk217f/models/fuse.py" line-rate="1" name="fuse.py">
					<methods/>
					<lines>
						<line hits="1" number="7"/>
						<line hits="1" number="12"/>
						<line hits="1" number="16"/>
						<line hits="1" number="22"/>
						<line hits="1" number="33"/>
						<line hits="1" number="36"/>
						<line hits="1" number="47"/>
						<line hits="1" number="49"/>
						<line hits="1" number="52"/>
						<line hits="1" number="61"/>
					</lines>
				</class>
				<class branch-rate="0.9167" complexity="0" filename="/home/drowland/.pyenv/versions/3.7.2/envs/ramstk-py3-pygobject/lib/python3.7/site-packages/ramstk/analyses/milhdbk217f/models/inductor.py" line-rate="0.9804" name="inductor.py">
					<methods/>
					<lines>
						<line hits="1" number="7"/>
						<line hits="1" number="13"/>
						<line hits="1" number="43"/>
						<line hits="1" number="44"/>
						<line hits="1" number="53"/>
						<line hits="1" number="63"/>
						<line hits="1" number="81"/>
						<line hits="1" number="89"/>
						<line hits="1" number="92"/>
						<line hits="1" number="103"/>
						<line hits="1" number="110"/>
						<line hits="1" number="121"/>
						<line hits="1" number="122"/>
						<line hits="1" number="126"/>
						<line branch="true" condition-coverage="50% (1/2)" hits="1" missing-branches="130" number="128"/>
						<line hits="0" number="130"/>
						<line branch="true" condition-coverage="100% (2/2)" hits="1" number="132"/>
						<line hits="1" number="133"/>
						<line branch="true" condition-coverage="100% (2/2)" hits="1" number="136"/>
						<line hits="1" number="137"/>
						<line branch="true" condition-coverage="100% (2/2)" hits="1" number="140"/>
						<line hits="1" number="141"/>
						<line hits="1" number="145"/>
						<line hits="1" number="146"/>
						<line hits="1" number="148"/>
						<line hits="1" number="152"/>
						<line branch="true" condition-coverage="100% (2/2)" hits="1" number="155"/>
						<line hits="1" number="156"/>
						<line hits="1" number="159"/>
						<line hits="1" number="162"/>
						<line hits="1" number="175"/>
						<line hits="1" number="192"/>
						<line hits="1" number="193"/>
						<line hits="1" number="194"/>
						<line hits="1" number="195"/>
						<line hits="1" number="197"/>
						<line hits="1" number="200"/>
						<line hits="1" number="214"/>
						<line hits="1" number="217"/>
						<line hits="1" number="228"/>
						<line hits="1" number="231"/>
						<line hits="1" number="242"/>
						<line hits="1" number="245"/>
						<line hits="1" number="285"/>
						<line hits="1" number="289"/>
						<line branch="true" condition-coverage="100% (2/2)" hits="1" number="302"/>
						<line hits="1" number="303"/>
						<line hits="1" number="305"/>
						<line hits="1" number="307"/>
						<line hits="1" number="310"/>
						<line hits="1" number="320"/>
					</lines>
				</class>
				<class branch-rate="0.9773" complexity="0" filename="/home/drowland/.pyenv/versions/3.7.2/envs/ramstk-py3-pygobject/lib/python3.7/site-packages/ramstk/analyses/milhdbk217f/models/integratedcircuit.py" line-rate="1" name="integratedcircuit.py">
					<methods/>
					<lines>
						<line hits="1" number="8"/>
						<line hits="1" number="14"/>
						<line hits="1" number="37"/>
						<line hits="1" number="49"/>
						<line hits="1" number="56"/>
						<line hits="1" number="332"/>
						<line hits="1" number="333"/>
						<line hits="1" number="336"/>
						<line hits="1" number="337"/>
						<line hits="1" number="340"/>
						<line hits="1" number="350"/>
						<line hits="1" number="353"/>
						<line hits="1" number="365"/>
						<line hits="1" number="368"/>
						<line hits="1" number="383"/>
						<line hits="1" number="386"/>
						<line branch="true" condition-coverage="100% (2/2)" hits="1" number="387"/>
						<line hits="1" number="388"/>
						<line hits="1" number="391"/>
						<line branch="true" condition-coverage="100% (2/2)" hits="1" number="392"/>
						<line branch="true" condition-coverage="100% (2/2)" hits="1" number="393"/>
						<line hits="1" number="394"/>
						<line hits="1" number="396"/>
						<line hits="1" number="398"/>
						<line hits="1" number="401"/>
						<line hits="1" number="405"/>
						<line hits="1" number="406"/>
						<line hits="1" number="408"/>
						<line hits="1" number="411"/>
						<line branch="true" condition-coverage="100% (2/2)" hits="1" number="426"/>
						<line hits="1" number="427"/>
						<line hits="1" number="428"/>
						<line branch="true" condition-coverage="100% (2/2)" hits="1" number="429"/>
						<line hits="1" number="430"/>
						<line hits="1" number="431"/>
						<line hits="1" number="433"/>
						<line hits="1" number="434"/>
						<line hits="1" number="436"/>
						<line hits="1" number="441"/>
						<line hits="1" number="449"/>
						<line hits="1" number="452"/>
						<line hits="1" number="460"/>
						<line hits="1" number="463"/>
						<line branch="true" condition-coverage="100% (2/2)" hits="1" number="473"/>
						<line hits="1" number="474"/>
						<line branch="true" condition-coverage="100% (2/2)" hits="1" number="475"/>
						<line hits="1" number="476"/>
						<line branch="true" condition-coverage="100% (2/2)" hits="1" number="477"/>
						<line hits="1" number="478"/>
						<line branch="true" condition-coverage="100% (2/2)" hits="1" number="479"/>
						<line hits="1" number="480"/>
						<line hits="1" number="482"/>
						<line hits="1" number="484"/>
						<line hits="1" number="485"/>
						<line hits="1" number="487"/>
						<line hits="1" number="490"/>
						<line hits="1" number="502"/>
						<line hits="1" number="508"/>
						<line hits="1" number="519"/>
						<line hits="1" number="522"/>
						<line hits="1" number="525"/>
						<line branch="true" condition-coverage="100% (2/2)" hits="1" number="528"/>
						<line hits="1" number="529"/>
						<line hits="1" number="532"/>
						<line hits="1" number="534"/>
						<line branch="true" condition-coverage="100% (2/2)" hits="1" number="538"/>
						<line hits="1" number="539"/>
						<line hits="1" number="542"/>
						<line branch="true" condition-coverage="100% (2/2)" hits="1" number="544"/>
						<line hits="1" number="545"/>
						<line hits="1" number="547"/>
						<line hits="1" number="550"/>
						<line hits="1" number="554"/>
						<line hits="1" number="556"/>
						<line branch="true" condition-coverage="100% (2/2)" hits="1" number="561"/>
						<line hits="1" number="562"/>
						<line hits="1" number="565"/>
						<line hits="1" number="567"/>
						<line hits="1" number="569"/>
						<line branch="true" condition-coverage="50% (1/2)" hits="1" missing-branches="592" number="573"/>
						<line hits="1" number="574"/>
						<line hits="1" number="576"/>
						<line hits="1" number="578"/>
						<line hits="1" number="580"/>
						<line hits="1" number="582"/>
						<line hits="1" number="584"/>
						<line hits="1" number="587"/>
						<line hits="1" number="592"/>
						<line hits="1" number="595"/>
						<line hits="1" number="606"/>
						<line hits="1" number="609"/>
						<line hits="1" number="626"/>
						<line branch="true" condition-coverage="100% (2/2)" hits="1" number="644"/>
						<line hits="1" number="645"/>
						<line branch="true" condition-coverage="100% (2/2)" hits="1" number="646"/>
						<line hits="1" number="647"/>
						<line hits="1" number="649"/>
						<line branch="true" condition-coverage="100% (2/2)" hits="1" number="651"/>
						<line hits="1" number="652"/>
						<line branch="true" condition-coverage="100% (2/2)" hits="1" number="654"/>
						<line hits="1" number="655"/>
						<line hits="1" number="658"/>
						<line hits="1" number="660"/>
						<line hits="1" number="663"/>
						<line branch="true" condition-coverage="100% (2/2)" hits="1" number="671"/>
						<line hits="1" number="672"/>
						<line hits="1" number="674"/>
						<line hits="1" number="676"/>
						<line hits="1" number="679"/>
						<line hits="1" number="688"/>
						<line hits="1" number="691"/>
						<line branch="true" condition-coverage="100% (2/2)" hits="1" number="699"/>
						<line hits="1" number="700"/>
						<line hits="1" number="702"/>
						<line hits="1" number="704"/>
						<line hits="1" number="707"/>
						<line hits="1" number="716"/>
						<line hits="1" number="719"/>
						<line hits="1" number="781"/>
						<line branch="true" condition-coverage="100% (2/2)" hits="1" number="799"/>
						<line hits="1" number="800"/>
						<line hits="1" number="803"/>
						<line branch="true" condition-coverage="100% (2/2)" hits="1" number="805"/>
						<line hits="1" number="806"/>
						<line hits="1" number="809"/>
						<line hits="1" number="812"/>
					</lines>
				</class>
				<class branch-rate="1" complexity="0" filename="/home/drowland/.pyenv/versions/3.7.2/envs/ramstk-py3-pygobject/lib/python3.7/site-packages/ramstk/analyses/milhdbk217f/models/lamp.py" line-rate="1" name="lamp.py">
					<methods/>
					<lines>
						<line hits="1" number="7"/>
						<line hits="1" number="12"/>
						<line hits="1" number="22"/>
						<line hits="1" number="25"/>
						<line hits="1" number="36"/>
						<line hits="1" number="40"/>
						<line hits="1" number="51"/>
						<line branch="true" condition-coverage="100% (2/2)" hits="1" number="54"/>
						<line hits="1" number="55"/>
						<line branch="true" condition-coverage="100% (2/2)" hits="1" number="56"/>
						<line hits="1" number="57"/>
						<line hits="1" number="59"/>
						<line hits="1" number="62"/>
						<line hits="1" number="64"/>
						<line hits="1" number="68"/>
						<line hits="1" number="71"/>
						<line hits="1" number="86"/>
					</lines>
				</class>
				<class branch-rate="0.8889" complexity="0" filename="/home/drowland/.pyenv/versions/3.7.2/envs/ramstk-py3-pygobject/lib/python3.7/site-packages/ramstk/analyses/milhdbk217f/models/meter.py" line-rate="1" name="meter.py">
					<methods/>
					<lines>
						<line hits="1" number="7"/>
						<line hits="1" number="12"/>
						<line hits="1" number="38"/>
						<line hits="1" number="39"/>
						<line hits="1" number="40"/>
						<line hits="1" number="41"/>
						<line hits="1" number="51"/>
						<line hits="1" number="54"/>
						<line hits="1" number="65"/>
						<line hits="1" number="70"/>
						<line hits="1" number="81"/>
						<line hits="1" number="83"/>
						<line branch="true" condition-coverage="100% (2/2)" hits="1" number="87"/>
						<line hits="1" number="88"/>
						<line hits="1" number="89"/>
						<line hits="1" number="91"/>
						<line branch="true" condition-coverage="100% (2/2)" hits="1" number="93"/>
						<line hits="1" number="94"/>
						<line branch="true" condition-coverage="50% (1/2)" hits="1" missing-branches="102" number="98"/>
						<line hits="1" number="99"/>
						<line hits="1" number="102"/>
						<line hits="1" number="105"/>
						<line hits="1" number="141"/>
						<line hits="1" number="145"/>
						<line branch="true" condition-coverage="100% (2/2)" hits="1" number="159"/>
						<line hits="1" number="160"/>
						<line branch="true" condition-coverage="100% (2/2)" hits="1" number="161"/>
						<line hits="1" number="162"/>
						<line hits="1" number="164"/>
						<line hits="1" number="166"/>
						<line hits="1" number="169"/>
						<line hits="1" number="183"/>
						<line branch="true" condition-coverage="100% (2/2)" hits="1" number="185"/>
						<line hits="1" number="186"/>
						<line branch="true" condition-coverage="100% (2/2)" hits="1" number="187"/>
						<line hits="1" number="188"/>
						<line branch="true" condition-coverage="100% (2/2)" hits="1" number="189"/>
						<line hits="1" number="190"/>
						<line branch="true" condition-coverage="50% (1/2)" hits="1" missing-branches="194" number="191"/>
						<line hits="1" number="192"/>
						<line hits="1" number="194"/>
					</lines>
				</class>
				<class branch-rate="0.9615" complexity="0" filename="/home/drowland/.pyenv/versions/3.7.2/envs/ramstk-py3-pygobject/lib/python3.7/site-packages/ramstk/analyses/milhdbk217f/models/relay.py" line-rate="1" name="relay.py">
					<methods/>
					<lines>
						<line hits="1" number="8"/>
						<line hits="1" number="14"/>
						<line hits="1" number="52"/>
						<line hits="1" number="53"/>
						<line hits="1" number="54"/>
						<line hits="1" number="55"/>
						<line hits="1" number="71"/>
						<line hits="1" number="144"/>
						<line branch="true" condition-coverage="100% (2/2)" hits="1" number="153"/>
						<line hits="1" number="154"/>
						<line branch="true" condition-coverage="100% (2/2)" hits="1" number="155"/>
						<line hits="1" number="156"/>
						<line branch="true" condition-coverage="100% (2/2)" hits="1" number="157"/>
						<line hits="1" number="158"/>
						<line hits="1" number="160"/>
						<line hits="1" number="162"/>
						<line hits="1" number="165"/>
						<line branch="true" condition-coverage="100% (2/2)" hits="1" number="177"/>
						<line hits="1" number="178"/>
						<line branch="true" condition-coverage="100% (2/2)" hits="1" number="179"/>
						<line hits="1" number="180"/>
						<line branch="true" condition-coverage="100% (2/2)" hits="1" number="181"/>
						<line hits="1" number="182"/>
						<line hits="1" number="184"/>
						<line hits="1" number="186"/>
						<line hits="1" number="189"/>
						<line hits="1" number="200"/>
						<line hits="1" number="205"/>
						<line hits="1" number="216"/>
						<line hits="1" number="219"/>
						<line hits="1" number="221"/>
						<line hits="1" number="223"/>
						<line hits="1" number="226"/>
						<line branch="true" condition-coverage="100% (2/2)" hits="1" number="230"/>
						<line hits="1" number="231"/>
						<line hits="1" number="234"/>
						<line branch="true" condition-coverage="100% (2/2)" hits="1" number="237"/>
						<line hits="1" number="238"/>
						<line hits="1" number="244"/>
						<line hits="1" number="247"/>
						<line hits="1" number="260"/>
						<line hits="1" number="264"/>
						<line branch="true" condition-coverage="100% (2/2)" hits="1" number="266"/>
						<line hits="1" number="267"/>
						<line hits="1" number="268"/>
						<line hits="1" number="269"/>
						<line hits="1" number="270"/>
						<line branch="true" condition-coverage="50% (1/2)" hits="1" missing-branches="274" number="271"/>
						<line hits="1" number="272"/>
						<line hits="1" number="274"/>
						<line hits="1" number="277"/>
						<line branch="true" condition-coverage="100% (2/2)" hits="1" number="293"/>
						<line hits="1" number="294"/>
						<line hits="1" number="296"/>
						<line hits="1" number="298"/>
						<line hits="1" number="302"/>
						<line branch="true" condition-coverage="100% (2/2)" hits="1" number="315"/>
						<line hits="1" number="316"/>
						<line hits="1" number="318"/>
						<line branch="true" condition-coverage="100% (2/2)" hits="1" number="320"/>
						<line hits="1" number="321"/>
						<line hits="1" number="323"/>
						<line hits="1" number="325"/>
						<line hits="1" number="328"/>
						<line hits="1" number="365"/>
					</lines>
				</class>
				<class branch-rate="0.9286" complexity="0" filename="/home/drowland/.pyenv/versions/3.7.2/envs/ramstk-py3-pygobject/lib/python3.7/site-packages/ramstk/analyses/milhdbk217f/models/resistor.py" line-rate="1" name="resistor.py">
					<methods/>
					<lines>
						<line hits="1" number="7"/>
						<line hits="1" number="13"/>
						<line hits="1" number="91"/>
						<line hits="1" number="92"/>
						<line hits="1" number="109"/>
						<line hits="1" number="110"/>
						<line hits="1" number="168"/>
						<line hits="1" number="213"/>
						<line hits="1" number="222"/>
						<line hits="1" number="236"/>
						<line hits="1" number="239"/>
						<line hits="1" number="250"/>
						<line hits="1" number="253"/>
						<line hits="1" number="264"/>
						<line hits="1" number="265"/>
						<line hits="1" number="266"/>
						<line hits="1" number="268"/>
						<line hits="1" number="269"/>
						<line hits="1" number="270"/>
						<line hits="1" number="271"/>
						<line hits="1" number="272"/>
						<line hits="1" number="273"/>
						<line hits="1" number="274"/>
						<line hits="1" number="275"/>
						<line branch="true" condition-coverage="100% (2/2)" hits="1" number="278"/>
						<line hits="1" number="279"/>
						<line hits="1" number="280"/>
						<line hits="1" number="281"/>
						<line hits="1" number="282"/>
						<line branch="true" condition-coverage="100% (2/2)" hits="1" number="285"/>
						<line hits="1" number="286"/>
						<line hits="1" number="287"/>
						<line hits="1" number="289"/>
						<line branch="true" condition-coverage="100% (2/2)" hits="1" number="290"/>
						<line hits="1" number="291"/>
						<line branch="true" condition-coverage="100% (2/2)" hits="1" number="292"/>
						<line hits="1" number="293"/>
						<line branch="true" condition-coverage="100% (2/2)" hits="1" number="294"/>
						<line hits="1" number="295"/>
						<line branch="true" condition-coverage="100% (2/2)" hits="1" number="297"/>
						<line hits="1" number="298"/>
						<line hits="1" number="300"/>
						<line hits="1" number="302"/>
						<line hits="1" number="305"/>
						<line hits="1" number="319"/>
						<line hits="1" number="320"/>
						<line hits="1" number="321"/>
						<line hits="1" number="322"/>
						<line hits="1" number="323"/>
						<line hits="1" number="325"/>
						<line hits="1" number="340"/>
						<line branch="true" condition-coverage="100% (2/2)" hits="1" number="347"/>
						<line hits="1" number="348"/>
						<line hits="1" number="349"/>
						<line hits="1" number="350"/>
						<line hits="1" number="351"/>
						<line hits="1" number="352"/>
						<line hits="1" number="353"/>
						<line hits="1" number="354"/>
						<line branch="true" condition-coverage="100% (2/2)" hits="1" number="355"/>
						<line hits="1" number="356"/>
						<line hits="1" number="357"/>
						<line hits="1" number="358"/>
						<line hits="1" number="359"/>
						<line hits="1" number="360"/>
						<line hits="1" number="361"/>
						<line hits="1" number="362"/>
						<line branch="true" condition-coverage="100% (2/2)" hits="1" number="364"/>
						<line hits="1" number="365"/>
						<line branch="true" condition-coverage="100% (2/2)" hits="1" number="366"/>
						<line hits="1" number="367"/>
						<line hits="1" number="369"/>
						<line hits="1" number="374"/>
						<line hits="1" number="376"/>
						<line hits="1" number="379"/>
						<line hits="1" number="391"/>
						<line hits="1" number="392"/>
						<line hits="1" number="394"/>
						<line hits="1" number="395"/>
						<line hits="1" number="398"/>
						<line hits="1" number="399"/>
						<line hits="1" number="401"/>
						<line hits="1" number="404"/>
						<line hits="1" number="474"/>
						<line hits="1" number="475"/>
						<line hits="1" number="476"/>
						<line branch="true" condition-coverage="100% (2/2)" hits="1" number="478"/>
						<line hits="1" number="479"/>
						<line hits="1" number="482"/>
						<line hits="1" number="485"/>
						<line hits="1" number="487"/>
						<line hits="1" number="490"/>
						<line hits="1" number="504"/>
						<line hits="1" number="505"/>
						<line hits="1" number="506"/>
						<line hits="1" number="507"/>
						<line hits="1" number="509"/>
						<line hits="1" number="525"/>
						<line branch="true" condition-coverage="100% (2/2)" hits="1" number="527"/>
						<line hits="1" number="528"/>
						<line branch="true" condition-coverage="100% (2/2)" hits="1" number="529"/>
						<line hits="1" number="530"/>
						<line hits="1" number="532"/>
						<line branch="true" condition-coverage="50% (1/2)" hits="1" missing-branches="545" number="534"/>
						<line hits="1" number="535"/>
						<line branch="true" condition-coverage="100% (2/2)" hits="1" number="536"/>
						<line hits="1" number="537"/>
						<line branch="true" condition-coverage="100% (2/2)" hits="1" number="545"/>
						<line hits="1" number="546"/>
						<line branch="true" condition-coverage="50% (1/2)" hits="1" missing-branches="551" number="548"/>
						<line hits="1" number="549"/>
						<line hits="1" number="551"/>
						<line hits="1" number="553"/>
						<line hits="1" number="556"/>
						<line hits="1" number="567"/>
						<line hits="1" number="568"/>
						<line hits="1" number="570"/>
						<line hits="1" number="571"/>
						<line branch="true" condition-coverage="100% (2/2)" hits="1" number="572"/>
						<line hits="1" number="573"/>
						<line branch="true" condition-coverage="100% (2/2)" hits="1" number="574"/>
						<line hits="1" number="575"/>
						<line branch="true" condition-coverage="50% (1/2)" hits="1" missing-branches="584" number="577"/>
						<line hits="1" number="578"/>
						<line branch="true" condition-coverage="100% (2/2)" hits="1" number="579"/>
						<line hits="1" number="582"/>
						<line hits="1" number="584"/>
						<line hits="1" number="586"/>
					</lines>
				</class>
				<class branch-rate="1" complexity="0" filename="/home/drowland/.pyenv/versions/3.7.2/envs/ramstk-py3-pygobject/lib/python3.7/site-packages/ramstk/analyses/milhdbk217f/models/semiconductor.py" line-rate="1" name="semiconductor.py">
					<methods/>
					<lines>
						<line hits="1" number="9"/>
						<line hits="1" number="15"/>
						<line hits="1" number="117"/>
						<line hits="1" number="147"/>
						<line hits="1" number="161"/>
						<line hits="1" number="164"/>
						<line hits="1" number="178"/>
						<line hits="1" number="186"/>
						<line hits="1" number="194"/>
						<line hits="1" number="198"/>
						<line hits="1" number="202"/>
						<line hits="1" number="216"/>
						<line hits="1" number="220"/>
						<line hits="1" number="230"/>
						<line hits="1" number="232"/>
						<line hits="1" number="288"/>
						<line hits="1" number="291"/>
						<line hits="1" number="302"/>
						<line hits="1" number="303"/>
						<line hits="1" number="304"/>
						<line hits="1" number="306"/>
						<line branch="true" condition-coverage="100% (2/2)" hits="1" number="307"/>
						<line hits="1" number="308"/>
						<line branch="true" condition-coverage="100% (2/2)" hits="1" number="309"/>
						<line branch="true" condition-coverage="100% (2/2)" hits="1" number="310"/>
						<line hits="1" number="311"/>
						<line hits="1" number="313"/>
						<line branch="true" condition-coverage="100% (2/2)" hits="1" number="314"/>
						<line branch="true" condition-coverage="100% (2/2)" hits="1" number="315"/>
						<line hits="1" number="316"/>
						<line hits="1" number="318"/>
						<line hits="1" number="320"/>
						<line hits="1" number="322"/>
						<line hits="1" number="324"/>
						<line hits="1" number="327"/>
						<line hits="1" number="338"/>
						<line hits="1" number="339"/>
						<line hits="1" number="340"/>
						<line hits="1" number="342"/>
						<line branch="true" condition-coverage="100% (2/2)" hits="1" number="343"/>
						<line branch="true" condition-coverage="100% (2/2)" hits="1" number="344"/>
						<line hits="1" number="345"/>
						<line branch="true" condition-coverage="100% (2/2)" hits="1" number="346"/>
						<line hits="1" number="347"/>
						<line hits="1" number="349"/>
						<line branch="true" condition-coverage="100% (2/2)" hits="1" number="350"/>
						<line hits="1" number="351"/>
						<line branch="true" condition-coverage="100% (2/2)" hits="1" number="352"/>
						<line branch="true" condition-coverage="100% (2/2)" hits="1" number="353"/>
						<line hits="1" number="354"/>
						<line hits="1" number="356"/>
						<line hits="1" number="358"/>
						<line hits="1" number="360"/>
						<line hits="1" number="362"/>
						<line hits="1" number="365"/>
						<line hits="1" number="385"/>
						<line hits="1" number="386"/>
						<line hits="1" number="387"/>
						<line hits="1" number="388"/>
						<line hits="1" number="389"/>
						<line hits="1" number="391"/>
						<line branch="true" condition-coverage="100% (2/2)" hits="1" number="392"/>
						<line hits="1" number="393"/>
						<line branch="true" condition-coverage="100% (2/2)" hits="1" number="394"/>
						<line hits="1" number="395"/>
						<line hits="1" number="396"/>
						<line hits="1" number="398"/>
						<line hits="1" number="399"/>
						<line hits="1" number="400"/>
						<line hits="1" number="402"/>
						<line hits="1" number="405"/>
						<line hits="1" number="413"/>
						<line hits="1" number="414"/>
						<line hits="1" number="416"/>
						<line hits="1" number="419"/>
						<line hits="1" number="431"/>
						<line hits="1" number="432"/>
						<line hits="1" number="433"/>
						<line hits="1" number="434"/>
						<line hits="1" number="435"/>
						<line hits="1" number="436"/>
						<line hits="1" number="437"/>
						<line hits="1" number="439"/>
						<line hits="1" number="440"/>
						<line hits="1" number="441"/>
						<line hits="1" number="442"/>
						<line hits="1" number="443"/>
						<line hits="1" number="444"/>
						<line hits="1" number="445"/>
						<line hits="1" number="448"/>
						<line hits="1" number="449"/>
						<line hits="1" number="450"/>
						<line hits="1" number="453"/>
						<line hits="1" number="454"/>
						<line hits="1" number="455"/>
						<line hits="1" number="458"/>
						<line hits="1" number="459"/>
						<line hits="1" number="460"/>
						<line hits="1" number="461"/>
						<line hits="1" number="462"/>
						<line hits="1" number="463"/>
						<line hits="1" number="465"/>
						<line branch="true" condition-coverage="100% (2/2)" hits="1" number="467"/>
						<line hits="1" number="468"/>
						<line branch="true" condition-coverage="100% (2/2)" hits="1" number="469"/>
						<line hits="1" number="470"/>
						<line branch="true" condition-coverage="100% (2/2)" hits="1" number="471"/>
						<line hits="1" number="472"/>
						<line branch="true" condition-coverage="100% (2/2)" hits="1" number="473"/>
						<line hits="1" number="474"/>
						<line branch="true" condition-coverage="100% (2/2)" hits="1" number="475"/>
						<line hits="1" number="476"/>
						<line branch="true" condition-coverage="100% (2/2)" hits="1" number="477"/>
						<line hits="1" number="478"/>
						<line branch="true" condition-coverage="100% (2/2)" hits="1" number="479"/>
						<line hits="1" number="480"/>
						<line hits="1" number="482"/>
						<line hits="1" number="484"/>
						<line hits="1" number="487"/>
						<line hits="1" number="500"/>
						<line hits="1" number="501"/>
						<line hits="1" number="502"/>
						<line hits="1" number="503"/>
						<line hits="1" number="504"/>
						<line hits="1" number="505"/>
						<line hits="1" number="507"/>
						<line hits="1" number="513"/>
						<line hits="1" number="525"/>
						<line branch="true" condition-coverage="100% (2/2)" hits="1" number="526"/>
						<line hits="1" number="527"/>
						<line branch="true" condition-coverage="100% (2/2)" hits="1" number="528"/>
						<line hits="1" number="529"/>
						<line branch="true" condition-coverage="100% (2/2)" hits="1" number="531"/>
						<line branch="true" condition-coverage="100% (2/2)" hits="1" number="532"/>
						<line hits="1" number="533"/>
						<line hits="1" number="535"/>
						<line branch="true" condition-coverage="100% (2/2)" hits="1" number="537"/>
						<line branch="true" condition-coverage="100% (2/2)" hits="1" number="538"/>
						<line hits="1" number="539"/>
						<line hits="1" number="541"/>
						<line hits="1" number="543"/>
						<line hits="1" number="545"/>
						<line hits="1" number="547"/>
						<line hits="1" number="550"/>
						<line hits="1" number="563"/>
						<line hits="1" number="564"/>
						<line hits="1" number="565"/>
						<line hits="1" number="566"/>
						<line hits="1" number="568"/>
						<line branch="true" condition-coverage="100% (2/2)" hits="1" number="569"/>
						<line branch="true" condition-coverage="100% (2/2)" hits="1" number="570"/>
						<line hits="1" number="571"/>
						<line hits="1" number="573"/>
						<line branch="true" condition-coverage="100% (2/2)" hits="1" number="574"/>
						<line branch="true" condition-coverage="100% (2/2)" hits="1" number="575"/>
						<line hits="1" number="576"/>
						<line hits="1" number="578"/>
						<line branch="true" condition-coverage="100% (2/2)" hits="1" number="579"/>
						<line hits="1" number="580"/>
						<line hits="1" number="582"/>
						<line hits="1" number="584"/>
						<line hits="1" number="586"/>
						<line hits="1" number="589"/>
						<line hits="1" number="601"/>
						<line hits="1" number="602"/>
						<line hits="1" number="603"/>
						<line hits="1" number="604"/>
						<line branch="true" condition-coverage="100% (2/2)" hits="1" number="606"/>
						<line hits="1" number="607"/>
						<line branch="true" condition-coverage="100% (2/2)" hits="1" number="608"/>
						<line hits="1" number="609"/>
[...]
						<line hits="1" number="156"/>
						<line hits="1" number="157"/>
						<line hits="1" number="158"/>
						<line hits="1" number="160"/>
						<line hits="1" number="174"/>
						<line hits="1" number="205"/>
					</lines>
				</class>
				<class branch-rate="1" complexity="0" filename="/home/drowland/.pyenv/versions/3.7.2/envs/ramstk-py3-pygobject/lib/python3.7/site-packages/ramstk/models/programdb/ramstknswc.py" line-rate="1" name="ramstknswc.py">
					<methods/>
					<lines>
						<line hits="1" number="7"/>
						<line hits="1" number="19"/>
						<line hits="1" number="26"/>
						<line hits="1" number="85"/>
						<line hits="1" number="86"/>
						<line hits="1" number="88"/>
						<line hits="1" number="96"/>
						<line hits="1" number="97"/>
						<line hits="1" number="98"/>
						<line hits="1" number="99"/>
						<line hits="1" number="100"/>
						<line hits="1" number="101"/>
						<line hits="1" number="102"/>
						<line hits="1" number="103"/>
						<line hits="1" number="104"/>
						<line hits="1" number="105"/>
						<line hits="1" number="106"/>
						<line hits="1" number="107"/>
						<line hits="1" number="108"/>
						<line hits="1" number="109"/>
						<line hits="1" number="110"/>
						<line hits="1" number="111"/>
						<line hits="1" number="112"/>
						<line hits="1" number="113"/>
						<line hits="1" number="114"/>
						<line hits="1" number="115"/>
						<line hits="1" number="116"/>
						<line hits="1" number="117"/>
						<line hits="1" number="118"/>
						<line hits="1" number="119"/>
						<line hits="1" number="120"/>
						<line hits="1" number="121"/>
						<line hits="1" number="122"/>
						<line hits="1" number="123"/>
						<line hits="1" number="124"/>
						<line hits="1" number="125"/>
						<line hits="1" number="126"/>
						<line hits="1" number="127"/>
						<line hits="1" number="128"/>
						<line hits="1" number="129"/>
						<line hits="1" number="130"/>
						<line hits="1" number="131"/>
						<line hits="1" number="132"/>
						<line hits="1" number="133"/>
						<line hits="1" number="134"/>
						<line hits="1" number="135"/>
						<line hits="1" number="136"/>
						<line hits="1" number="137"/>
						<line hits="1" number="138"/>
						<line hits="1" number="139"/>
						<line hits="1" number="140"/>
						<line hits="1" number="141"/>
						<line hits="1" number="142"/>
						<line hits="1" number="143"/>
						<line hits="1" number="144"/>
						<line hits="1" number="145"/>
						<line hits="1" number="146"/>
						<line hits="1" number="147"/>
						<line hits="1" number="148"/>
						<line hits="1" number="149"/>
						<line hits="1" number="150"/>
						<line hits="1" number="151"/>
						<line hits="1" number="152"/>
						<line hits="1" number="155"/>
						<line hits="1" number="157"/>
						<line hits="1" number="168"/>
						<line hits="1" number="229"/>
					</lines>
				</class>
				<class branch-rate="1" complexity="0" filename="/home/drowland/.pyenv/versions/3.7.2/envs/ramstk-py3-pygobject/lib/python3.7/site-packages/ramstk/models/programdb/ramstkopload.py" line-rate="1" name="ramstkopload.py">
					<methods/>
					<lines>
						<line hits="1" number="7"/>
						<line hits="1" number="18"/>
						<line hits="1" number="27"/>
						<line hits="1" number="28"/>
						<line hits="1" number="29"/>
						<line hits="1" number="31"/>
						<line hits="1" number="37"/>
						<line hits="1" number="45"/>
						<line hits="1" number="48"/>
						<line hits="1" number="51"/>
						<line hits="1" number="56"/>
						<line hits="1" number="57"/>
						<line hits="1" number="62"/>
						<line hits="1" number="68"/>
						<line hits="1" number="69"/>
						<line hits="1" number="70"/>
						<line hits="1" number="71"/>
						<line hits="1" number="72"/>
						<line hits="1" number="74"/>
						<line hits="1" number="82"/>
						<line hits="1" number="90"/>
					</lines>
				</class>
				<class branch-rate="1" complexity="0" filename="/home/drowland/.pyenv/versions/3.7.2/envs/ramstk-py3-pygobject/lib/python3.7/site-packages/ramstk/models/programdb/ramstkopstress.py" line-rate="1" name="ramstkopstress.py">
					<methods/>
					<lines>
						<line hits="1" number="7"/>
						<line hits="1" number="18"/>
						<line hits="1" number="25"/>
						<line hits="1" number="31"/>
						<line hits="1" number="32"/>
						<line hits="1" number="34"/>
						<line hits="1" number="40"/>
						<line hits="1" number="48"/>
						<line hits="1" number="51"/>
						<line hits="1" number="54"/>
						<line hits="1" number="57"/>
						<line hits="1" number="60"/>
						<line hits="1" number="62"/>
						<line hits="1" number="63"/>
						<line hits="1" number="64"/>
						<line hits="1" number="65"/>
						<line hits="1" number="66"/>
						<line hits="1" number="68"/>
						<line hits="1" number="76"/>
						<line hits="1" number="85"/>
					</lines>
				</class>
				<class branch-rate="1" complexity="0" filename="/home/drowland/.pyenv/versions/3.7.2/envs/ramstk-py3-pygobject/lib/python3.7/site-packages/ramstk/models/programdb/ramstkprograminfo.py" line-rate="1" name="ramstkprograminfo.py">
					<methods/>
					<lines>
						<line hits="1" number="8"/>
						<line hits="1" number="21"/>
						<line hits="1" number="28"/>
						<line hits="1" number="47"/>
						<line hits="1" number="48"/>
						<line hits="1" number="50"/>
						<line hits="1" number="55"/>
						<line hits="1" number="58"/>
						<line hits="1" number="61"/>
						<line hits="1" number="64"/>
						<line hits="1" number="67"/>
						<line hits="1" number="70"/>
						<line hits="1" number="73"/>
						<line hits="1" number="76"/>
						<line hits="1" number="79"/>
						<line hits="1" number="82"/>
						<line hits="1" number="85"/>
						<line hits="1" number="88"/>
						<line hits="1" number="91"/>
						<line hits="1" number="94"/>
						<line hits="1" number="97"/>
						<line hits="1" number="100"/>
						<line hits="1" number="103"/>
						<line hits="1" number="105"/>
						<line hits="1" number="116"/>
						<line hits="1" number="137"/>
					</lines>
				</class>
				<class branch-rate="1" complexity="0" filename="/home/drowland/.pyenv/versions/3.7.2/envs/ramstk-py3-pygobject/lib/python3.7/site-packages/ramstk/models/programdb/ramstkprogramstatus.py" line-rate="1" name="ramstkprogramstatus.py">
					<methods/>
					<lines>
						<line hits="1" number="8"/>
						<line hits="1" number="22"/>
						<line hits="1" number="30"/>
						<line hits="1" number="35"/>
						<line hits="1" number="36"/>
						<line hits="1" number="38"/>
						<line hits="1" number="44"/>
						<line hits="1" number="52"/>
						<line hits="1" number="53"/>
						<line hits="1" number="59"/>
						<line hits="1" number="62"/>
						<line hits="1" number="64"/>
						<line hits="1" number="72"/>
						<line hits="1" number="80"/>
					</lines>
				</class>
				<class branch-rate="1" complexity="0" filename="/home/drowland/.pyenv/versions/3.7.2/envs/ramstk-py3-pygobject/lib/python3.7/site-packages/ramstk/models/programdb/ramstkreliability.py" line-rate="1" name="ramstkreliability.py">
					<methods/>
					<lines>
						<line hits="1" number="7"/>
						<line hits="1" number="18"/>
						<line hits="1" number="25"/>
						<line hits="1" number="67"/>
						<line hits="1" number="68"/>
						<line hits="1" number="70"/>
						<line hits="1" number="78"/>
						<line hits="1" number="81"/>
						<line hits="1" number="86"/>
						<line hits="1" number="91"/>
						<line hits="1" number="94"/>
						<line hits="1" number="97"/>
						<line hits="1" number="102"/>
						<line hits="1" number="105"/>
						<line hits="1" number="108"/>
						<line hits="1" number="113"/>
						<line hits="1" number="118"/>
						<line hits="1" number="121"/>
						<line hits="1" number="126"/>
						<line hits="1" number="129"/>
						<line hits="1" number="134"/>
						<line hits="1" number="138"/>
						<line hits="1" number="141"/>
						<line hits="1" number="144"/>
						<line hits="1" number="147"/>
						<line hits="1" number="151"/>
						<line hits="1" number="154"/>
						<line hits="1" number="158"/>
						<line hits="1" number="159"/>
						<line hits="1" number="162"/>
						<line hits="1" number="165"/>
						<line hits="1" number="168"/>
						<line hits="1" number="171"/>
						<line hits="1" number="175"/>
						<line hits="1" number="179"/>
						<line hits="1" number="183"/>
						<line hits="1" number="186"/>
						<line hits="1" number="189"/>
						<line hits="1" number="192"/>
						<line hits="1" number="197"/>
						<line hits="1" number="202"/>
						<line hits="1" number="205"/>
						<line hits="1" number="209"/>
						<line hits="1" number="213"/>
						<line hits="1" number="216"/>
						<line hits="1" number="219"/>
						<line hits="1" number="224"/>
						<line hits="1" number="226"/>
						<line hits="1" number="249"/>
						<line hits="1" number="293"/>
					</lines>
				</class>
				<class branch-rate="1" complexity="0" filename="/home/drowland/.pyenv/versions/3.7.2/envs/ramstk-py3-pygobject/lib/python3.7/site-packages/ramstk/models/programdb/ramstkrequirement.py" line-rate="1" name="ramstkrequirement.py">
					<methods/>
					<lines>
						<line hits="1" number="8"/>
						<line hits="1" number="23"/>
						<line hits="1" number="30"/>
						<line hits="1" number="78"/>
						<line hits="1" number="79"/>
						<line hits="1" number="81"/>
						<line hits="1" number="87"/>
						<line hits="1" number="95"/>
						<line hits="1" number="96"/>
						<line hits="1" number="99"/>
						<line hits="1" number="102"/>
						<line hits="1" number="103"/>
						<line hits="1" number="106"/>
						<line hits="1" number="109"/>
						<line hits="1" number="112"/>
						<line hits="1" number="115"/>
						<line hits="1" number="118"/>
						<line hits="1" number="121"/>
						<line hits="1" number="124"/>
						<line hits="1" number="129"/>
						<line hits="1" number="132"/>
						<line hits="1" number="135"/>
						<line hits="1" number="138"/>
						<line hits="1" number="141"/>
						<line hits="1" number="144"/>
						<line hits="1" number="147"/>
						<line hits="1" number="150"/>
						<line hits="1" number="153"/>
						<line hits="1" number="158"/>
						<line hits="1" number="161"/>
						<line hits="1" number="164"/>
						<line hits="1" number="167"/>
						<line hits="1" number="170"/>
						<line hits="1" number="173"/>
						<line hits="1" number="176"/>
						<line hits="1" number="179"/>
						<line hits="1" number="182"/>
						<line hits="1" number="185"/>
						<line hits="1" number="190"/>
						<line hits="1" number="193"/>
						<line hits="1" number="196"/>
						<line hits="1" number="199"/>
						<line hits="1" number="202"/>
						<line hits="1" number="205"/>
						<line hits="1" number="208"/>
						<line hits="1" number="211"/>
						<line hits="1" number="214"/>
						<line hits="1" number="219"/>
						<line hits="1" number="222"/>
						<line hits="1" number="225"/>
						<line hits="1" number="228"/>
						<line hits="1" number="231"/>
						<line hits="1" number="234"/>
						<line hits="1" number="239"/>
						<line hits="1" number="241"/>
						<line hits="1" number="260"/>
						<line hits="1" number="311"/>
						<line hits="1" number="313"/>
						<line hits="1" number="323"/>
						<line hits="1" number="324"/>
						<line hits="1" number="325"/>
						<line hits="1" number="327"/>
					</lines>
				</class>
				<class branch-rate="1" complexity="0" filename="/home/drowland/.pyenv/versions/3.7.2/envs/ramstk-py3-pygobject/lib/python3.7/site-packages/ramstk/models/programdb/ramstkrevision.py" line-rate="1" name="ramstkrevision.py">
					<methods/>
					<lines>
						<line hits="1" number="7"/>
						<line hits="1" number="18"/>
						<line hits="1" number="37"/>
						<line hits="1" number="65"/>
						<line hits="1" number="66"/>
						<line hits="1" number="68"/>
						<line hits="1" number="75"/>
						<line hits="1" number="80"/>
						<line hits="1" number="84"/>
						<line hits="1" number="88"/>
						<line hits="1" number="92"/>
						<line hits="1" number="96"/>
						<line hits="1" number="100"/>
						<line hits="1" number="104"/>
						<line hits="1" number="109"/>
						<line hits="1" number="113"/>
						<line hits="1" number="117"/>
						<line hits="1" number="118"/>
						<line hits="1" number="122"/>
						<line hits="1" number="126"/>
						<line hits="1" number="130"/>
						<line hits="1" number="134"/>
						<line hits="1" number="138"/>
						<line hits="1" number="142"/>
						<line hits="1" number="147"/>
						<line hits="1" number="151"/>
						<line hits="1" number="155"/>
						<line hits="1" number="159"/>
						<line hits="1" number="163"/>
						<line hits="1" number="167"/>
						<line hits="1" number="171"/>
						<line hits="1" number="175"/>
						<line hits="1" number="181"/>
						<line hits="1" number="186"/>
						<line hits="1" number="190"/>
						<line hits="1" number="191"/>
						<line hits="1" number="192"/>
						<line hits="1" number="193"/>
						<line hits="1" number="195"/>
						<line hits="1" number="199"/>
						<line hits="1" number="200"/>
						<line hits="1" number="201"/>
						<line hits="1" number="206"/>
						<line hits="1" number="219"/>
						<line hits="1" number="249"/>
					</lines>
				</class>
				<class branch-rate="1" complexity="0" filename="/home/drowland/.pyenv/versions/3.7.2/envs/ramstk-py3-pygobject/lib/python3.7/site-packages/ramstk/models/programdb/ramstksimilaritem.py" line-rate="1" name="ramstksimilaritem.py">
					<methods/>
					<lines>
						<line hits="1" number="8"/>
						<line hits="1" number="20"/>
						<line hits="1" number="27"/>
						<line hits="1" number="82"/>
						<line hits="1" number="83"/>
						<line hits="1" number="85"/>
						<line hits="1" number="91"/>
						<line hits="1" number="99"/>
						<line hits="1" number="104"/>
						<line hits="1" number="109"/>
						<line hits="1" number="114"/>
						<line hits="1" number="119"/>
						<line hits="1" number="124"/>
						<line hits="1" number="129"/>
						<line hits="1" number="134"/>
						<line hits="1" number="139"/>
						<line hits="1" number="144"/>
						<line hits="1" number="149"/>
						<line hits="1" number="152"/>
						<line hits="1" number="155"/>
						<line hits="1" number="158"/>
						<line hits="1" number="161"/>
						<line hits="1" number="164"/>
						<line hits="1" number="167"/>
						<line hits="1" number="170"/>
						<line hits="1" number="173"/>
						<line hits="1" number="176"/>
						<line hits="1" number="179"/>
						<line hits="1" number="182"/>
						<line hits="1" number="185"/>
						<line hits="1" number="188"/>
						<line hits="1" number="191"/>
						<line hits="1" number="194"/>
						<line hits="1" number="197"/>
						<line hits="1" number="200"/>
						<line hits="1" number="204"/>
						<line hits="1" number="207"/>
						<line hits="1" number="210"/>
						<line hits="1" number="213"/>
						<line hits="1" number="214"/>
						<line hits="1" number="215"/>
						<line hits="1" number="216"/>
						<line hits="1" number="217"/>
						<line hits="1" number="218"/>
						<line hits="1" number="221"/>
						<line hits="1" number="224"/>
						<line hits="1" number="227"/>
						<line hits="1" number="230"/>
						<line hits="1" number="233"/>
						<line hits="1" number="236"/>
						<line hits="1" number="239"/>
						<line hits="1" number="242"/>
						<line hits="1" number="245"/>
						<line hits="1" number="248"/>
						<line hits="1" number="251"/>
						<line hits="1" number="254"/>
						<line hits="1" number="257"/>
						<line hits="1" number="260"/>
						<line hits="1" number="263"/>
						<line hits="1" number="266"/>
						<line hits="1" number="271"/>
						<line hits="1" number="273"/>
						<line hits="1" number="296"/>
						<line hits="1" number="353"/>
					</lines>
				</class>
				<class branch-rate="1" complexity="0" filename="/home/drowland/.pyenv/versions/3.7.2/envs/ramstk-py3-pygobject/lib/python3.7/site-packages/ramstk/models/programdb/ramstkstakeholder.py" line-rate="1" name="ramstkstakeholder.py">
					<methods/>
					<lines>
						<line hits="1" number="7"/>
						<line hits="1" number="18"/>
						<line hits="1" number="25"/>
						<line hits="1" number="41"/>
						<line hits="1" number="42"/>
						<line hits="1" number="44"/>
						<line hits="1" number="50"/>
						<line hits="1" number="58"/>
						<line hits="1" number="61"/>
						<line hits="1" number="64"/>
						<line hits="1" number="65"/>
						<line hits="1" number="68"/>
						<line hits="1" number="71"/>
						<line hits="1" number="74"/>
						<line hits="1" number="77"/>
						<line hits="1" number="80"/>
						<line hits="1" number="83"/>
						<line hits="1" number="86"/>
						<line hits="1" number="89"/>
						<line hits="1" number="92"/>
						<line hits="1" number="95"/>
						<line hits="1" number="100"/>
						<line hits="1" number="102"/>
						<line hits="1" number="112"/>
						<line hits="1" number="131"/>
					</lines>
				</class>
				<class branch-rate="1" complexity="0" filename="/home/drowland/.pyenv/versions/3.7.2/envs/ramstk-py3-pygobject/lib/python3.7/site-packages/ramstk/models/programdb/ramstktestmethod.py" line-rate="1" name="ramstktestmethod.py">
					<methods/>
					<lines>
						<line hits="1" number="8"/>
						<line hits="1" number="19"/>
						<line hits="1" number="26"/>
						<line hits="1" number="31"/>
						<line hits="1" number="32"/>
						<line hits="1" number="34"/>
						<line hits="1" number="40"/>
						<line hits="1" number="48"/>
						<line hits="1" number="51"/>
						<line hits="1" number="54"/>
						<line hits="1" number="57"/>
						<line hits="1" number="59"/>
						<line hits="1" number="60"/>
						<line hits="1" number="61"/>
						<line hits="1" number="62"/>
						<line hits="1" number="63"/>
						<line hits="1" number="65"/>
						<line hits="1" number="73"/>
						<line hits="1" number="81"/>
					</lines>
				</class>
				<class branch-rate="1" complexity="0" filename="/home/drowland/.pyenv/versions/3.7.2/envs/ramstk-py3-pygobject/lib/python3.7/site-packages/ramstk/models/programdb/ramstkvalidation.py" line-rate="1" name="ramstkvalidation.py">
					<methods/>
					<lines>
						<line hits="1" number="8"/>
						<line hits="1" number="24"/>
						<line hits="1" number="31"/>
						<line hits="1" number="60"/>
						<line hits="1" number="61"/>
						<line hits="1" number="63"/>
						<line hits="1" number="69"/>
						<line hits="1" number="77"/>
						<line hits="1" number="80"/>
						<line hits="1" number="83"/>
						<line hits="1" number="86"/>
						<line hits="1" number="89"/>
						<line hits="1" number="92"/>
						<line hits="1" number="95"/>
						<line hits="1" number="96"/>
						<line hits="1" number="99"/>
						<line hits="1" number="102"/>
						<line hits="1" number="105"/>
						<line hits="1" number="106"/>
						<line hits="1" number="109"/>
						<line hits="1" number="110"/>
						<line hits="1" number="113"/>
						<line hits="1" number="116"/>
						<line hits="1" number="119"/>
						<line hits="1" number="120"/>
						<line hits="1" number="121"/>
						<line hits="1" number="124"/>
						<line hits="1" number="127"/>
						<line hits="1" number="130"/>
						<line hits="1" number="131"/>
						<line hits="1" number="134"/>
						<line hits="1" number="137"/>
						<line hits="1" number="140"/>
						<line hits="1" number="141"/>
						<line hits="1" number="146"/>
						<line hits="1" number="148"/>
						<line hits="1" number="161"/>
						<line hits="1" number="193"/>
						<line hits="1" number="195"/>
						<line hits="1" number="205"/>
						<line hits="1" number="209"/>
						<line hits="1" number="211"/>
						<line hits="1" number="221"/>
						<line hits="1" number="225"/>
					</lines>
				</class>
			</classes>
		</package>
	</packages>
</coverage>
