<?xml version="1.0" ?>
<coverage branch-rate="0.7214" branches-covered="1196" branches-valid="1658" complexity="0" line-rate="0.8337" lines-covered="7957" lines-valid="9544" timestamp="1562424674663" version="4.5.3">
	<!-- Generated by coverage.py: https://coverage.readthedocs.io -->
	<!-- Based on https://raw.githubusercontent.com/cobertura/web/master/htdocs/xml/coverage-04.dtd -->
	<sources>
		<source>/home/andrew/projects/ramstk</source>
	</sources>
	<packages>
		<package branch-rate="0.6278" complexity="0" line-rate="0.7191" name="src.ramstk">
			<classes>
				<class branch-rate="0.6389" complexity="0" filename="src/ramstk/Configuration.py" line-rate="0.8878" name="Configuration.py">
					<methods/>
					<lines>
						<line hits="1" number="7"/>
						<line hits="1" number="19"/>
						<line hits="1" number="22"/>
						<line hits="1" number="37"/>
						<line hits="1" number="44"/>
						<line hits="1" number="52"/>
						<line hits="1" number="58"/>
						<line hits="1" number="63"/>
						<line hits="1" number="72"/>
						<line hits="1" number="73"/>
						<line hits="1" number="74"/>
						<line hits="1" number="76"/>
						<line hits="1" number="118"/>
						<line hits="1" number="126"/>
						<line hits="1" number="131"/>
						<line hits="1" number="139"/>
						<line hits="1" number="144"/>
						<line hits="1" number="152"/>
						<line hits="1" number="166"/>
						<line hits="1" number="175"/>
						<line hits="1" number="185"/>
						<line hits="1" number="367"/>
						<line hits="1" number="372"/>
						<line hits="1" number="386"/>
						<line hits="1" number="402"/>
						<line hits="1" number="405"/>
						<line hits="1" number="406"/>
						<line hits="1" number="407"/>
						<line hits="1" number="408"/>
						<line hits="1" number="409"/>
						<line hits="1" number="415"/>
						<line hits="1" number="416"/>
						<line hits="1" number="417"/>
						<line hits="1" number="418"/>
						<line hits="1" number="419"/>
						<line hits="1" number="420"/>
						<line hits="1" number="421"/>
						<line hits="1" number="422"/>
						<line hits="1" number="423"/>
						<line hits="1" number="424"/>
						<line hits="1" number="425"/>
						<line hits="1" number="426"/>
						<line hits="1" number="427"/>
						<line hits="1" number="428"/>
						<line hits="1" number="429"/>
						<line hits="1" number="430"/>
						<line hits="1" number="431"/>
						<line hits="1" number="432"/>
						<line hits="1" number="433"/>
						<line hits="1" number="434"/>
						<line hits="1" number="435"/>
						<line hits="1" number="436"/>
						<line hits="1" number="437"/>
						<line hits="1" number="438"/>
						<line hits="1" number="439"/>
						<line hits="1" number="440"/>
						<line hits="1" number="441"/>
						<line hits="1" number="442"/>
						<line hits="1" number="445"/>
						<line branch="true" condition-coverage="50% (1/2)" hits="1" missing-branches="454" number="448"/>
						<line hits="1" number="449"/>
						<line hits="1" number="450"/>
						<line hits="1" number="451"/>
						<line hits="1" number="452"/>
						<line branch="true" condition-coverage="0% (0/2)" hits="0" missing-branches="455,460" number="454"/>
						<line hits="0" number="455"/>
						<line hits="0" number="456"/>
						<line hits="0" number="457"/>
						<line hits="0" number="458"/>
						<line hits="1" number="460"/>
						<line hits="1" number="461"/>
						<line hits="1" number="462"/>
						<line hits="1" number="463"/>
						<line hits="1" number="465"/>
						<line hits="1" number="466"/>
						<line hits="1" number="467"/>
						<line hits="1" number="468"/>
						<line hits="1" number="469"/>
						<line hits="1" number="471"/>
						<line hits="1" number="472"/>
						<line hits="1" number="473"/>
						<line hits="1" number="474"/>
						<line hits="1" number="475"/>
						<line hits="1" number="476"/>
						<line hits="1" number="477"/>
						<line hits="1" number="478"/>
						<line hits="1" number="479"/>
						<line hits="1" number="480"/>
						<line hits="1" number="481"/>
						<line hits="1" number="483"/>
						<line hits="1" number="490"/>
						<line branch="true" condition-coverage="50% (1/2)" hits="1" missing-branches="510" number="492"/>
						<line hits="1" number="493"/>
						<line hits="1" number="494"/>
						<line hits="1" number="496"/>
						<line hits="1" number="497"/>
						<line hits="1" number="498"/>
						<line hits="1" number="499"/>
						<line hits="1" number="503"/>
						<line hits="1" number="504"/>
						<line hits="1" number="508"/>
						<line hits="0" number="510"/>
						<line hits="0" number="518"/>
						<line hits="1" number="520"/>
						<line hits="1" number="522"/>
						<line hits="1" number="529"/>
						<line hits="1" number="531"/>
						<line hits="1" number="533"/>
						<line hits="1" number="535"/>
						<line hits="1" number="536"/>
						<line hits="1" number="537"/>
						<line hits="1" number="538"/>
						<line hits="1" number="539"/>
						<line hits="1" number="540"/>
						<line hits="1" number="541"/>
						<line hits="1" number="542"/>
						<line hits="1" number="544"/>
						<line hits="1" number="545"/>
						<line hits="1" number="546"/>
						<line hits="1" number="547"/>
						<line hits="1" number="548"/>
						<line hits="1" number="549"/>
						<line hits="1" number="557"/>
						<line hits="1" number="559"/>
						<line hits="1" number="561"/>
						<line hits="1" number="571"/>
						<line hits="1" number="573"/>
						<line hits="1" number="578"/>
						<line hits="1" number="579"/>
						<line hits="1" number="580"/>
						<line hits="0" number="581"/>
						<line hits="1" number="582"/>
						<line hits="1" number="583"/>
						<line hits="1" number="586"/>
						<line branch="true" condition-coverage="50% (1/2)" hits="1" missing-branches="589" number="588"/>
						<line hits="0" number="589"/>
						<line hits="0" number="590"/>
						<line hits="0" number="591"/>
						<line hits="0" number="592"/>
						<line hits="1" number="595"/>
						<line branch="true" condition-coverage="50% (1/2)" hits="1" missing-branches="598" number="597"/>
						<line hits="0" number="598"/>
						<line hits="0" number="599"/>
						<line hits="0" number="600"/>
						<line hits="0" number="601"/>
						<line hits="1" number="604"/>
						<line branch="true" condition-coverage="50% (1/2)" hits="1" missing-branches="607" number="606"/>
						<line hits="0" number="607"/>
						<line hits="0" number="608"/>
						<line hits="0" number="609"/>
						<line hits="0" number="610"/>
						<line branch="true" condition-coverage="50% (1/2)" hits="1" missing-branches="615" number="614"/>
						<line hits="0" number="615"/>
						<line hits="0" number="616"/>
						<line hits="0" number="617"/>
						<line hits="0" number="618"/>
						<line branch="true" condition-coverage="100% (2/2)" hits="1" number="623"/>
						<line hits="1" number="624"/>
						<line hits="1" number="628"/>
						<line hits="1" number="629"/>
						<line hits="0" number="633"/>
						<line hits="0" number="634"/>
						<line hits="1" number="637"/>
						<line hits="1" number="638"/>
						<line hits="1" number="639"/>
						<line hits="1" number="640"/>
						<line hits="1" number="641"/>
						<line hits="1" number="642"/>
						<line hits="1" number="643"/>
						<line hits="1" number="644"/>
						<line hits="1" number="645"/>
						<line hits="1" number="646"/>
						<line hits="1" number="647"/>
						<line hits="1" number="648"/>
						<line hits="1" number="650"/>
						<line hits="1" number="651"/>
						<line hits="1" number="652"/>
						<line hits="1" number="653"/>
						<line hits="1" number="654"/>
						<line hits="1" number="655"/>
						<line hits="1" number="656"/>
						<line hits="1" number="658"/>
						<line hits="1" number="659"/>
						<line hits="1" number="660"/>
						<line hits="1" number="661"/>
						<line hits="1" number="662"/>
						<line hits="1" number="664"/>
						<line hits="1" number="665"/>
						<line hits="1" number="666"/>
						<line hits="1" number="667"/>
						<line hits="1" number="668"/>
						<line hits="1" number="669"/>
						<line hits="1" number="670"/>
						<line hits="1" number="671"/>
						<line hits="1" number="672"/>
						<line hits="1" number="673"/>
						<line hits="1" number="674"/>
						<line hits="1" number="675"/>
						<line hits="1" number="676"/>
						<line hits="1" number="678"/>
						<line hits="1" number="679"/>
						<line hits="1" number="680"/>
						<line hits="1" number="681"/>
						<line hits="1" number="682"/>
						<line hits="1" number="683"/>
						<line hits="1" number="684"/>
						<line hits="1" number="685"/>
						<line hits="1" number="686"/>
						<line hits="1" number="687"/>
						<line hits="1" number="688"/>
						<line hits="1" number="689"/>
						<line hits="1" number="690"/>
						<line hits="1" number="692"/>
						<line hits="1" number="693"/>
						<line hits="1" number="694"/>
						<line hits="1" number="695"/>
						<line hits="0" number="696"/>
						<line hits="0" number="697"/>
						<line hits="1" number="699"/>
						<line hits="1" number="701"/>
						<line hits="1" number="703"/>
						<line hits="1" number="710"/>
						<line branch="true" condition-coverage="100% (2/2)" hits="1" number="715"/>
						<line hits="1" number="716"/>
						<line hits="1" number="717"/>
						<line branch="true" condition-coverage="100% (2/2)" hits="1" number="719"/>
						<line hits="1" number="720"/>
						<line branch="true" condition-coverage="100% (2/2)" hits="1" number="722"/>
						<line hits="1" number="723"/>
						<line hits="1" number="725"/>
						<line hits="1" number="726"/>
						<line hits="1" number="727"/>
						<line hits="1" number="728"/>
						<line hits="1" number="732"/>
						<line hits="1" number="733"/>
						<line hits="1" number="738"/>
						<line hits="1" number="739"/>
						<line hits="1" number="740"/>
						<line hits="1" number="741"/>
						<line hits="1" number="743"/>
						<line hits="1" number="744"/>
						<line hits="1" number="746"/>
						<line hits="1" number="747"/>
						<line hits="1" number="748"/>
						<line hits="1" number="749"/>
						<line hits="1" number="753"/>
						<line hits="1" number="757"/>
						<line hits="1" number="762"/>
						<line hits="1" number="770"/>
						<line hits="1" number="772"/>
						<line hits="1" number="774"/>
						<line hits="1" number="781"/>
						<line branch="true" condition-coverage="50% (1/2)" hits="1" missing-branches="786" number="785"/>
						<line hits="0" number="786"/>
						<line hits="1" number="788"/>
						<line hits="1" number="790"/>
						<line hits="1" number="791"/>
						<line branch="true" condition-coverage="50% (1/2)" hits="1" missing-branches="794" number="793"/>
						<line hits="0" number="794"/>
						<line hits="1" number="796"/>
						<line hits="1" number="798"/>
						<line branch="true" condition-coverage="50% (1/2)" hits="1" missing-branches="801" number="800"/>
						<line hits="0" number="801"/>
						<line hits="1" number="803"/>
						<line hits="1" number="805"/>
						<line hits="1" number="812"/>
						<line branch="true" condition-coverage="50% (1/2)" hits="1" missing-branches="891" number="814"/>
						<line hits="1" number="815"/>
						<line hits="1" number="816"/>
						<line hits="1" number="817"/>
						<line hits="1" number="818"/>
						<line hits="1" number="819"/>
						<line hits="1" number="824"/>
						<line hits="1" number="825"/>
						<line hits="1" number="826"/>
						<line hits="1" number="827"/>
						<line hits="1" number="828"/>
						<line hits="1" number="833"/>
						<line hits="1" number="838"/>
						<line hits="1" number="844"/>
						<line hits="1" number="845"/>
						<line hits="1" number="846"/>
						<line hits="1" number="847"/>
						<line hits="1" number="852"/>
						<line hits="1" number="857"/>
						<line hits="1" number="858"/>
						<line hits="1" number="864"/>
						<line hits="1" number="865"/>
						<line hits="1" number="866"/>
						<line hits="1" number="867"/>
						<line hits="1" number="868"/>
						<line hits="1" number="870"/>
						<line branch="true" condition-coverage="100% (2/2)" hits="1" number="872"/>
						<line hits="1" number="873"/>
						<line hits="1" number="879"/>
						<line branch="true" condition-coverage="100% (2/2)" hits="1" number="881"/>
						<line hits="1" number="882"/>
						<line hits="1" number="884"/>
						<line hits="1" number="885"/>
						<line hits="1" number="886"/>
						<line hits="1" number="887"/>
						<line hits="0" number="888"/>
						<line hits="0" number="889"/>
						<line hits="1" number="891"/>
						<line hits="1" number="893"/>
						<line hits="1" number="900"/>
						<line branch="true" condition-coverage="50% (1/2)" hits="1" missing-branches="907" number="904"/>
						<line hits="1" number="905"/>
						<line hits="0" number="907"/>
						<line hits="0" number="908"/>
						<line hits="1" number="910"/>
						<line hits="1" number="912"/>
					</lines>
				</class>
				<class branch-rate="0.59" complexity="0" filename="src/ramstk/RAMSTK.py" line-rate="0.4983" name="RAMSTK.py">
					<methods/>
					<lines>
						<line hits="1" number="8"/>
						<line hits="1" number="64"/>
						<line hits="0" number="74"/>
						<line branch="true" condition-coverage="0% (0/2)" hits="0" missing-branches="81,83" number="80"/>
						<line hits="0" number="81"/>
						<line hits="0" number="83"/>
						<line hits="0" number="84"/>
						<line hits="0" number="85"/>
						<line hits="0" number="87"/>
						<line hits="0" number="89"/>
						<line hits="1" number="92"/>
						<line hits="1" number="108"/>
						<line hits="1" number="109"/>
						<line branch="true" condition-coverage="50% (1/2)" hits="1" missing-branches="113" number="112"/>
						<line hits="0" number="113"/>
						<line branch="true" condition-coverage="50% (1/2)" hits="1" missing-branches="123" number="115"/>
						<line hits="1" number="116"/>
						<line hits="1" number="117"/>
						<line hits="0" number="118"/>
						<line hits="0" number="119"/>
						<line hits="1" number="123"/>
						<line hits="1" number="124"/>
						<line hits="1" number="125"/>
						<line hits="0" number="126"/>
						<line hits="0" number="127"/>
						<line hits="1" number="140"/>
						<line hits="1" number="145"/>
						<line hits="1" number="159"/>
						<line hits="1" number="163"/>
						<line hits="1" number="177"/>
						<line hits="1" number="197"/>
						<line hits="1" number="198"/>
						<line hits="1" number="199"/>
						<line hits="1" number="202"/>
						<line hits="1" number="203"/>
						<line hits="1" number="208"/>
						<line hits="1" number="209"/>
						<line hits="1" number="211"/>
						<line hits="1" number="220"/>
						<line hits="1" number="221"/>
						<line branch="true" condition-coverage="100% (2/2)" hits="1" number="224"/>
						<line hits="1" number="225"/>
						<line hits="1" number="226"/>
						<line hits="1" number="229"/>
						<line hits="1" number="231"/>
						<line hits="1" number="240"/>
						<line hits="1" number="241"/>
						<line branch="true" condition-coverage="50% (1/2)" hits="1" missing-branches="254" number="244"/>
						<line hits="1" number="245"/>
						<line hits="1" number="246"/>
						<line hits="1" number="251"/>
						<line hits="0" number="254"/>
						<line hits="0" number="255"/>
						<line hits="1" number="260"/>
						<line hits="1" number="262"/>
						<line hits="0" number="264"/>
						<line hits="1" number="266"/>
						<line hits="0" number="273"/>
						<line hits="0" number="275"/>
						<line hits="1" number="277"/>
						<line hits="1" number="285"/>
						<line hits="1" number="295"/>
						<line branch="true" condition-coverage="100% (2/2)" hits="1" number="301"/>
						<line hits="1" number="304"/>
						<line hits="1" number="305"/>
						<line hits="1" number="306"/>
						<line branch="true" condition-coverage="100% (2/2)" hits="1" number="318"/>
						<line hits="1" number="321"/>
						<line hits="1" number="323"/>
						<line hits="1" number="324"/>
						<line branch="true" condition-coverage="100% (2/2)" hits="1" number="328"/>
						<line hits="1" number="332"/>
						<line hits="1" number="338"/>
						<line hits="1" number="342"/>
						<line hits="1" number="345"/>
						<line branch="true" condition-coverage="100% (2/2)" hits="1" number="350"/>
						<line hits="1" number="352"/>
						<line hits="1" number="353"/>
						<line branch="true" condition-coverage="100% (2/2)" hits="1" number="360"/>
						<line hits="1" number="362"/>
						<line hits="1" number="363"/>
						<line branch="true" condition-coverage="100% (2/2)" hits="1" number="370"/>
						<line hits="1" number="372"/>
						<line hits="1" number="373"/>
						<line branch="true" condition-coverage="100% (2/2)" hits="1" number="383"/>
						<line hits="1" number="385"/>
						<line hits="1" number="386"/>
						<line branch="true" condition-coverage="100% (2/2)" hits="1" number="391"/>
						<line hits="1" number="393"/>
						<line hits="1" number="394"/>
						<line branch="true" condition-coverage="100% (2/2)" hits="1" number="402"/>
						<line hits="1" number="404"/>
						<line hits="1" number="405"/>
						<line branch="true" condition-coverage="100% (2/2)" hits="1" number="414"/>
						<line hits="1" number="416"/>
						<line hits="1" number="417"/>
						<line branch="true" condition-coverage="100% (2/2)" hits="1" number="423"/>
						<line hits="1" number="425"/>
						<line branch="true" condition-coverage="100% (2/2)" hits="1" number="428"/>
						<line hits="1" number="430"/>
						<line branch="true" condition-coverage="100% (2/2)" hits="1" number="433"/>
						<line hits="1" number="435"/>
						<line branch="true" condition-coverage="100% (2/2)" hits="1" number="441"/>
						<line hits="1" number="443"/>
						<line hits="1" number="444"/>
						<line branch="true" condition-coverage="100% (2/2)" hits="1" number="450"/>
						<line hits="1" number="452"/>
						<line hits="1" number="453"/>
						<line branch="true" condition-coverage="100% (2/2)" hits="1" number="462"/>
						<line hits="1" number="464"/>
						<line hits="1" number="465"/>
						<line branch="true" condition-coverage="100% (2/2)" hits="1" number="471"/>
						<line hits="1" number="473"/>
						<line hits="1" number="474"/>
						<line branch="true" condition-coverage="100% (2/2)" hits="1" number="480"/>
						<line hits="1" number="482"/>
						<line hits="1" number="483"/>
						<line branch="true" condition-coverage="100% (2/2)" hits="1" number="492"/>
						<line hits="1" number="493"/>
						<line hits="1" number="494"/>
						<line branch="true" condition-coverage="100% (2/2)" hits="1" number="499"/>
						<line hits="1" number="500"/>
						<line hits="1" number="501"/>
						<line branch="true" condition-coverage="100% (2/2)" hits="1" number="504"/>
						<line hits="1" number="505"/>
						<line hits="1" number="506"/>
						<line branch="true" condition-coverage="100% (2/2)" hits="1" number="512"/>
						<line hits="1" number="514"/>
						<line hits="1" number="515"/>
						<line branch="true" condition-coverage="100% (2/2)" hits="1" number="521"/>
						<line hits="1" number="523"/>
						<line hits="1" number="524"/>
						<line branch="true" condition-coverage="100% (2/2)" hits="1" number="532"/>
						<line hits="1" number="533"/>
						<line hits="1" number="534"/>
						<line branch="true" condition-coverage="100% (2/2)" hits="1" number="537"/>
						<line hits="1" number="538"/>
						<line hits="1" number="539"/>
						<line hits="1" number="547"/>
						<line hits="1" number="549"/>
						<line hits="1" number="558"/>
						<line hits="1" number="559"/>
						<line hits="1" number="561"/>
						<line branch="true" condition-coverage="100% (2/2)" hits="1" number="563"/>
						<line hits="1" number="564"/>
						<line hits="1" number="565"/>
						<line hits="1" number="568"/>
						<line hits="1" number="569"/>
						<line branch="true" condition-coverage="50% (1/2)" hits="1" missing-branches="571" number="570"/>
						<line hits="0" number="571"/>
						<line hits="0" number="572"/>
						<line hits="1" number="576"/>
						<line hits="1" number="579"/>
						<line hits="1" number="620"/>
						<line hits="1" number="622"/>
						<line hits="0" number="625"/>
						<line branch="true" condition-coverage="0% (0/2)" hits="0" missing-branches="627,645" number="626"/>
						<line hits="0" number="627"/>
						<line hits="0" number="636"/>
						<line hits="0" number="637"/>
						<line hits="0" number="638"/>
						<line branch="true" condition-coverage="0% (0/2)" hits="0" missing-branches="641,643" number="640"/>
						<line hits="0" number="641"/>
						<line hits="0" number="643"/>
						<line hits="0" number="645"/>
						<line hits="0" number="648"/>
						<line hits="0" number="658"/>
						<line hits="0" number="659"/>
						<line hits="0" number="693"/>
						<line hits="0" number="694"/>
						<line hits="0" number="697"/>
						<line branch="true" condition-coverage="0% (0/2)" hits="0" missing-branches="699,702" number="698"/>
						<line hits="0" number="699"/>
						<line hits="0" number="702"/>
						<line hits="0" number="703"/>
						<line hits="0" number="706"/>
						<line hits="0" number="707"/>
						<line hits="0" number="710"/>
						<line hits="0" number="711"/>
						<line hits="0" number="717"/>
						<line hits="0" number="720"/>
						<line hits="0" number="726"/>
						<line hits="0" number="736"/>
						<line hits="0" number="746"/>
						<line hits="0" number="748"/>
						<line hits="0" number="749"/>
						<line hits="0" number="756"/>
						<line hits="1" number="758"/>
						<line hits="0" number="765"/>
						<line hits="0" number="766"/>
						<line branch="true" condition-coverage="0% (0/2)" hits="0" missing-branches="769,772" number="768"/>
						<line hits="0" number="769"/>
						<line hits="0" number="772"/>
						<line branch="true" condition-coverage="0% (0/2)" hits="0" missing-branches="774,780" number="773"/>
						<line hits="0" number="774"/>
						<line hits="0" number="775"/>
						<line branch="true" condition-coverage="0% (0/2)" hits="0" missing-branches="778,783" number="777"/>
						<line hits="0" number="778"/>
						<line hits="0" number="780"/>
						<line hits="0" number="781"/>
						<line hits="0" number="783"/>
						<line hits="1" number="785"/>
						<line hits="0" number="792"/>
						<line hits="1" number="794"/>
						<line hits="0" number="801"/>
						<line hits="0" number="803"/>
						<line branch="true" condition-coverage="0% (0/2)" hits="0" missing-branches="806,811" number="805"/>
						<line hits="0" number="806"/>
						<line hits="0" number="811"/>
						<line branch="true" condition-coverage="0% (0/2)" hits="0" missing-branches="813,933" number="812"/>
						<line hits="0" number="813"/>
						<line hits="0" number="814"/>
						<line hits="0" number="819"/>
						<line hits="0" number="824"/>
						<line hits="0" number="829"/>
						<line hits="0" number="834"/>
						<line hits="0" number="839"/>
						<line hits="0" number="844"/>
						<line hits="0" number="849"/>
						<line hits="0" number="855"/>
						<line hits="0" number="860"/>
						<line hits="0" number="865"/>
						<line hits="0" number="870"/>
						<line hits="0" number="875"/>
						<line hits="0" number="881"/>
						<line hits="0" number="888"/>
						<line hits="0" number="889"/>
						<line hits="0" number="890"/>
						<line hits="0" number="896"/>
						<line hits="0" number="898"/>
						<line hits="0" number="900"/>
						<line hits="0" number="902"/>
						<line hits="0" number="905"/>
						<line branch="true" condition-coverage="0% (0/2)" hits="0" missing-branches="907,914" number="906"/>
						<line branch="true" condition-coverage="0% (0/2)" hits="0" missing-branches="906,908" number="907"/>
						<line hits="0" number="908"/>
						<line hits="0" number="911"/>
						<line hits="0" number="914"/>
						<line hits="0" number="916"/>
						<line hits="0" number="917"/>
						<line hits="0" number="924"/>
						<line hits="0" number="926"/>
						<line branch="true" condition-coverage="0% (0/2)" hits="0" missing-branches="928,936" number="927"/>
						<line hits="0" number="928"/>
						<line hits="0" number="929"/>
						<line hits="0" number="933"/>
						<line hits="0" number="934"/>
						<line hits="0" number="936"/>
						<line hits="1" number="938"/>
						<line hits="0" number="945"/>
						<line hits="0" number="947"/>
						<line hits="0" number="948"/>
						<line hits="0" number="949"/>
						<line branch="true" condition-coverage="0% (0/2)" hits="0" missing-branches="955,957" number="954"/>
						<line hits="0" number="955"/>
						<line branch="true" condition-coverage="0% (0/2)" hits="0" missing-branches="exit,958" number="957"/>
						<line hits="0" number="958"/>
						<line hits="1" number="960"/>
						<line hits="0" number="967"/>
						<line hits="0" number="969"/>
						<line branch="true" condition-coverage="0% (0/2)" hits="0" missing-branches="972,977" number="971"/>
						<line hits="0" number="972"/>
						<line branch="true" condition-coverage="0% (0/2)" hits="0" missing-branches="975,980" number="974"/>
						<line hits="0" number="975"/>
						<line hits="0" number="977"/>
						<line hits="0" number="978"/>
						<line hits="0" number="980"/>
						<line hits="1" number="982"/>
						<line hits="0" number="989"/>
						<line hits="0" number="993"/>
						<line hits="0" number="994"/>
						<line hits="0" number="995"/>
						<line hits="0" number="996"/>
						<line hits="0" number="1007"/>
						<line hits="0" number="1009"/>
						<line hits="0" number="1010"/>
						<line hits="0" number="1011"/>
						<line hits="0" number="1013"/>
						<line branch="true" condition-coverage="0% (0/2)" hits="0" missing-branches="1022,1023" number="1014"/>
						<line hits="0" number="1022"/>
						<line branch="true" condition-coverage="0% (0/2)" hits="0" missing-branches="1032,1034" number="1023"/>
						<line hits="0" number="1032"/>
						<line hits="0" number="1034"/>
						<line hits="1" number="1036"/>
						<line hits="0" number="1038"/>
						<line branch="true" condition-coverage="50% (1/2)" hits="1" missing-branches="1042" number="1041"/>
						<line hits="0" number="1042"/>
					</lines>
				</class>
				<class branch-rate="0.7045" complexity="0" filename="src/ramstk/Utilities.py" line-rate="0.8108" name="Utilities.py">
					<methods/>
					<lines>
						<line hits="1" number="7"/>
						<line hits="1" number="15"/>
						<line hits="1" number="18"/>
						<line hits="1" number="21"/>
						<line hits="1" number="28"/>
						<line hits="1" number="30"/>
						<line hits="1" number="33"/>
						<line hits="1" number="37"/>
						<line hits="1" number="41"/>
						<line hits="1" number="56"/>
						<line hits="1" number="57"/>
						<line branch="true" condition-coverage="100% (2/2)" hits="1" number="61"/>
						<line hits="1" number="62"/>
						<line branch="true" condition-coverage="100% (2/2)" hits="1" number="63"/>
						<line hits="1" number="64"/>
						<line branch="true" condition-coverage="100% (2/2)" hits="1" number="66"/>
						<line hits="1" number="67"/>
						<line hits="1" number="68"/>
						<line hits="1" number="69"/>
						<line hits="1" number="71"/>
						<line hits="1" number="73"/>
						<line hits="1" number="74"/>
						<line hits="1" number="75"/>
						<line hits="1" number="77"/>
						<line hits="1" number="79"/>
						<line hits="1" number="82"/>
						<line hits="1" number="92"/>
						<line hits="1" number="93"/>
						<line hits="1" number="94"/>
						<line hits="1" number="95"/>
						<line hits="1" number="98"/>
						<line hits="1" number="107"/>
						<line hits="1" number="110"/>
						<line hits="1" number="118"/>
						<line branch="true" condition-coverage="100% (2/2)" hits="1" number="120"/>
						<line hits="1" number="121"/>
						<line branch="true" condition-coverage="100% (2/2)" hits="1" number="122"/>
						<line hits="1" number="123"/>
						<line branch="true" condition-coverage="100% (2/2)" hits="1" number="124"/>
						<line hits="1" number="125"/>
						<line branch="true" condition-coverage="100% (2/2)" hits="1" number="126"/>
						<line hits="1" number="129"/>
						<line hits="1" number="130"/>
						<line hits="1" number="131"/>
						<line hits="1" number="136"/>
						<line hits="1" number="139"/>
						<line hits="1" number="147"/>
						<line hits="1" number="150"/>
						<line hits="0" number="160"/>
						<line hits="1" number="163"/>
						<line hits="1" number="173"/>
						<line branch="true" condition-coverage="100% (2/2)" hits="1" number="174"/>
						<line hits="1" number="175"/>
						<line hits="1" number="177"/>
						<line hits="1" number="180"/>
						<line hits="1" number="188"/>
						<line branch="true" condition-coverage="100% (2/2)" hits="1" number="189"/>
						<line hits="1" number="190"/>
						<line hits="1" number="192"/>
						<line hits="1" number="195"/>
						<line hits="1" number="207"/>
						<line hits="1" number="208"/>
						<line hits="1" number="209"/>
						<line hits="1" number="210"/>
						<line hits="1" number="211"/>
						<line hits="1" number="214"/>
						<line hits="1" number="223"/>
						<line hits="1" number="225"/>
						<line hits="1" number="228"/>
						<line hits="0" number="236"/>
						<line branch="true" condition-coverage="0% (0/2)" hits="0" missing-branches="239,241" number="238"/>
						<line hits="0" number="239"/>
						<line hits="0" number="241"/>
						<line hits="1" number="244"/>
						<line hits="0" number="255"/>
						<line branch="true" condition-coverage="0% (0/2)" hits="0" missing-branches="258,260" number="257"/>
						<line hits="0" number="258"/>
						<line hits="0" number="260"/>
						<line hits="1" number="263"/>
						<line hits="1" number="271"/>
						<line hits="1" number="273"/>
						<line branch="true" condition-coverage="100% (2/2)" hits="1" number="275"/>
						<line hits="1" number="279"/>
						<line hits="1" number="281"/>
						<line hits="1" number="284"/>
						<line hits="1" number="286"/>
						<line hits="1" number="289"/>
						<line hits="1" number="290"/>
						<line hits="1" number="291"/>
						<line branch="true" condition-coverage="100% (6/6)" hits="1" number="294"/>
						<line branch="true" condition-coverage="100% (2/2)" hits="1" number="305"/>
						<line hits="1" number="306"/>
						<line hits="1" number="307"/>
						<line branch="true" condition-coverage="100% (2/2)" hits="1" number="308"/>
						<line hits="1" number="309"/>
						<line branch="true" condition-coverage="50% (1/2)" hits="1" missing-branches="315" number="312"/>
						<line hits="1" number="313"/>
						<line hits="0" number="315"/>
						<line hits="1" number="317"/>
						<line hits="1" number="320"/>
						<line hits="0" number="329"/>
						<line branch="true" condition-coverage="0% (0/2)" hits="0" missing-branches="331,333" number="330"/>
						<line hits="0" number="331"/>
						<line branch="true" condition-coverage="0% (0/2)" hits="0" missing-branches="334,338" number="333"/>
						<line hits="0" number="334"/>
						<line branch="true" condition-coverage="0% (0/2)" hits="0" missing-branches="333,336" number="335"/>
						<line hits="0" number="336"/>
						<line hits="0" number="338"/>
						<line branch="true" condition-coverage="0% (0/2)" hits="0" missing-branches="340,342" number="339"/>
						<line hits="0" number="340"/>
						<line hits="0" number="342"/>
					</lines>
				</class>
				<class branch-rate="1" complexity="0" filename="src/ramstk/__init__.py" line-rate="1" name="__init__.py">
					<methods/>
					<lines>
						<line hits="1" number="8"/>
						<line hits="1" number="28"/>
					</lines>
				</class>
			</classes>
		</package>
		<package branch-rate="1" complexity="0" line-rate="1" name="src.ramstk.analyses">
			<classes>
				<class branch-rate="1" complexity="0" filename="src/ramstk/analyses/Allocation.py" line-rate="1" name="Allocation.py">
					<methods/>
					<lines>
						<line hits="1" number="7"/>
						<line hits="1" number="16"/>
						<line hits="1" number="30"/>
						<line hits="1" number="31"/>
						<line hits="1" number="33"/>
						<line hits="1" number="35"/>
						<line hits="1" number="36"/>
						<line hits="1" number="38"/>
						<line branch="true" condition-coverage="100% (2/2)" hits="1" number="39"/>
						<line hits="1" number="40"/>
						<line hits="1" number="46"/>
						<line hits="1" number="47"/>
						<line hits="1" number="58"/>
						<line hits="1" number="72"/>
						<line hits="1" number="73"/>
						<line hits="1" number="74"/>
						<line hits="1" number="75"/>
						<line hits="1" number="77"/>
						<line hits="1" number="78"/>
						<line hits="1" number="79"/>
						<line hits="1" number="87"/>
						<line hits="1" number="100"/>
						<line hits="1" number="101"/>
						<line hits="1" number="102"/>
						<line hits="1" number="103"/>
						<line hits="1" number="105"/>
						<line branch="true" condition-coverage="100% (2/2)" hits="1" number="106"/>
						<line branch="true" condition-coverage="100% (2/2)" hits="1" number="107"/>
						<line hits="1" number="108"/>
						<line hits="1" number="115"/>
						<line branch="true" condition-coverage="100% (2/2)" hits="1" number="116"/>
						<line hits="1" number="117"/>
						<line hits="1" number="123"/>
						<line hits="1" number="124"/>
						<line hits="1" number="132"/>
						<line hits="1" number="146"/>
						<line hits="1" number="147"/>
						<line hits="1" number="149"/>
						<line hits="1" number="151"/>
						<line hits="1" number="152"/>
						<line hits="1" number="153"/>
						<line hits="1" number="155"/>
						<line hits="1" number="157"/>
						<line hits="1" number="158"/>
						<line hits="1" number="174"/>
						<line hits="1" number="184"/>
						<line hits="1" number="185"/>
						<line hits="1" number="186"/>
						<line hits="1" number="187"/>
						<line hits="1" number="188"/>
						<line hits="1" number="189"/>
						<line hits="1" number="190"/>
						<line hits="1" number="197"/>
						<line hits="1" number="200"/>
						<line hits="1" number="210"/>
						<line hits="1" number="211"/>
						<line hits="1" number="212"/>
						<line hits="1" number="213"/>
						<line hits="1" number="214"/>
						<line hits="1" number="215"/>
						<line hits="1" number="216"/>
						<line hits="1" number="221"/>
						<line hits="1" number="224"/>
						<line hits="1" number="234"/>
						<line hits="1" number="235"/>
						<line hits="1" number="236"/>
						<line hits="1" number="237"/>
						<line hits="1" number="238"/>
						<line hits="1" number="239"/>
						<line hits="1" number="240"/>
						<line hits="1" number="247"/>
						<line hits="1" number="250"/>
						<line branch="true" condition-coverage="100% (2/2)" hits="1" number="260"/>
						<line hits="1" number="261"/>
						<line branch="true" condition-coverage="100% (2/2)" hits="1" number="266"/>
						<line hits="1" number="267"/>
						<line branch="true" condition-coverage="100% (2/2)" hits="1" number="271"/>
						<line hits="1" number="272"/>
						<line branch="true" condition-coverage="100% (2/2)" hits="1" number="276"/>
						<line hits="1" number="277"/>
						<line hits="1" number="283"/>
						<line hits="1" number="289"/>
						<line hits="1" number="290"/>
						<line hits="1" number="291"/>
						<line hits="1" number="293"/>
						<line hits="1" number="296"/>
						<line branch="true" condition-coverage="100% (2/2)" hits="1" number="304"/>
						<line hits="1" number="305"/>
						<line branch="true" condition-coverage="100% (2/2)" hits="1" number="308"/>
						<line hits="1" number="309"/>
						<line branch="true" condition-coverage="100% (2/2)" hits="1" number="312"/>
						<line hits="1" number="313"/>
						<line hits="1" number="317"/>
						<line hits="1" number="318"/>
						<line hits="1" number="319"/>
						<line hits="1" number="321"/>
						<line hits="1" number="324"/>
						<line branch="true" condition-coverage="100% (2/2)" hits="1" number="337"/>
						<line hits="1" number="338"/>
						<line hits="1" number="340"/>
						<line hits="1" number="342"/>
					</lines>
				</class>
				<class branch-rate="1" complexity="0" filename="src/ramstk/analyses/Derating.py" line-rate="1" name="Derating.py">
					<methods/>
					<lines>
						<line hits="1" number="7"/>
						<line hits="1" number="10"/>
						<line hits="1" number="65"/>
						<line branch="true" condition-coverage="100% (2/2)" hits="1" number="67"/>
						<line hits="1" number="68"/>
						<line branch="true" condition-coverage="100% (2/2)" hits="1" number="69"/>
						<line hits="1" number="70"/>
						<line branch="true" condition-coverage="100% (2/2)" hits="1" number="71"/>
						<line hits="1" number="72"/>
						<line hits="1" number="74"/>
					</lines>
				</class>
				<class branch-rate="1" complexity="0" filename="src/ramstk/analyses/Dormancy.py" line-rate="1" name="Dormancy.py">
					<methods/>
					<lines>
						<line hits="1" number="7"/>
						<line hits="1" number="12"/>
						<line hits="1" number="80"/>
						<line branch="true" condition-coverage="100% (2/2)" hits="1" number="143"/>
						<line branch="true" condition-coverage="100% (2/2)" hits="1" number="144"/>
						<line hits="1" number="145"/>
						<line hits="1" number="150"/>
						<line hits="1" number="155"/>
						<line hits="1" number="160"/>
					</lines>
				</class>
				<class branch-rate="1" complexity="0" filename="src/ramstk/analyses/SimilarItem.py" line-rate="1" name="SimilarItem.py">
					<methods/>
					<lines>
						<line hits="1" number="7"/>
						<line hits="1" number="12"/>
						<line hits="1" number="50"/>
						<line hits="1" number="68"/>
						<line hits="1" number="121"/>
						<line hits="1" number="144"/>
						<line hits="1" number="145"/>
						<line hits="1" number="147"/>
						<line hits="1" number="148"/>
						<line hits="1" number="150"/>
						<line hits="1" number="153"/>
						<line hits="1" number="156"/>
						<line hits="1" number="159"/>
						<line hits="1" number="180"/>
						<line hits="1" number="189"/>
						<line hits="1" number="218"/>
						<line hits="1" number="247"/>
						<line hits="1" number="276"/>
						<line hits="1" number="305"/>
						<line hits="1" number="335"/>
						<line hits="1" number="338"/>
						<line branch="true" condition-coverage="100% (2/2)" hits="1" number="349"/>
						<line hits="1" number="350"/>
						<line hits="1" number="351"/>
						<line hits="1" number="352"/>
						<line hits="1" number="353"/>
						<line hits="1" number="354"/>
						<line hits="1" number="356"/>
						<line hits="1" number="359"/>
						<line branch="true" condition-coverage="100% (2/2)" hits="1" number="368"/>
						<line hits="1" number="369"/>
						<line hits="1" number="370"/>
						<line hits="1" number="371"/>
						<line hits="1" number="372"/>
						<line hits="1" number="373"/>
						<line hits="1" number="375"/>
						<line hits="1" number="378"/>
						<line branch="true" condition-coverage="100% (2/2)" hits="1" number="387"/>
						<line hits="1" number="388"/>
						<line hits="1" number="389"/>
						<line hits="1" number="390"/>
						<line hits="1" number="391"/>
						<line hits="1" number="392"/>
						<line hits="1" number="394"/>
						<line hits="1" number="397"/>
						<line branch="true" condition-coverage="100% (2/2)" hits="1" number="406"/>
						<line hits="1" number="407"/>
						<line hits="1" number="408"/>
						<line hits="1" number="409"/>
						<line hits="1" number="410"/>
						<line hits="1" number="411"/>
						<line hits="1" number="413"/>
						<line hits="1" number="416"/>
						<line branch="true" condition-coverage="100% (2/2)" hits="1" number="429"/>
						<line hits="1" number="430"/>
						<line hits="1" number="431"/>
						<line hits="1" number="432"/>
						<line hits="1" number="433"/>
						<line hits="1" number="434"/>
						<line hits="1" number="436"/>
					</lines>
				</class>
				<class branch-rate="1" complexity="0" filename="src/ramstk/analyses/Stress.py" line-rate="1" name="Stress.py">
					<methods/>
					<lines>
						<line hits="1" number="7"/>
						<line hits="1" number="10"/>
						<line hits="1" number="44"/>
					</lines>
				</class>
				<class branch-rate="1" complexity="0" filename="src/ramstk/analyses/__init__.py" line-rate="1" name="__init__.py">
					<methods/>
					<lines>
						<line hits="1" number="2"/>
					</lines>
				</class>
			</classes>
		</package>
		<package branch-rate="1" complexity="0" line-rate="1" name="src.ramstk.analyses.milhdbk217f">
			<classes>
				<class branch-rate="1" complexity="0" filename="src/ramstk/analyses/milhdbk217f/MilHdbk217f.py" line-rate="1" name="MilHdbk217f.py">
					<methods/>
					<lines>
						<line hits="1" number="7"/>
						<line hits="1" number="18"/>
						<line hits="1" number="29"/>
						<line branch="true" condition-coverage="100% (2/2)" hits="1" number="47"/>
						<line hits="1" number="48"/>
						<line branch="true" condition-coverage="100% (2/2)" hits="1" number="49"/>
						<line hits="1" number="50"/>
						<line hits="1" number="53"/>
						<line branch="true" condition-coverage="100% (2/2)" hits="1" number="56"/>
						<line hits="1" number="57"/>
						<line hits="1" number="63"/>
						<line hits="1" number="67"/>
						<line hits="1" number="70"/>
						<line hits="1" number="73"/>
						<line hits="1" number="84"/>
						<line branch="true" condition-coverage="100% (2/2)" hits="1" number="102"/>
						<line hits="1" number="103"/>
						<line branch="true" condition-coverage="100% (2/2)" hits="1" number="110"/>
						<line hits="1" number="111"/>
						<line branch="true" condition-coverage="100% (2/2)" hits="1" number="117"/>
						<line hits="1" number="118"/>
						<line hits="1" number="121"/>
						<line hits="1" number="123"/>
						<line hits="1" number="126"/>
						<line hits="1" number="150"/>
						<line branch="true" condition-coverage="100% (2/2)" hits="1" number="167"/>
						<line hits="1" number="168"/>
						<line branch="true" condition-coverage="100% (2/2)" hits="1" number="170"/>
						<line hits="1" number="173"/>
						<line hits="1" number="176"/>
						<line hits="1" number="178"/>
						<line hits="1" number="181"/>
						<line hits="1" number="200"/>
						<line branch="true" condition-coverage="100% (2/2)" hits="1" number="215"/>
						<line hits="1" number="216"/>
						<line branch="true" condition-coverage="100% (2/2)" hits="1" number="217"/>
						<line hits="1" number="218"/>
						<line branch="true" condition-coverage="100% (2/2)" hits="1" number="219"/>
						<line hits="1" number="220"/>
						<line hits="1" number="222"/>
						<line hits="1" number="224"/>
						<line hits="1" number="227"/>
						<line hits="1" number="241"/>
						<line branch="true" condition-coverage="100% (2/2)" hits="1" number="255"/>
						<line hits="1" number="256"/>
						<line branch="true" condition-coverage="100% (2/2)" hits="1" number="257"/>
						<line hits="1" number="260"/>
						<line branch="true" condition-coverage="100% (2/2)" hits="1" number="262"/>
						<line hits="1" number="267"/>
						<line hits="1" number="269"/>
						<line hits="1" number="271"/>
						<line hits="1" number="274"/>
						<line hits="1" number="289"/>
						<line branch="true" condition-coverage="100% (2/2)" hits="1" number="290"/>
						<line hits="1" number="291"/>
						<line branch="true" condition-coverage="100% (2/2)" hits="1" number="292"/>
						<line hits="1" number="293"/>
						<line hits="1" number="295"/>
						<line hits="1" number="303"/>
						<line branch="true" condition-coverage="100% (2/2)" hits="1" number="304"/>
						<line hits="1" number="305"/>
						<line hits="1" number="317"/>
						<line hits="1" number="318"/>
					</lines>
				</class>
				<class branch-rate="1" complexity="0" filename="src/ramstk/analyses/milhdbk217f/__init__.py" line-rate="1" name="__init__.py">
					<methods/>
					<lines>
						<line hits="1" number="2"/>
					</lines>
				</class>
			</classes>
		</package>
		<package branch-rate="0.8733" complexity="0" line-rate="0.9764" name="src.ramstk.analyses.milhdbk217f.models">
			<classes>
				<class branch-rate="1" complexity="0" filename="src/ramstk/analyses/milhdbk217f/models/Capacitor.py" line-rate="1" name="Capacitor.py">
					<methods/>
					<lines>
						<line hits="1" number="8"/>
						<line hits="1" number="13"/>
						<line hits="1" number="97"/>
						<line hits="1" number="98"/>
						<line hits="1" number="119"/>
						<line hits="1" number="120"/>
						<line hits="1" number="121"/>
						<line hits="1" number="125"/>
						<line hits="1" number="138"/>
						<line hits="1" number="148"/>
						<line hits="1" number="169"/>
						<line hits="1" number="170"/>
						<line hits="1" number="171"/>
						<line hits="1" number="173"/>
						<line hits="1" number="176"/>
						<line hits="1" number="188"/>
						<line hits="1" number="195"/>
						<line hits="1" number="205"/>
						<line hits="1" number="211"/>
						<line hits="1" number="212"/>
						<line hits="1" number="214"/>
						<line hits="1" number="218"/>
						<line hits="1" number="224"/>
						<line branch="true" condition-coverage="100% (2/2)" hits="1" number="227"/>
						<line hits="1" number="228"/>
						<line branch="true" condition-coverage="100% (2/2)" hits="1" number="230"/>
						<line hits="1" number="231"/>
						<line branch="true" condition-coverage="100% (2/2)" hits="1" number="233"/>
						<line hits="1" number="234"/>
						<line hits="1" number="238"/>
						<line hits="1" number="241"/>
						<line hits="1" number="261"/>
						<line hits="1" number="283"/>
						<line hits="1" number="284"/>
						<line hits="1" number="285"/>
						<line hits="1" number="286"/>
						<line hits="1" number="287"/>
						<line hits="1" number="288"/>
						<line hits="1" number="289"/>
						<line hits="1" number="292"/>
						<line hits="1" number="295"/>
						<line hits="1" number="313"/>
						<line branch="true" condition-coverage="100% (2/2)" hits="1" number="316"/>
						<line hits="1" number="317"/>
						<line branch="true" condition-coverage="100% (2/2)" hits="1" number="318"/>
						<line hits="1" number="319"/>
						<line branch="true" condition-coverage="100% (2/2)" hits="1" number="320"/>
						<line hits="1" number="321"/>
						<line branch="true" condition-coverage="100% (2/2)" hits="1" number="322"/>
						<line hits="1" number="323"/>
						<line branch="true" condition-coverage="100% (2/2)" hits="1" number="324"/>
						<line hits="1" number="325"/>
						<line hits="1" number="327"/>
						<line hits="1" number="329"/>
						<line hits="1" number="332"/>
						<line hits="1" number="341"/>
						<line hits="1" number="344"/>
						<line hits="1" number="353"/>
						<line hits="1" number="356"/>
						<line branch="true" condition-coverage="100% (2/2)" hits="1" number="438"/>
						<line hits="1" number="439"/>
						<line hits="1" number="442"/>
						<line hits="1" number="445"/>
					</lines>
				</class>
				<class branch-rate="1" complexity="0" filename="src/ramstk/analyses/milhdbk217f/models/Connection.py" line-rate="1" name="Connection.py">
					<methods/>
					<lines>
						<line hits="1" number="7"/>
						<line hits="1" number="12"/>
						<line hits="1" number="69"/>
						<line hits="1" number="70"/>
						<line hits="1" number="74"/>
						<line hits="1" number="75"/>
						<line hits="1" number="109"/>
						<line hits="1" number="110"/>
						<line hits="1" number="113"/>
						<line hits="1" number="121"/>
						<line hits="1" number="124"/>
						<line branch="true" condition-coverage="100% (2/2)" hits="1" number="132"/>
						<line hits="1" number="133"/>
						<line hits="1" number="135"/>
						<line hits="1" number="137"/>
						<line hits="1" number="140"/>
						<line hits="1" number="171"/>
						<line hits="1" number="179"/>
						<line hits="1" number="180"/>
						<line hits="1" number="182"/>
						<line hits="1" number="185"/>
						<line hits="1" number="196"/>
						<line hits="1" number="203"/>
						<line hits="1" number="215"/>
						<line hits="1" number="219"/>
						<line hits="1" number="221"/>
						<line hits="1" number="223"/>
						<line hits="1" number="225"/>
						<line hits="1" number="228"/>
						<line hits="1" number="236"/>
						<line branch="true" condition-coverage="100% (2/2)" hits="1" number="238"/>
						<line hits="1" number="239"/>
						<line branch="true" condition-coverage="100% (2/2)" hits="1" number="241"/>
						<line hits="1" number="242"/>
						<line branch="true" condition-coverage="100% (2/2)" hits="1" number="247"/>
						<line hits="1" number="248"/>
						<line hits="1" number="251"/>
						<line hits="1" number="255"/>
						<line hits="1" number="258"/>
						<line hits="1" number="292"/>
						<line hits="1" number="329"/>
						<line branch="true" condition-coverage="100% (2/2)" hits="1" number="336"/>
						<line hits="1" number="337"/>
						<line hits="1" number="339"/>
						<line hits="1" number="341"/>
						<line hits="1" number="342"/>
						<line hits="1" number="343"/>
						<line hits="1" number="344"/>
						<line branch="true" condition-coverage="100% (2/2)" hits="1" number="346"/>
						<line hits="1" number="347"/>
						<line branch="true" condition-coverage="100% (2/2)" hits="1" number="348"/>
						<line hits="1" number="349"/>
						<line hits="1" number="351"/>
						<line hits="1" number="354"/>
						<line hits="1" number="357"/>
						<line branch="true" condition-coverage="100% (2/2)" hits="1" number="366"/>
						<line hits="1" number="367"/>
						<line branch="true" condition-coverage="100% (2/2)" hits="1" number="368"/>
						<line hits="1" number="369"/>
						<line branch="true" condition-coverage="100% (2/2)" hits="1" number="370"/>
						<line hits="1" number="371"/>
						<line branch="true" condition-coverage="100% (2/2)" hits="1" number="372"/>
						<line hits="1" number="373"/>
						<line hits="1" number="375"/>
						<line hits="1" number="377"/>
						<line hits="1" number="380"/>
						<line branch="true" condition-coverage="100% (2/2)" hits="1" number="423"/>
						<line hits="1" number="424"/>
						<line hits="1" number="427"/>
						<line hits="1" number="430"/>
					</lines>
				</class>
				<class branch-rate="1" complexity="0" filename="src/ramstk/analyses/milhdbk217f/models/Crystal.py" line-rate="1" name="Crystal.py">
					<methods/>
					<lines>
						<line hits="1" number="8"/>
						<line hits="1" number="10"/>
						<line hits="1" number="14"/>
						<line hits="1" number="15"/>
						<line hits="1" number="16"/>
						<line hits="1" number="22"/>
						<line hits="1" number="33"/>
						<line hits="1" number="36"/>
						<line hits="1" number="48"/>
						<line hits="1" number="50"/>
						<line hits="1" number="54"/>
						<line hits="1" number="57"/>
						<line hits="1" number="67"/>
					</lines>
				</class>
				<class branch-rate="1" complexity="0" filename="src/ramstk/analyses/milhdbk217f/models/Filter.py" line-rate="1" name="Filter.py">
					<methods/>
					<lines>
						<line hits="1" number="7"/>
						<line hits="1" number="9"/>
						<line hits="1" number="21"/>
						<line hits="1" number="22"/>
						<line hits="1" number="25"/>
						<line hits="1" number="28"/>
						<line hits="1" number="39"/>
						<line hits="1" number="45"/>
						<line hits="1" number="55"/>
						<line hits="1" number="57"/>
						<line hits="1" number="61"/>
						<line hits="1" number="64"/>
						<line hits="1" number="76"/>
					</lines>
				</class>
				<class branch-rate="1" complexity="0" filename="src/ramstk/analyses/milhdbk217f/models/Fuse.py" line-rate="1" name="Fuse.py">
					<methods/>
					<lines>
						<line hits="1" number="7"/>
						<line hits="1" number="9"/>
						<line hits="1" number="13"/>
						<line hits="1" number="19"/>
						<line hits="1" number="30"/>
						<line hits="1" number="33"/>
						<line hits="1" number="44"/>
						<line hits="1" number="46"/>
						<line hits="1" number="49"/>
						<line hits="1" number="58"/>
					</lines>
				</class>
				<class branch-rate="1" complexity="0" filename="src/ramstk/analyses/milhdbk217f/models/Inductor.py" line-rate="1" name="Inductor.py">
					<methods/>
					<lines>
						<line hits="1" number="7"/>
						<line hits="1" number="12"/>
						<line hits="1" number="42"/>
						<line hits="1" number="43"/>
						<line hits="1" number="52"/>
						<line hits="1" number="62"/>
						<line hits="1" number="80"/>
						<line hits="1" number="87"/>
						<line hits="1" number="90"/>
						<line hits="1" number="101"/>
						<line hits="1" number="108"/>
						<line hits="1" number="119"/>
						<line hits="1" number="120"/>
						<line hits="1" number="124"/>
						<line branch="true" condition-coverage="100% (2/2)" hits="1" number="126"/>
						<line hits="1" number="128"/>
						<line branch="true" condition-coverage="100% (2/2)" hits="1" number="130"/>
						<line hits="1" number="131"/>
						<line branch="true" condition-coverage="100% (2/2)" hits="1" number="134"/>
						<line hits="1" number="135"/>
						<line branch="true" condition-coverage="100% (2/2)" hits="1" number="138"/>
						<line hits="1" number="139"/>
						<line hits="1" number="143"/>
						<line hits="1" number="144"/>
						<line hits="1" number="146"/>
						<line hits="1" number="150"/>
						<line branch="true" condition-coverage="100% (2/2)" hits="1" number="153"/>
						<line hits="1" number="154"/>
						<line hits="1" number="157"/>
						<line hits="1" number="160"/>
						<line hits="1" number="173"/>
						<line hits="1" number="190"/>
						<line hits="1" number="191"/>
						<line hits="1" number="192"/>
						<line hits="1" number="193"/>
						<line hits="1" number="195"/>
						<line hits="1" number="198"/>
						<line hits="1" number="211"/>
						<line hits="1" number="214"/>
						<line hits="1" number="224"/>
						<line hits="1" number="227"/>
						<line hits="1" number="237"/>
						<line hits="1" number="240"/>
						<line hits="1" number="279"/>
						<line hits="1" number="283"/>
						<line branch="true" condition-coverage="100% (2/2)" hits="1" number="295"/>
						<line hits="1" number="296"/>
						<line hits="1" number="298"/>
						<line hits="1" number="300"/>
						<line hits="1" number="303"/>
						<line hits="1" number="313"/>
					</lines>
				</class>
				<class branch-rate="0.4318" complexity="0" filename="src/ramstk/analyses/milhdbk217f/models/IntegratedCircuit.py" line-rate="0.9048" name="IntegratedCircuit.py">
					<methods/>
					<lines>
						<line hits="1" number="8"/>
						<line hits="1" number="13"/>
						<line hits="1" number="36"/>
						<line hits="1" number="48"/>
						<line hits="1" number="55"/>
						<line hits="1" number="331"/>
						<line hits="1" number="332"/>
						<line hits="1" number="335"/>
						<line hits="1" number="336"/>
						<line hits="1" number="339"/>
						<line hits="1" number="349"/>
						<line hits="1" number="352"/>
						<line hits="1" number="363"/>
						<line hits="1" number="366"/>
						<line hits="1" number="379"/>
						<line hits="1" number="382"/>
						<line branch="true" condition-coverage="50% (1/2)" hits="1" missing-branches="388" number="383"/>
						<line hits="1" number="384"/>
						<line hits="1" number="387"/>
						<line branch="true" condition-coverage="50% (1/2)" hits="1" missing-branches="401" number="388"/>
						<line branch="true" condition-coverage="0% (0/2)" hits="1" missing-branches="390,392" number="389"/>
						<line hits="1" number="390"/>
						<line hits="1" number="392"/>
						<line hits="1" number="394"/>
						<line hits="1" number="397"/>
						<line hits="1" number="401"/>
						<line hits="1" number="402"/>
						<line hits="0" number="404"/>
						<line hits="0" number="407"/>
						<line branch="true" condition-coverage="50% (1/2)" hits="1" missing-branches="424" number="421"/>
						<line hits="1" number="422"/>
						<line hits="1" number="423"/>
						<line branch="true" condition-coverage="50% (1/2)" hits="1" missing-branches="428" number="424"/>
						<line hits="1" number="425"/>
						<line hits="1" number="426"/>
						<line hits="1" number="428"/>
						<line hits="1" number="429"/>
						<line hits="1" number="431"/>
						<line hits="0" number="436"/>
						<line hits="0" number="444"/>
						<line hits="1" number="447"/>
						<line hits="1" number="455"/>
						<line hits="1" number="458"/>
						<line branch="true" condition-coverage="100% (2/2)" hits="1" number="468"/>
						<line hits="1" number="469"/>
						<line branch="true" condition-coverage="100% (2/2)" hits="1" number="470"/>
						<line hits="1" number="471"/>
						<line branch="true" condition-coverage="50% (1/2)" hits="1" missing-branches="474" number="472"/>
						<line hits="1" number="473"/>
						<line branch="true" condition-coverage="0% (0/2)" hits="1" missing-branches="475,477" number="474"/>
						<line hits="1" number="475"/>
						<line hits="1" number="477"/>
						<line hits="1" number="479"/>
						<line hits="1" number="480"/>
						<line hits="0" number="482"/>
						<line hits="1" number="485"/>
						<line hits="1" number="497"/>
						<line hits="0" number="505"/>
						<line hits="1" number="516"/>
						<line hits="1" number="519"/>
						<line hits="1" number="522"/>
						<line hits="1" number="524"/>
						<line branch="true" condition-coverage="50% (1/2)" hits="1" missing-branches="537" number="527"/>
						<line hits="1" number="528"/>
						<line hits="1" number="531"/>
						<line hits="1" number="533"/>
						<line branch="true" condition-coverage="50% (1/2)" hits="1" missing-branches="560" number="537"/>
						<line hits="1" number="538"/>
						<line hits="1" number="541"/>
						<line branch="true" condition-coverage="50% (1/2)" hits="1" missing-branches="553" number="543"/>
						<line hits="1" number="544"/>
						<line hits="1" number="546"/>
						<line hits="1" number="549"/>
						<line hits="0" number="553"/>
						<line hits="1" number="555"/>
						<line branch="true" condition-coverage="50% (1/2)" hits="1" missing-branches="570" number="560"/>
						<line hits="1" number="561"/>
						<line hits="1" number="564"/>
						<line hits="1" number="566"/>
						<line branch="true" condition-coverage="0% (0/2)" hits="0" missing-branches="571,589" number="570"/>
						<line hits="1" number="571"/>
						<line hits="1" number="573"/>
						<line hits="1" number="575"/>
						<line hits="1" number="577"/>
						<line hits="1" number="579"/>
						<line hits="1" number="581"/>
						<line hits="1" number="584"/>
						<line hits="1" number="589"/>
						<line hits="1" number="592"/>
						<line hits="1" number="603"/>
						<line hits="1" number="606"/>
						<line hits="1" number="623"/>
						<line branch="true" condition-coverage="50% (1/2)" hits="1" missing-branches="649" number="647"/>
						<line hits="1" number="648"/>
						<line branch="true" condition-coverage="50% (1/2)" hits="1" missing-branches="652" number="649"/>
						<line hits="1" number="650"/>
						<line hits="1" number="652"/>
						<line branch="true" condition-coverage="50% (1/2)" hits="1" missing-branches="657" number="654"/>
						<line hits="1" number="655"/>
						<line branch="true" condition-coverage="50% (1/2)" hits="1" missing-branches="661" number="657"/>
						<line hits="1" number="658"/>
						<line hits="1" number="661"/>
						<line hits="1" number="663"/>
						<line hits="1" number="666"/>
						<line branch="true" condition-coverage="0% (0/2)" hits="0" missing-branches="675,677" number="674"/>
						<line hits="0" number="675"/>
						<line hits="1" number="677"/>
						<line hits="1" number="679"/>
						<line hits="1" number="682"/>
						<line hits="1" number="691"/>
						<line hits="1" number="694"/>
						<line branch="true" condition-coverage="0% (0/2)" hits="1" missing-branches="703,705" number="702"/>
						<line hits="1" number="703"/>
						<line hits="1" number="705"/>
						<line hits="1" number="707"/>
						<line hits="1" number="710"/>
						<line hits="0" number="719"/>
						<line hits="0" number="722"/>
						<line hits="1" number="784"/>
						<line branch="true" condition-coverage="50% (1/2)" hits="1" missing-branches="812" number="808"/>
						<line hits="1" number="809"/>
						<line hits="1" number="812"/>
						<line branch="true" condition-coverage="50% (1/2)" hits="1" missing-branches="818" number="814"/>
						<line hits="1" number="815"/>
						<line hits="1" number="818"/>
						<line hits="1" number="821"/>
					</lines>
				</class>
				<class branch-rate="1" complexity="0" filename="src/ramstk/analyses/milhdbk217f/models/Lamp.py" line-rate="1" name="Lamp.py">
					<methods/>
					<lines>
						<line hits="1" number="7"/>
						<line hits="1" number="9"/>
						<line hits="1" number="19"/>
						<line hits="1" number="22"/>
						<line hits="1" number="33"/>
						<line hits="1" number="39"/>
						<line hits="1" number="50"/>
						<line branch="true" condition-coverage="100% (2/2)" hits="1" number="53"/>
						<line hits="1" number="54"/>
						<line branch="true" condition-coverage="100% (2/2)" hits="1" number="55"/>
						<line hits="1" number="56"/>
						<line hits="1" number="58"/>
						<line hits="1" number="61"/>
						<line hits="1" number="63"/>
						<line hits="1" number="67"/>
						<line hits="1" number="70"/>
						<line hits="1" number="84"/>
					</lines>
				</class>
				<class branch-rate="0.8889" complexity="0" filename="src/ramstk/analyses/milhdbk217f/models/Meter.py" line-rate="1" name="Meter.py">
					<methods/>
					<lines>
						<line hits="1" number="7"/>
						<line hits="1" number="9"/>
						<line hits="1" number="35"/>
						<line hits="1" number="36"/>
						<line hits="1" number="37"/>
						<line hits="1" number="38"/>
						<line hits="1" number="48"/>
						<line hits="1" number="51"/>
						<line hits="1" number="62"/>
						<line hits="1" number="69"/>
						<line hits="1" number="80"/>
						<line hits="1" number="82"/>
						<line branch="true" condition-coverage="100% (2/2)" hits="1" number="86"/>
						<line hits="1" number="87"/>
						<line hits="1" number="88"/>
						<line hits="1" number="90"/>
						<line branch="true" condition-coverage="100% (2/2)" hits="1" number="92"/>
						<line hits="1" number="93"/>
						<line branch="true" condition-coverage="50% (1/2)" hits="1" missing-branches="101" number="97"/>
						<line hits="1" number="98"/>
						<line hits="1" number="101"/>
						<line hits="1" number="104"/>
						<line hits="1" number="139"/>
						<line hits="1" number="143"/>
						<line branch="true" condition-coverage="100% (2/2)" hits="1" number="157"/>
						<line hits="1" number="158"/>
						<line branch="true" condition-coverage="100% (2/2)" hits="1" number="159"/>
						<line hits="1" number="160"/>
						<line hits="1" number="162"/>
						<line hits="1" number="164"/>
						<line hits="1" number="167"/>
						<line hits="1" number="180"/>
						<line branch="true" condition-coverage="100% (2/2)" hits="1" number="182"/>
						<line hits="1" number="183"/>
						<line branch="true" condition-coverage="100% (2/2)" hits="1" number="184"/>
						<line hits="1" number="185"/>
						<line branch="true" condition-coverage="100% (2/2)" hits="1" number="186"/>
						<line hits="1" number="187"/>
						<line branch="true" condition-coverage="50% (1/2)" hits="1" missing-branches="191" number="188"/>
						<line hits="1" number="189"/>
						<line hits="1" number="191"/>
					</lines>
				</class>
				<class branch-rate="0.9615" complexity="0" filename="src/ramstk/analyses/milhdbk217f/models/Relay.py" line-rate="1" name="Relay.py">
					<methods/>
					<lines>
						<line hits="1" number="8"/>
						<line hits="1" number="13"/>
						<line hits="1" number="51"/>
						<line hits="1" number="52"/>
						<line hits="1" number="53"/>
						<line hits="1" number="54"/>
						<line hits="1" number="70"/>
						<line hits="1" number="143"/>
						<line branch="true" condition-coverage="100% (2/2)" hits="1" number="152"/>
						<line hits="1" number="153"/>
						<line branch="true" condition-coverage="100% (2/2)" hits="1" number="154"/>
						<line hits="1" number="155"/>
						<line branch="true" condition-coverage="100% (2/2)" hits="1" number="156"/>
						<line hits="1" number="157"/>
						<line hits="1" number="159"/>
						<line hits="1" number="161"/>
						<line hits="1" number="164"/>
						<line branch="true" condition-coverage="100% (2/2)" hits="1" number="175"/>
						<line hits="1" number="176"/>
						<line branch="true" condition-coverage="100% (2/2)" hits="1" number="177"/>
						<line hits="1" number="178"/>
						<line branch="true" condition-coverage="100% (2/2)" hits="1" number="179"/>
						<line hits="1" number="180"/>
						<line hits="1" number="182"/>
						<line hits="1" number="184"/>
						<line hits="1" number="187"/>
						<line hits="1" number="198"/>
						<line hits="1" number="205"/>
						<line hits="1" number="216"/>
						<line hits="1" number="219"/>
						<line hits="1" number="221"/>
						<line hits="1" number="223"/>
						<line hits="1" number="226"/>
						<line branch="true" condition-coverage="100% (2/2)" hits="1" number="230"/>
						<line hits="1" number="231"/>
						<line hits="1" number="234"/>
						<line branch="true" condition-coverage="100% (2/2)" hits="1" number="237"/>
						<line hits="1" number="238"/>
						<line hits="1" number="244"/>
						<line hits="1" number="247"/>
						<line hits="1" number="260"/>
						<line hits="1" number="264"/>
						<line branch="true" condition-coverage="100% (2/2)" hits="1" number="266"/>
						<line hits="1" number="267"/>
						<line hits="1" number="268"/>
						<line hits="1" number="269"/>
						<line hits="1" number="270"/>
						<line branch="true" condition-coverage="50% (1/2)" hits="1" missing-branches="274" number="271"/>
						<line hits="1" number="272"/>
						<line hits="1" number="274"/>
						<line hits="1" number="277"/>
						<line branch="true" condition-coverage="100% (2/2)" hits="1" number="291"/>
						<line hits="1" number="292"/>
						<line hits="1" number="294"/>
						<line hits="1" number="296"/>
						<line hits="1" number="300"/>
						<line branch="true" condition-coverage="100% (2/2)" hits="1" number="312"/>
						<line hits="1" number="313"/>
						<line hits="1" number="315"/>
						<line branch="true" condition-coverage="100% (2/2)" hits="1" number="317"/>
						<line hits="1" number="318"/>
						<line hits="1" number="320"/>
						<line hits="1" number="322"/>
						<line hits="1" number="325"/>
						<line hits="1" number="361"/>
					</lines>
				</class>
				<class branch-rate="0.9375" complexity="0" filename="src/ramstk/analyses/milhdbk217f/models/Resistor.py" line-rate="0.9898" name="Resistor.py">
					<methods/>
					<lines>
						<line hits="1" number="7"/>
						<line hits="1" number="20"/>
						<line hits="1" number="98"/>
						<line hits="1" number="99"/>
						<line hits="1" number="116"/>
						<line hits="1" number="117"/>
						<line hits="1" number="175"/>
						<line hits="1" number="220"/>
						<line hits="1" number="229"/>
						<line hits="1" number="251"/>
						<line hits="1" number="262"/>
						<line hits="1" number="269"/>
						<line hits="1" number="280"/>
						<line hits="1" number="284"/>
						<line hits="1" number="288"/>
						<line branch="true" condition-coverage="100% (2/2)" hits="1" number="295"/>
						<line hits="1" number="296"/>
						<line hits="1" number="298"/>
						<line branch="true" condition-coverage="100% (2/2)" hits="1" number="301"/>
						<line hits="1" number="302"/>
						<line hits="1" number="305"/>
						<line branch="true" condition-coverage="100% (2/2)" hits="1" number="308"/>
						<line hits="1" number="309"/>
						<line branch="true" condition-coverage="100% (2/2)" hits="1" number="312"/>
						<line hits="1" number="313"/>
						<line branch="true" condition-coverage="100% (2/2)" hits="1" number="317"/>
						<line hits="1" number="318"/>
						<line branch="true" condition-coverage="100% (2/2)" hits="1" number="323"/>
						<line hits="1" number="324"/>
						<line hits="1" number="327"/>
						<line hits="1" number="330"/>
						<line hits="1" number="348"/>
						<line branch="true" condition-coverage="100% (2/2)" hits="1" number="370"/>
						<line hits="1" number="371"/>
						<line hits="1" number="372"/>
						<line hits="1" number="373"/>
						<line hits="1" number="374"/>
						<line hits="1" number="375"/>
						<line hits="1" number="376"/>
						<line hits="1" number="377"/>
						<line branch="true" condition-coverage="100% (2/2)" hits="1" number="378"/>
						<line hits="1" number="379"/>
						<line hits="1" number="380"/>
						<line hits="1" number="381"/>
						<line hits="1" number="382"/>
						<line hits="1" number="383"/>
						<line hits="1" number="384"/>
						<line hits="1" number="385"/>
						<line branch="true" condition-coverage="100% (2/2)" hits="1" number="387"/>
						<line hits="1" number="388"/>
						<line branch="true" condition-coverage="100% (2/2)" hits="1" number="389"/>
						<line hits="1" number="390"/>
						<line hits="1" number="392"/>
						<line hits="1" number="397"/>
						<line hits="1" number="400"/>
						<line hits="1" number="413"/>
						<line hits="1" number="414"/>
						<line hits="1" number="416"/>
						<line hits="1" number="419"/>
						<line branch="true" condition-coverage="100% (2/2)" hits="1" number="491"/>
						<line hits="1" number="492"/>
						<line hits="1" number="495"/>
						<line hits="1" number="498"/>
						<line hits="1" number="501"/>
						<line hits="1" number="516"/>
						<line hits="1" number="534"/>
						<line branch="true" condition-coverage="100% (2/2)" hits="1" number="536"/>
						<line hits="1" number="537"/>
						<line branch="true" condition-coverage="100% (2/2)" hits="1" number="538"/>
						<line hits="1" number="539"/>
						<line hits="1" number="541"/>
						<line branch="true" condition-coverage="100% (2/2)" hits="1" number="543"/>
						<line hits="1" number="544"/>
						<line branch="true" condition-coverage="50% (1/2)" hits="1" missing-branches="546" number="545"/>
						<line hits="0" number="546"/>
						<line branch="true" condition-coverage="100% (2/2)" hits="1" number="547"/>
						<line hits="1" number="548"/>
						<line branch="true" condition-coverage="100% (2/2)" hits="1" number="556"/>
						<line hits="1" number="557"/>
						<line branch="true" condition-coverage="50% (1/2)" hits="1" missing-branches="562" number="559"/>
						<line hits="1" number="560"/>
						<line hits="1" number="562"/>
						<line hits="1" number="565"/>
						<line hits="1" number="576"/>
						<line hits="1" number="577"/>
						<line branch="true" condition-coverage="100% (2/2)" hits="1" number="578"/>
						<line hits="1" number="579"/>
						<line branch="true" condition-coverage="100% (2/2)" hits="1" number="580"/>
						<line hits="1" number="581"/>
						<line branch="true" condition-coverage="50% (1/2)" hits="1" missing-branches="592" number="583"/>
						<line hits="1" number="584"/>
						<line branch="true" condition-coverage="100% (2/2)" hits="1" number="585"/>
						<line hits="1" number="586"/>
						<line branch="true" condition-coverage="100% (2/2)" hits="1" number="587"/>
						<line hits="1" number="588"/>
						<line branch="true" condition-coverage="100% (2/2)" hits="1" number="589"/>
						<line hits="1" number="590"/>
						<line hits="1" number="592"/>
					</lines>
				</class>
				<class branch-rate="1" complexity="0" filename="src/ramstk/analyses/milhdbk217f/models/Semiconductor.py" line-rate="1" name="Semiconductor.py">
					<methods/>
					<lines>
						<line hits="1" number="9"/>
						<line hits="1" number="14"/>
						<line hits="1" number="144"/>
						<line hits="1" number="159"/>
						<line hits="1" number="181"/>
						<line hits="1" number="189"/>
						<line hits="1" number="209"/>
						<line hits="1" number="213"/>
						<line hits="1" number="223"/>
						<line hits="1" number="225"/>
						<line hits="1" number="281"/>
						<line hits="1" number="284"/>
						<line branch="true" condition-coverage="100% (2/2)" hits="1" number="297"/>
						<line hits="1" number="298"/>
						<line branch="true" condition-coverage="100% (2/2)" hits="1" number="299"/>
						<line branch="true" condition-coverage="100% (2/2)" hits="1" number="300"/>
						<line hits="1" number="301"/>
						<line hits="1" number="303"/>
						<line branch="true" condition-coverage="100% (2/2)" hits="1" number="304"/>
						<line branch="true" condition-coverage="100% (2/2)" hits="1" number="305"/>
						<line hits="1" number="306"/>
						<line hits="1" number="308"/>
						<line hits="1" number="310"/>
						<line hits="1" number="312"/>
						<line hits="1" number="315"/>
						<line branch="true" condition-coverage="100% (2/2)" hits="1" number="326"/>
						<line branch="true" condition-coverage="100% (2/2)" hits="1" number="327"/>
						<line hits="1" number="328"/>
						<line branch="true" condition-coverage="100% (2/2)" hits="1" number="329"/>
						<line hits="1" number="330"/>
						<line hits="1" number="332"/>
						<line branch="true" condition-coverage="100% (2/2)" hits="1" number="333"/>
						<line hits="1" number="334"/>
						<line branch="true" condition-coverage="100% (2/2)" hits="1" number="335"/>
						<line branch="true" condition-coverage="100% (2/2)" hits="1" number="336"/>
						<line hits="1" number="337"/>
						<line hits="1" number="339"/>
						<line hits="1" number="341"/>
						<line hits="1" number="343"/>
						<line hits="1" number="346"/>
						<line branch="true" condition-coverage="100% (2/2)" hits="1" number="369"/>
						<line hits="1" number="370"/>
						<line branch="true" condition-coverage="100% (2/2)" hits="1" number="371"/>
						<line hits="1" number="372"/>
						<line hits="1" number="373"/>
						<line hits="1" number="375"/>
						<line hits="1" number="378"/>
						<line hits="1" number="386"/>
						<line hits="1" number="390"/>
						<line hits="1" number="393"/>
						<line hits="1" number="405"/>
						<line hits="1" number="408"/>
						<line hits="1" number="412"/>
						<line hits="1" number="417"/>
						<line hits="1" number="420"/>
						<line hits="1" number="423"/>
						<line hits="1" number="426"/>
						<line hits="1" number="431"/>
						<line hits="1" number="434"/>
						<line hits="1" number="437"/>
						<line hits="1" number="438"/>
						<line hits="1" number="440"/>
						<line branch="true" condition-coverage="100% (2/2)" hits="1" number="444"/>
						<line hits="1" number="445"/>
						<line branch="true" condition-coverage="100% (2/2)" hits="1" number="448"/>
						<line hits="1" number="449"/>
						<line branch="true" condition-coverage="100% (2/2)" hits="1" number="452"/>
						<line hits="1" number="453"/>
						<line branch="true" condition-coverage="100% (2/2)" hits="1" number="457"/>
						<line hits="1" number="458"/>
						<line branch="true" condition-coverage="100% (2/2)" hits="1" number="460"/>
						<line hits="1" number="461"/>
						<line branch="true" condition-coverage="100% (2/2)" hits="1" number="464"/>
						<line hits="1" number="465"/>
						<line branch="true" condition-coverage="100% (2/2)" hits="1" number="468"/>
						<line hits="1" number="469"/>
						<line hits="1" number="474"/>
						<line hits="1" number="477"/>
						<line hits="1" number="494"/>
						<line branch="true" condition-coverage="100% (2/2)" hits="1" number="514"/>
						<line hits="1" number="515"/>
						<line branch="true" condition-coverage="100% (2/2)" hits="1" number="516"/>
						<line hits="1" number="517"/>
						<line branch="true" condition-coverage="100% (2/2)" hits="1" number="519"/>
						<line branch="true" condition-coverage="100% (2/2)" hits="1" number="520"/>
						<line hits="1" number="521"/>
						<line hits="1" number="523"/>
						<line branch="true" condition-coverage="100% (2/2)" hits="1" number="525"/>
						<line branch="true" condition-coverage="100% (2/2)" hits="1" number="526"/>
						<line hits="1" number="527"/>
						<line hits="1" number="529"/>
						<line hits="1" number="531"/>
						<line hits="1" number="533"/>
						<line hits="1" number="536"/>
						<line branch="true" condition-coverage="100% (2/2)" hits="1" number="550"/>
						<line branch="true" condition-coverage="100% (2/2)" hits="1" number="551"/>
						<line hits="1" number="552"/>
						<line hits="1" number="554"/>
						<line branch="true" condition-coverage="100% (2/2)" hits="1" number="555"/>
						<line branch="true" condition-coverage="100% (2/2)" hits="1" number="556"/>
						<line hits="1" number="557"/>
						<line hits="1" number="559"/>
						<line branch="true" condition-coverage="100% (2/2)" hits="1" number="560"/>
						<line hits="1" number="561"/>
						<line hits="1" number="563"/>
						<line hits="1" number="565"/>
						<line hits="1" number="568"/>
						<line branch="true" condition-coverage="100% (2/2)" hits="1" number="584"/>
						<line hits="1" number="585"/>
						<line branch="true" condition-coverage="100% (2/2)" hits="1" number="586"/>
						<line hits="1" number="587"/>
						<line hits="1" number="589"/>
						<line branch="true" condition-coverage="100% (2/2)" hits="1" number="591"/>
						<line hits="1" number="592"/>
						<line hits="1" number="593"/>
						<line hits="1" number="594"/>
						<line branch="true" condition-coverage="100% (2/2)" hits="1" number="595"/>
						<line hits="1" number="596"/>
						<line hits="1" number="599"/>
						<line hits="1" number="602"/>
						<line hits="1" number="605"/>
						<line hits="1" number="608"/>
						<line branch="true" condition-coverage="100% (2/2)" hits="1" number="669"/>
						<line hits="1" number="670"/>
						<line hits="1" number="673"/>
						<line hits="1" number="676"/>
						<line hits="1" number="679"/>
						<line branch="true" condition-coverage="100% (2/2)" hits="1" number="691"/>
						<line branch="true" condition-coverage="100% (2/2)" hits="1" number="692"/>
						<line hits="1" number="693"/>
						<line hits="1" number="695"/>
						<line hits="1" number="697"/>
						<line hits="1" number="699"/>
						<line hits="1" number="702"/>
						<line branch="true" condition-coverage="100% (2/2)" hits="1" number="714"/>
						<line hits="1" number="715"/>
						<line hits="1" number="717"/>
						<line hits="1" number="719"/>
					</lines>
				</class>
				<class branch-rate="0.75" complexity="0" filename="src/ramstk/analyses/milhdbk217f/models/Switch.py" line-rate="0.9138" name="Switch.py">
					<methods/>
					<lines>
						<line hits="1" number="7"/>
						<line hits="1" number="12"/>
						<line hits="1" number="40"/>
						<line hits="1" number="47"/>
						<line hits="1" number="54"/>
						<line hits="1" number="55"/>
						<line hits="1" number="59"/>
						<line hits="1" number="83"/>
						<line branch="true" condition-coverage="50% (1/2)" hits="1" missing-branches="92" number="90"/>
						<line hits="1" number="91"/>
						<line branch="true" condition-coverage="0% (0/2)" hits="0" missing-branches="93,94" number="92"/>
						<line hits="0" number="93"/>
						<line branch="true" condition-coverage="0% (0/2)" hits="0" missing-branches="95,97" number="94"/>
						<line hits="0" number="95"/>
						<line hits="1" number="97"/>
						<line hits="1" number="100"/>
						<line hits="1" number="111"/>
						<line hits="1" number="118"/>
						<line hits="1" number="136"/>
						<line branch="true" condition-coverage="100% (2/2)" hits="1" number="142"/>
[...]
						<line hits="1" number="381"/>
						<line hits="1" number="390"/>
						<line hits="1" number="392"/>
						<line hits="1" number="394"/>
						<line hits="1" number="402"/>
						<line branch="true" condition-coverage="100% (2/2)" hits="1" number="406"/>
						<line hits="1" number="407"/>
						<line hits="1" number="408"/>
						<line hits="1" number="411"/>
						<line hits="1" number="413"/>
						<line hits="1" number="415"/>
						<line hits="1" number="424"/>
						<line branch="true" condition-coverage="100% (2/2)" hits="1" number="426"/>
						<line hits="1" number="427"/>
						<line hits="1" number="428"/>
						<line hits="1" number="431"/>
						<line hits="1" number="433"/>
						<line hits="1" number="440"/>
						<line branch="true" condition-coverage="50% (1/2)" hits="1" missing-branches="448" number="442"/>
						<line hits="1" number="443"/>
						<line hits="1" number="448"/>
						<line hits="1" number="451"/>
						<line hits="1" number="460"/>
						<line hits="1" number="461"/>
						<line hits="1" number="463"/>
						<line hits="1" number="471"/>
						<line hits="1" number="485"/>
						<line hits="1" number="495"/>
						<line hits="1" number="496"/>
						<line branch="true" condition-coverage="100% (2/2)" hits="1" number="498"/>
						<line hits="1" number="500"/>
						<line hits="1" number="506"/>
						<line hits="1" number="507"/>
						<line hits="1" number="508"/>
						<line hits="1" number="509"/>
						<line hits="1" number="511"/>
						<line hits="1" number="513"/>
						<line hits="1" number="515"/>
						<line hits="1" number="523"/>
						<line hits="1" number="524"/>
						<line hits="1" number="525"/>
						<line hits="1" number="527"/>
						<line branch="true" condition-coverage="50% (1/2)" hits="1" missing-branches="542" number="533"/>
						<line hits="1" number="534"/>
						<line hits="1" number="540"/>
						<line hits="1" number="542"/>
						<line hits="1" number="544"/>
						<line hits="1" number="552"/>
						<line branch="true" condition-coverage="100% (2/2)" hits="1" number="556"/>
						<line hits="1" number="557"/>
						<line hits="1" number="558"/>
						<line hits="1" number="561"/>
						<line hits="1" number="563"/>
						<line hits="1" number="565"/>
						<line hits="1" number="574"/>
						<line branch="true" condition-coverage="100% (2/2)" hits="1" number="576"/>
						<line hits="1" number="577"/>
						<line hits="1" number="578"/>
						<line hits="1" number="581"/>
						<line hits="1" number="583"/>
						<line hits="1" number="590"/>
						<line branch="true" condition-coverage="50% (1/2)" hits="1" missing-branches="598" number="592"/>
						<line hits="1" number="593"/>
						<line hits="1" number="598"/>
						<line hits="1" number="601"/>
						<line hits="1" number="610"/>
						<line hits="1" number="611"/>
						<line hits="1" number="613"/>
						<line hits="1" number="621"/>
						<line hits="1" number="635"/>
						<line hits="1" number="645"/>
						<line hits="1" number="646"/>
						<line branch="true" condition-coverage="100% (2/2)" hits="1" number="648"/>
						<line hits="1" number="650"/>
						<line hits="1" number="659"/>
						<line hits="1" number="660"/>
						<line hits="1" number="661"/>
						<line hits="1" number="662"/>
						<line hits="1" number="664"/>
						<line hits="1" number="666"/>
						<line hits="1" number="668"/>
						<line hits="1" number="675"/>
						<line hits="1" number="676"/>
						<line hits="1" number="677"/>
						<line hits="1" number="679"/>
						<line branch="true" condition-coverage="50% (1/2)" hits="1" missing-branches="697" number="685"/>
						<line hits="1" number="686"/>
						<line hits="1" number="695"/>
						<line hits="1" number="697"/>
						<line hits="1" number="699"/>
						<line hits="1" number="707"/>
						<line branch="true" condition-coverage="100% (2/2)" hits="1" number="711"/>
						<line hits="1" number="712"/>
						<line hits="1" number="713"/>
						<line hits="1" number="716"/>
						<line hits="1" number="718"/>
						<line hits="1" number="720"/>
						<line hits="1" number="729"/>
						<line branch="true" condition-coverage="100% (2/2)" hits="1" number="731"/>
						<line hits="1" number="732"/>
						<line hits="1" number="733"/>
						<line hits="1" number="736"/>
						<line hits="1" number="738"/>
						<line hits="1" number="745"/>
						<line branch="true" condition-coverage="50% (1/2)" hits="1" missing-branches="753" number="747"/>
						<line hits="1" number="748"/>
						<line hits="1" number="753"/>
					</lines>
				</class>
				<class branch-rate="1" complexity="0" filename="src/ramstk/modules/usage/__init__.py" line-rate="1" name="__init__.py">
					<methods/>
					<lines/>
				</class>
			</classes>
		</package>
		<package branch-rate="0.7" complexity="0" line-rate="0.8729" name="src.ramstk.modules.validation">
			<classes>
				<class branch-rate="0.5" complexity="0" filename="src/ramstk/modules/validation/Controller.py" line-rate="0.791" name="Controller.py">
					<methods/>
					<lines>
						<line hits="1" number="7"/>
						<line hits="1" number="22"/>
						<line hits="1" number="30"/>
						<line hits="1" number="40"/>
						<line hits="1" number="53"/>
						<line hits="1" number="59"/>
						<line hits="1" number="65"/>
						<line hits="1" number="77"/>
						<line hits="1" number="81"/>
						<line hits="1" number="85"/>
						<line hits="1" number="89"/>
						<line hits="1" number="90"/>
						<line hits="1" number="94"/>
						<line hits="1" number="95"/>
						<line hits="1" number="99"/>
						<line hits="1" number="100"/>
						<line hits="1" number="104"/>
						<line hits="1" number="108"/>
						<line hits="1" number="109"/>
						<line hits="1" number="110"/>
						<line hits="1" number="114"/>
						<line hits="1" number="115"/>
						<line hits="1" number="117"/>
						<line hits="1" number="126"/>
						<line hits="1" number="133"/>
						<line hits="1" number="134"/>
						<line hits="1" number="135"/>
						<line hits="0" number="136"/>
						<line hits="0" number="137"/>
						<line hits="1" number="139"/>
						<line hits="1" number="140"/>
						<line hits="0" number="143"/>
						<line hits="0" number="144"/>
						<line hits="0" number="145"/>
						<line hits="0" number="148"/>
						<line hits="1" number="153"/>
						<line hits="1" number="169"/>
						<line hits="1" number="174"/>
						<line hits="1" number="175"/>
						<line hits="0" number="176"/>
						<line hits="0" number="177"/>
						<line hits="1" number="179"/>
						<line hits="1" number="183"/>
						<line hits="1" number="198"/>
						<line hits="1" number="199"/>
						<line hits="1" number="200"/>
						<line branch="true" condition-coverage="50% (1/2)" hits="1" missing-branches="203" number="202"/>
						<line hits="0" number="203"/>
						<line hits="0" number="211"/>
						<line hits="0" number="212"/>
						<line hits="0" number="213"/>
						<line branch="true" condition-coverage="50% (1/2)" hits="1" missing-branches="227" number="214"/>
						<line hits="1" number="215"/>
						<line hits="1" number="223"/>
						<line hits="1" number="224"/>
						<line hits="1" number="225"/>
						<line hits="1" number="227"/>
						<line hits="1" number="229"/>
						<line hits="1" number="243"/>
						<line hits="1" number="248"/>
						<line hits="1" number="249"/>
						<line hits="1" number="250"/>
						<line hits="1" number="251"/>
						<line hits="1" number="253"/>
						<line hits="1" number="257"/>
						<line hits="0" number="264"/>
						<line hits="0" number="266"/>
					</lines>
				</class>
				<class branch-rate="0.7174" complexity="0" filename="src/ramstk/modules/validation/Model.py" line-rate="0.9053" name="Model.py">
					<methods/>
					<lines>
						<line hits="1" number="7"/>
						<line hits="1" number="24"/>
						<line hits="1" number="32"/>
						<line hits="1" number="33"/>
						<line hits="1" number="35"/>
						<line hits="1" number="43"/>
						<line hits="1" number="50"/>
						<line hits="1" number="53"/>
						<line hits="1" number="58"/>
						<line hits="1" number="64"/>
						<line hits="1" number="65"/>
						<line hits="0" number="68"/>
						<line hits="0" number="72"/>
						<line hits="1" number="74"/>
						<line hits="1" number="86"/>
						<line hits="1" number="87"/>
						<line branch="true" condition-coverage="100% (2/2)" hits="1" number="89"/>
						<line hits="1" number="90"/>
						<line branch="true" condition-coverage="50% (1/2)" hits="1" missing-branches="94" number="91"/>
						<line hits="1" number="92"/>
						<line branch="true" condition-coverage="50% (1/2)" hits="1" missing-branches="95" number="94"/>
						<line hits="0" number="95"/>
						<line hits="1" number="97"/>
						<line hits="1" number="105"/>
						<line branch="true" condition-coverage="100% (2/2)" hits="1" number="152"/>
						<line hits="1" number="153"/>
						<line hits="1" number="154"/>
						<line hits="1" number="155"/>
						<line hits="1" number="156"/>
						<line hits="1" number="157"/>
						<line hits="1" number="158"/>
						<line hits="1" number="159"/>
						<line hits="1" number="160"/>
						<line hits="1" number="161"/>
						<line hits="1" number="165"/>
						<line hits="1" number="167"/>
						<line hits="1" number="175"/>
						<line hits="1" number="183"/>
						<line hits="1" number="184"/>
						<line hits="1" number="186"/>
						<line hits="1" number="190"/>
						<line hits="1" number="194"/>
						<line branch="true" condition-coverage="50% (1/2)" hits="1" missing-branches="197" number="196"/>
						<line hits="0" number="197"/>
						<line hits="1" number="199"/>
						<line hits="1" number="201"/>
						<line hits="1" number="210"/>
						<line branch="true" condition-coverage="100% (2/2)" hits="1" number="214"/>
						<line hits="1" number="215"/>
						<line hits="1" number="216"/>
						<line hits="1" number="219"/>
						<line branch="true" condition-coverage="50% (1/2)" hits="1" missing-branches="224" number="223"/>
						<line hits="0" number="224"/>
						<line hits="1" number="226"/>
						<line hits="1" number="228"/>
						<line hits="1" number="235"/>
						<line hits="1" number="236"/>
						<line hits="1" number="237"/>
						<line branch="true" condition-coverage="50% (1/2)" hits="1" missing-branches="260" number="243"/>
						<line hits="1" number="244"/>
						<line hits="1" number="253"/>
						<line branch="true" condition-coverage="50% (1/2)" hits="1" missing-branches="258" number="257"/>
						<line hits="0" number="258"/>
						<line hits="1" number="260"/>
						<line hits="1" number="262"/>
						<line hits="1" number="273"/>
						<line hits="1" number="274"/>
						<line branch="true" condition-coverage="100% (2/2)" hits="1" number="276"/>
						<line hits="1" number="281"/>
						<line hits="1" number="282"/>
						<line hits="1" number="283"/>
						<line hits="1" number="292"/>
						<line hits="1" number="293"/>
						<line hits="1" number="294"/>
						<line hits="1" number="295"/>
						<line hits="1" number="298"/>
						<line branch="true" condition-coverage="100% (2/2)" hits="1" number="299"/>
						<line hits="1" number="302"/>
						<line hits="1" number="303"/>
						<line hits="1" number="304"/>
						<line hits="1" number="305"/>
						<line hits="0" number="311"/>
						<line hits="0" number="312"/>
						<line branch="true" condition-coverage="50% (1/2)" hits="1" missing-branches="299" number="313"/>
						<line hits="1" number="314"/>
						<line branch="true" condition-coverage="100% (2/2)" hits="1" number="316"/>
						<line hits="1" number="317"/>
						<line hits="1" number="318"/>
						<line hits="1" number="319"/>
						<line hits="1" number="320"/>
						<line branch="true" condition-coverage="50% (1/2)" hits="1" missing-branches="334" number="326"/>
						<line hits="1" number="327"/>
						<line hits="1" number="334"/>
						<line branch="true" condition-coverage="50% (1/2)" hits="1" missing-branches="339" number="338"/>
						<line hits="0" number="339"/>
						<line hits="1" number="341"/>
						<line hits="1" number="349"/>
						<line branch="true" condition-coverage="100% (2/2)" hits="1" number="353"/>
						<line branch="true" condition-coverage="50% (1/2)" hits="1" missing-branches="355" number="354"/>
						<line hits="0" number="355"/>
						<line hits="0" number="356"/>
						<line hits="1" number="358"/>
						<line hits="1" number="359"/>
						<line hits="1" number="364"/>
						<line hits="1" number="366"/>
						<line hits="1" number="373"/>
						<line branch="true" condition-coverage="50% (1/2)" hits="1" missing-branches="381" number="375"/>
						<line hits="1" number="376"/>
						<line hits="1" number="381"/>
						<line hits="1" number="383"/>
						<line hits="1" number="390"/>
						<line hits="1" number="391"/>
						<line hits="1" number="393"/>
						<line hits="1" number="395"/>
						<line hits="1" number="402"/>
						<line hits="1" number="403"/>
						<line branch="true" condition-coverage="50% (1/2)" hits="1" missing-branches="412" number="404"/>
						<line hits="1" number="405"/>
						<line hits="1" number="406"/>
						<line hits="0" number="407"/>
						<line hits="0" number="408"/>
						<line hits="0" number="409"/>
						<line hits="1" number="412"/>
						<line hits="1" number="414"/>
						<line hits="1" number="416"/>
						<line hits="1" number="428"/>
						<line hits="1" number="430"/>
						<line hits="1" number="431"/>
						<line branch="true" condition-coverage="100% (2/2)" hits="1" number="433"/>
						<line hits="1" number="434"/>
						<line hits="1" number="435"/>
						<line hits="1" number="441"/>
						<line hits="1" number="443"/>
						<line hits="1" number="450"/>
						<line hits="1" number="451"/>
						<line branch="true" condition-coverage="100% (2/2)" hits="1" number="453"/>
						<line branch="true" condition-coverage="50% (1/2)" hits="1" missing-branches="455" number="454"/>
						<line hits="0" number="455"/>
						<line hits="0" number="456"/>
						<line hits="1" number="461"/>
						<line hits="1" number="463"/>
						<line hits="1" number="476"/>
						<line hits="1" number="477"/>
						<line hits="1" number="478"/>
						<line hits="1" number="479"/>
						<line hits="1" number="480"/>
						<line hits="1" number="481"/>
						<line hits="1" number="482"/>
						<line branch="true" condition-coverage="100% (2/2)" hits="1" number="484"/>
						<line hits="1" number="485"/>
						<line hits="1" number="488"/>
						<line hits="1" number="489"/>
						<line hits="1" number="490"/>
						<line hits="1" number="491"/>
						<line hits="1" number="492"/>
						<line hits="1" number="493"/>
						<line hits="1" number="494"/>
						<line hits="1" number="495"/>
						<line hits="1" number="500"/>
						<line hits="1" number="501"/>
						<line hits="1" number="507"/>
						<line hits="1" number="508"/>
						<line hits="1" number="513"/>
						<line hits="1" number="514"/>
						<line hits="1" number="520"/>
						<line hits="1" number="521"/>
						<line hits="1" number="526"/>
						<line hits="1" number="527"/>
						<line hits="1" number="533"/>
					</lines>
				</class>
				<class branch-rate="1" complexity="0" filename="src/ramstk/modules/validation/__init__.py" line-rate="1" name="__init__.py">
					<methods/>
					<lines/>
				</class>
			</classes>
		</package>
		<package branch-rate="0.06667" complexity="0" line-rate="0.2262" name="src.ramstk.statistics">
			<classes>
				<class branch-rate="0.06667" complexity="0" filename="src/ramstk/statistics/Bounds.py" line-rate="0.2262" name="Bounds.py">
					<methods/>
					<lines>
						<line hits="1" number="7"/>
						<line hits="1" number="18"/>
						<line hits="1" number="19"/>
						<line hits="1" number="20"/>
						<line hits="1" number="21"/>
						<line hits="1" number="23"/>
						<line hits="1" number="26"/>
						<line hits="0" number="44"/>
						<line hits="0" number="45"/>
						<line hits="0" number="46"/>
						<line hits="0" number="47"/>
						<line hits="0" number="49"/>
						<line hits="0" number="50"/>
						<line hits="0" number="52"/>
						<line hits="0" number="53"/>
						<line hits="0" number="55"/>
						<line hits="0" number="57"/>
						<line hits="0" number="61"/>
						<line hits="1" number="64"/>
						<line hits="0" number="82"/>
						<line branch="true" condition-coverage="0% (0/2)" hits="0" missing-branches="86,89" number="85"/>
						<line hits="0" number="86"/>
						<line hits="0" number="88"/>
						<line branch="true" condition-coverage="0% (0/2)" hits="0" missing-branches="90,95" number="89"/>
						<line hits="0" number="90"/>
						<line hits="0" number="93"/>
						<line hits="0" number="95"/>
						<line hits="0" number="99"/>
						<line hits="1" number="102"/>
						<line branch="true" condition-coverage="0% (0/2)" hits="0" missing-branches="118,119" number="117"/>
						<line hits="0" number="118"/>
						<line hits="0" number="119"/>
						<line branch="true" condition-coverage="0% (0/2)" hits="0" missing-branches="122,125" number="121"/>
						<line hits="0" number="122"/>
						<line hits="0" number="123"/>
						<line hits="0" number="125"/>
						<line hits="0" number="126"/>
						<line hits="0" number="128"/>
						<line hits="1" number="131"/>
						<line hits="0" number="160"/>
						<line hits="0" number="161"/>
						<line branch="true" condition-coverage="0% (0/2)" hits="0" missing-branches="165,167" number="164"/>
						<line hits="0" number="165"/>
						<line hits="0" number="167"/>
						<line hits="0" number="168"/>
						<line branch="true" condition-coverage="0% (0/2)" hits="0" missing-branches="171,187" number="170"/>
						<line branch="true" condition-coverage="0% (0/2)" hits="0" missing-branches="172,178" number="171"/>
						<line hits="0" number="172"/>
						<line hits="0" number="173"/>
						<line hits="0" number="175"/>
						<line hits="0" number="176"/>
						<line branch="true" condition-coverage="0% (0/2)" hits="0" missing-branches="179,211" number="178"/>
						<line hits="0" number="179"/>
						<line hits="0" number="180"/>
						<line hits="0" number="183"/>
						<line hits="0" number="184"/>
						<line branch="true" condition-coverage="0% (0/2)" hits="0" missing-branches="189,199" number="187"/>
						<line hits="0" number="189"/>
						<line hits="0" number="190"/>
						<line branch="true" condition-coverage="0% (0/2)" hits="0" missing-branches="193,195" number="192"/>
						<line hits="0" number="193"/>
						<line hits="0" number="194"/>
						<line branch="true" condition-coverage="0% (0/2)" hits="0" missing-branches="196,211" number="195"/>
						<line hits="0" number="196"/>
						<line hits="0" number="197"/>
						<line branch="true" condition-coverage="0% (0/2)" hits="0" missing-branches="201,211" number="199"/>
						<line hits="0" number="201"/>
						<line hits="0" number="202"/>
						<line branch="true" condition-coverage="0% (0/2)" hits="0" missing-branches="205,207" number="204"/>
						<line hits="0" number="205"/>
						<line hits="0" number="206"/>
						<line branch="true" condition-coverage="0% (0/2)" hits="0" missing-branches="208,211" number="207"/>
						<line hits="0" number="208"/>
						<line hits="0" number="209"/>
						<line hits="0" number="211"/>
						<line hits="1" number="214"/>
						<line branch="true" condition-coverage="100% (2/2)" hits="1" number="228"/>
						<line hits="1" number="229"/>
						<line hits="1" number="231"/>
						<line hits="1" number="233"/>
						<line hits="1" number="234"/>
						<line hits="1" number="236"/>
						<line hits="1" number="237"/>
						<line hits="1" number="239"/>
					</lines>
				</class>
				<class branch-rate="1" complexity="0" filename="src/ramstk/statistics/__init__.py" line-rate="1" name="__init__.py">
					<methods/>
					<lines/>
				</class>
			</classes>
		</package>
	</packages>
</coverage>
